mode: set
github.com/number571/go-peer/cmd/hidden_lake/applications/messenger/internal/config/config.go:50.68,51.55 1 1
github.com/number571/go-peer/cmd/hidden_lake/applications/messenger/internal/config/config.go:51.55,53.3 1 0
github.com/number571/go-peer/cmd/hidden_lake/applications/messenger/internal/config/config.go:55.2,56.42 2 1
github.com/number571/go-peer/cmd/hidden_lake/applications/messenger/internal/config/config.go:56.42,58.3 1 1
github.com/number571/go-peer/cmd/hidden_lake/applications/messenger/internal/config/config.go:60.2,60.85 1 1
github.com/number571/go-peer/cmd/hidden_lake/applications/messenger/internal/config/config.go:60.85,62.3 1 0
github.com/number571/go-peer/cmd/hidden_lake/applications/messenger/internal/config/config.go:64.2,64.18 1 1
github.com/number571/go-peer/cmd/hidden_lake/applications/messenger/internal/config/config.go:67.52,68.54 1 1
github.com/number571/go-peer/cmd/hidden_lake/applications/messenger/internal/config/config.go:68.54,70.3 1 1
github.com/number571/go-peer/cmd/hidden_lake/applications/messenger/internal/config/config.go:72.2,73.16 2 1
github.com/number571/go-peer/cmd/hidden_lake/applications/messenger/internal/config/config.go:73.16,75.3 1 0
github.com/number571/go-peer/cmd/hidden_lake/applications/messenger/internal/config/config.go:77.2,78.61 2 1
github.com/number571/go-peer/cmd/hidden_lake/applications/messenger/internal/config/config.go:78.61,80.3 1 1
github.com/number571/go-peer/cmd/hidden_lake/applications/messenger/internal/config/config.go:82.2,83.41 2 1
github.com/number571/go-peer/cmd/hidden_lake/applications/messenger/internal/config/config.go:83.41,85.3 1 0
github.com/number571/go-peer/cmd/hidden_lake/applications/messenger/internal/config/config.go:87.2,87.17 1 1
github.com/number571/go-peer/cmd/hidden_lake/applications/messenger/internal/config/config.go:90.49,92.2 1 1
github.com/number571/go-peer/cmd/hidden_lake/applications/messenger/internal/config/config.go:94.56,96.2 1 1
github.com/number571/go-peer/cmd/hidden_lake/applications/messenger/internal/config/config.go:98.52,100.2 1 0
github.com/number571/go-peer/cmd/hidden_lake/applications/messenger/internal/config/config.go:102.34,105.2 1 1
github.com/number571/go-peer/cmd/hidden_lake/applications/messenger/internal/config/config.go:107.38,108.24 1 1
github.com/number571/go-peer/cmd/hidden_lake/applications/messenger/internal/config/config.go:108.24,110.3 1 1
github.com/number571/go-peer/cmd/hidden_lake/applications/messenger/internal/config/config.go:112.2,112.23 1 1
github.com/number571/go-peer/cmd/hidden_lake/applications/messenger/internal/config/config.go:112.23,114.3 1 1
github.com/number571/go-peer/cmd/hidden_lake/applications/messenger/internal/config/config.go:116.2,116.18 1 1
github.com/number571/go-peer/cmd/hidden_lake/applications/messenger/internal/config/config.go:116.18,118.3 1 1
github.com/number571/go-peer/cmd/hidden_lake/applications/messenger/internal/config/config.go:120.2,120.40 1 1
github.com/number571/go-peer/cmd/hidden_lake/applications/messenger/internal/config/config.go:120.40,122.3 1 0
github.com/number571/go-peer/cmd/hidden_lake/applications/messenger/internal/config/config.go:124.2,124.41 1 1
github.com/number571/go-peer/cmd/hidden_lake/applications/messenger/internal/config/config.go:124.41,126.3 1 0
github.com/number571/go-peer/cmd/hidden_lake/applications/messenger/internal/config/config.go:128.2,128.12 1 1
github.com/number571/go-peer/cmd/hidden_lake/applications/messenger/internal/config/config.go:131.40,133.16 2 1
github.com/number571/go-peer/cmd/hidden_lake/applications/messenger/internal/config/config.go:133.16,135.3 1 0
github.com/number571/go-peer/cmd/hidden_lake/applications/messenger/internal/config/config.go:136.2,137.12 2 1
github.com/number571/go-peer/cmd/hidden_lake/applications/messenger/internal/config/config.go:140.39,150.31 3 1
github.com/number571/go-peer/cmd/hidden_lake/applications/messenger/internal/config/config.go:150.31,152.10 2 1
github.com/number571/go-peer/cmd/hidden_lake/applications/messenger/internal/config/config.go:152.10,154.4 1 0
github.com/number571/go-peer/cmd/hidden_lake/applications/messenger/internal/config/config.go:155.3,155.26 1 1
github.com/number571/go-peer/cmd/hidden_lake/applications/messenger/internal/config/config.go:158.2,159.12 2 1
github.com/number571/go-peer/cmd/hidden_lake/applications/messenger/internal/config/config.go:162.52,167.2 3 1
github.com/number571/go-peer/cmd/hidden_lake/applications/messenger/internal/config/config.go:169.35,171.2 1 1
github.com/number571/go-peer/cmd/hidden_lake/applications/messenger/internal/config/config.go:173.41,175.2 1 1
github.com/number571/go-peer/cmd/hidden_lake/applications/messenger/internal/config/config.go:177.42,179.2 1 1
github.com/number571/go-peer/cmd/hidden_lake/applications/messenger/internal/config/config.go:181.42,183.2 1 1
github.com/number571/go-peer/cmd/hidden_lake/applications/messenger/internal/config/config.go:185.42,187.2 1 1
github.com/number571/go-peer/cmd/hidden_lake/applications/messenger/internal/config/config.go:189.41,191.2 1 1
github.com/number571/go-peer/cmd/hidden_lake/applications/messenger/internal/config/config.go:193.38,195.2 1 1
github.com/number571/go-peer/cmd/hidden_lake/applications/messenger/internal/config/config.go:197.48,199.2 1 1
github.com/number571/go-peer/cmd/hidden_lake/applications/messenger/internal/config/config.go:201.35,203.2 1 1
github.com/number571/go-peer/cmd/hidden_lake/applications/messenger/internal/config/config.go:205.35,207.2 1 1
github.com/number571/go-peer/cmd/hidden_lake/applications/messenger/internal/config/config.go:209.35,211.2 1 1
github.com/number571/go-peer/cmd/hidden_lake/applications/messenger/internal/config/config.go:213.53,218.34 4 0
github.com/number571/go-peer/cmd/hidden_lake/applications/messenger/internal/config/config.go:218.34,220.3 1 0
github.com/number571/go-peer/cmd/hidden_lake/applications/messenger/internal/config/config.go:221.2,221.15 1 0
github.com/number571/go-peer/cmd/hidden_lake/applications/messenger/internal/config/editor.go:21.38,22.17 1 1
github.com/number571/go-peer/cmd/hidden_lake/applications/messenger/internal/config/editor.go:22.17,23.21 1 1
github.com/number571/go-peer/cmd/hidden_lake/applications/messenger/internal/config/editor.go:25.2,26.9 2 1
github.com/number571/go-peer/cmd/hidden_lake/applications/messenger/internal/config/editor.go:26.9,27.26 1 1
github.com/number571/go-peer/cmd/hidden_lake/applications/messenger/internal/config/editor.go:29.2,31.3 1 1
github.com/number571/go-peer/cmd/hidden_lake/applications/messenger/internal/config/editor.go:34.66,40.16 5 1
github.com/number571/go-peer/cmd/hidden_lake/applications/messenger/internal/config/editor.go:40.16,42.3 1 1
github.com/number571/go-peer/cmd/hidden_lake/applications/messenger/internal/config/editor.go:44.2,46.83 3 0
github.com/number571/go-peer/cmd/hidden_lake/applications/messenger/internal/config/editor.go:46.83,48.3 1 0
github.com/number571/go-peer/cmd/hidden_lake/applications/messenger/internal/config/editor.go:50.2,54.12 4 0
github.com/number571/go-peer/cmd/hidden_lake/applications/messenger/internal/config/editor.go:57.73,63.16 5 1
github.com/number571/go-peer/cmd/hidden_lake/applications/messenger/internal/config/editor.go:63.16,65.3 1 1
github.com/number571/go-peer/cmd/hidden_lake/applications/messenger/internal/config/editor.go:67.2,69.83 3 0
github.com/number571/go-peer/cmd/hidden_lake/applications/messenger/internal/config/editor.go:69.83,71.3 1 0
github.com/number571/go-peer/cmd/hidden_lake/applications/messenger/internal/config/editor.go:73.2,77.12 4 0
github.com/number571/go-peer/cmd/hidden_lake/applications/messenger/internal/config/init.go:12.68,13.53 1 1
github.com/number571/go-peer/cmd/hidden_lake/applications/messenger/internal/config/init.go:13.53,15.3 1 1
github.com/number571/go-peer/cmd/hidden_lake/applications/messenger/internal/config/init.go:16.2,16.20 1 1
github.com/number571/go-peer/cmd/hidden_lake/applications/messenger/internal/config/init.go:16.20,30.3 1 1
github.com/number571/go-peer/cmd/hidden_lake/applications/messenger/internal/config/init.go:31.2,31.38 1 1
github.com/number571/go-peer/cmd/hidden_lake/applications/messenger/internal/config/wrapper.go:12.40,17.2 1 1
github.com/number571/go-peer/cmd/hidden_lake/applications/messenger/internal/config/wrapper.go:19.40,21.2 1 1
github.com/number571/go-peer/cmd/hidden_lake/applications/messenger/internal/config/wrapper.go:23.40,25.2 1 1
github.com/number571/go-peer/cmd/hidden_lake/applications/messenger/internal/chat_queue/chat_queue.go:19.41,24.2 1 1
github.com/number571/go-peer/cmd/hidden_lake/applications/messenger/internal/chat_queue/chat_queue.go:26.29,34.2 5 1
github.com/number571/go-peer/cmd/hidden_lake/applications/messenger/internal/chat_queue/chat_queue.go:36.58,37.15 1 1
github.com/number571/go-peer/cmd/hidden_lake/applications/messenger/internal/chat_queue/chat_queue.go:37.15,41.3 3 1
github.com/number571/go-peer/cmd/hidden_lake/applications/messenger/internal/chat_queue/chat_queue.go:43.2,48.16 5 1
github.com/number571/go-peer/cmd/hidden_lake/applications/messenger/internal/chat_queue/chat_queue.go:51.42,55.31 3 1
github.com/number571/go-peer/cmd/hidden_lake/applications/messenger/internal/chat_queue/chat_queue.go:55.31,57.3 1 0
github.com/number571/go-peer/cmd/hidden_lake/applications/messenger/internal/chat_queue/chat_queue.go:60.2,60.30 1 1
github.com/number571/go-peer/cmd/hidden_lake/applications/messenger/internal/chat_queue/chat_queue.go:60.30,62.3 1 0
github.com/number571/go-peer/cmd/hidden_lake/applications/messenger/internal/chat_queue/chat_queue.go:64.2,64.17 1 1
github.com/number571/go-peer/cmd/hidden_lake/applications/messenger/internal/utils/utils.go:23.13,25.74 2 1
github.com/number571/go-peer/cmd/hidden_lake/applications/messenger/internal/utils/utils.go:25.74,26.13 1 0
github.com/number571/go-peer/cmd/hidden_lake/applications/messenger/internal/utils/utils.go:29.2,30.62 2 1
github.com/number571/go-peer/cmd/hidden_lake/applications/messenger/internal/utils/utils.go:30.62,31.13 1 0
github.com/number571/go-peer/cmd/hidden_lake/applications/messenger/internal/utils/utils.go:34.2,36.43 2 1
github.com/number571/go-peer/cmd/hidden_lake/applications/messenger/internal/utils/utils.go:36.43,38.3 1 1
github.com/number571/go-peer/cmd/hidden_lake/applications/messenger/internal/utils/utils.go:39.2,39.37 1 1
github.com/number571/go-peer/cmd/hidden_lake/applications/messenger/internal/utils/utils.go:39.37,41.3 1 1
github.com/number571/go-peer/cmd/hidden_lake/applications/messenger/internal/utils/utils.go:43.2,43.55 1 1
github.com/number571/go-peer/cmd/hidden_lake/applications/messenger/internal/utils/utils.go:46.43,48.2 1 0
github.com/number571/go-peer/cmd/hidden_lake/applications/messenger/internal/utils/utils.go:50.47,51.23 1 0
github.com/number571/go-peer/cmd/hidden_lake/applications/messenger/internal/utils/utils.go:51.23,52.28 1 0
github.com/number571/go-peer/cmd/hidden_lake/applications/messenger/internal/utils/utils.go:52.28,54.4 1 0
github.com/number571/go-peer/cmd/hidden_lake/applications/messenger/internal/utils/utils.go:56.2,56.14 1 0
github.com/number571/go-peer/cmd/hidden_lake/applications/messenger/web/web.go:34.28,35.19 1 0
github.com/number571/go-peer/cmd/hidden_lake/applications/messenger/web/web.go:35.19,37.3 1 0
github.com/number571/go-peer/cmd/hidden_lake/applications/messenger/web/web.go:38.2,39.16 2 0
github.com/number571/go-peer/cmd/hidden_lake/applications/messenger/web/web.go:39.16,40.13 1 0
github.com/number571/go-peer/cmd/hidden_lake/applications/messenger/web/web.go:42.2,42.13 1 0
github.com/number571/go-peer/cmd/hidden_lake/applications/messenger/web/web.go:45.30,46.19 1 0
github.com/number571/go-peer/cmd/hidden_lake/applications/messenger/web/web.go:46.19,48.3 1 0
github.com/number571/go-peer/cmd/hidden_lake/applications/messenger/web/web.go:49.2,50.16 2 0
github.com/number571/go-peer/cmd/hidden_lake/applications/messenger/web/web.go:50.16,51.13 1 0
github.com/number571/go-peer/cmd/hidden_lake/applications/messenger/web/web.go:53.2,53.13 1 0
github.com/number571/go-peer/cmd/hidden_lake/applications/messenger/internal/database/database.go:18.70,20.16 2 1
github.com/number571/go-peer/cmd/hidden_lake/applications/messenger/internal/database/database.go:20.16,22.3 1 0
github.com/number571/go-peer/cmd/hidden_lake/applications/messenger/internal/database/database.go:23.2,25.8 1 1
github.com/number571/go-peer/cmd/hidden_lake/applications/messenger/internal/database/database.go:28.49,33.2 3 1
github.com/number571/go-peer/cmd/hidden_lake/applications/messenger/internal/database/database.go:35.83,39.19 3 1
github.com/number571/go-peer/cmd/hidden_lake/applications/messenger/internal/database/database.go:39.19,41.3 1 0
github.com/number571/go-peer/cmd/hidden_lake/applications/messenger/internal/database/database.go:43.2,44.17 2 1
github.com/number571/go-peer/cmd/hidden_lake/applications/messenger/internal/database/database.go:44.17,46.3 1 0
github.com/number571/go-peer/cmd/hidden_lake/applications/messenger/internal/database/database.go:48.2,49.33 2 1
github.com/number571/go-peer/cmd/hidden_lake/applications/messenger/internal/database/database.go:49.33,51.17 2 1
github.com/number571/go-peer/cmd/hidden_lake/applications/messenger/internal/database/database.go:51.17,53.4 1 0
github.com/number571/go-peer/cmd/hidden_lake/applications/messenger/internal/database/database.go:54.3,55.17 2 1
github.com/number571/go-peer/cmd/hidden_lake/applications/messenger/internal/database/database.go:55.17,57.4 1 0
github.com/number571/go-peer/cmd/hidden_lake/applications/messenger/internal/database/database.go:58.3,58.25 1 1
github.com/number571/go-peer/cmd/hidden_lake/applications/messenger/internal/database/database.go:61.2,61.17 1 1
github.com/number571/go-peer/cmd/hidden_lake/applications/messenger/internal/database/database.go:64.63,70.66 5 1
github.com/number571/go-peer/cmd/hidden_lake/applications/messenger/internal/database/database.go:70.66,72.3 1 0
github.com/number571/go-peer/cmd/hidden_lake/applications/messenger/internal/database/database.go:74.2,74.84 1 1
github.com/number571/go-peer/cmd/hidden_lake/applications/messenger/internal/database/database.go:74.84,76.3 1 0
github.com/number571/go-peer/cmd/hidden_lake/applications/messenger/internal/database/database.go:78.2,78.12 1 1
github.com/number571/go-peer/cmd/hidden_lake/applications/messenger/internal/database/database.go:81.37,85.41 3 1
github.com/number571/go-peer/cmd/hidden_lake/applications/messenger/internal/database/database.go:85.41,87.3 1 0
github.com/number571/go-peer/cmd/hidden_lake/applications/messenger/internal/database/database.go:88.2,88.12 1 1
github.com/number571/go-peer/cmd/hidden_lake/applications/messenger/internal/database/database.go:91.52,93.16 2 1
github.com/number571/go-peer/cmd/hidden_lake/applications/messenger/internal/database/database.go:93.16,95.3 1 1
github.com/number571/go-peer/cmd/hidden_lake/applications/messenger/internal/database/database.go:97.2,99.36 3 1
github.com/number571/go-peer/cmd/hidden_lake/applications/messenger/internal/database/keys.go:12.38,18.2 1 1
github.com/number571/go-peer/cmd/hidden_lake/applications/messenger/internal/database/keys.go:20.58,27.2 1 1
github.com/number571/go-peer/cmd/hidden_lake/applications/messenger/internal/database/message.go:28.79,29.37 1 1
github.com/number571/go-peer/cmd/hidden_lake/applications/messenger/internal/database/message.go:29.37,30.43 1 0
github.com/number571/go-peer/cmd/hidden_lake/applications/messenger/internal/database/message.go:32.2,37.3 1 1
github.com/number571/go-peer/cmd/hidden_lake/applications/messenger/internal/database/message.go:40.45,41.73 1 1
github.com/number571/go-peer/cmd/hidden_lake/applications/messenger/internal/database/message.go:41.73,43.3 1 0
github.com/number571/go-peer/cmd/hidden_lake/applications/messenger/internal/database/message.go:45.2,46.23 2 1
github.com/number571/go-peer/cmd/hidden_lake/applications/messenger/internal/database/message.go:46.23,48.3 1 1
github.com/number571/go-peer/cmd/hidden_lake/applications/messenger/internal/database/message.go:50.2,58.3 3 1
github.com/number571/go-peer/cmd/hidden_lake/applications/messenger/internal/database/message.go:61.41,63.2 1 1
github.com/number571/go-peer/cmd/hidden_lake/applications/messenger/internal/database/message.go:65.38,67.2 1 1
github.com/number571/go-peer/cmd/hidden_lake/applications/messenger/internal/database/message.go:69.40,71.2 1 1
github.com/number571/go-peer/cmd/hidden_lake/applications/messenger/internal/database/message.go:73.42,75.2 1 0
github.com/number571/go-peer/cmd/hidden_lake/applications/messenger/internal/database/message.go:77.37,79.19 2 1
github.com/number571/go-peer/cmd/hidden_lake/applications/messenger/internal/database/message.go:79.19,81.3 1 1
github.com/number571/go-peer/cmd/hidden_lake/applications/messenger/internal/database/message.go:82.2,91.3 2 1
github.com/number571/go-peer/cmd/hidden_lake/applications/messenger/internal/database/relation.go:14.62,19.2 1 1
github.com/number571/go-peer/cmd/hidden_lake/applications/messenger/internal/database/relation.go:21.46,23.2 1 1
github.com/number571/go-peer/cmd/hidden_lake/applications/messenger/internal/database/relation.go:25.49,27.2 1 1
github.com/number571/go-peer/cmd/hidden_lake/applications/messenger/internal/request/request.go:12.103,21.2 2 0
github.com/number571/go-peer/cmd/hidden_lake/service/pkg/request/request.go:21.56,27.2 1 0
github.com/number571/go-peer/cmd/hidden_lake/service/pkg/request/request.go:29.55,31.27 2 0
github.com/number571/go-peer/cmd/hidden_lake/service/pkg/request/request.go:32.14,33.62 1 0
github.com/number571/go-peer/cmd/hidden_lake/service/pkg/request/request.go:33.62,35.4 1 0
github.com/number571/go-peer/cmd/hidden_lake/service/pkg/request/request.go:36.3,36.22 1 0
github.com/number571/go-peer/cmd/hidden_lake/service/pkg/request/request.go:37.14,38.32 1 0
github.com/number571/go-peer/cmd/hidden_lake/service/pkg/request/request.go:39.10,40.30 1 0
github.com/number571/go-peer/cmd/hidden_lake/service/pkg/request/request.go:44.37,46.2 1 0
github.com/number571/go-peer/cmd/hidden_lake/service/pkg/request/request.go:48.38,50.2 1 0
github.com/number571/go-peer/cmd/hidden_lake/service/pkg/request/request.go:52.63,54.26 2 0
github.com/number571/go-peer/cmd/hidden_lake/service/pkg/request/request.go:54.26,56.3 1 0
github.com/number571/go-peer/cmd/hidden_lake/service/pkg/request/request.go:57.2,57.10 1 0
github.com/number571/go-peer/cmd/hidden_lake/service/pkg/request/request.go:60.52,63.2 2 0
github.com/number571/go-peer/cmd/hidden_lake/service/pkg/request/request.go:65.37,67.2 1 0
github.com/number571/go-peer/cmd/hidden_lake/service/pkg/request/request.go:69.37,71.2 1 0
github.com/number571/go-peer/cmd/hidden_lake/service/pkg/request/request.go:73.39,75.2 1 0
github.com/number571/go-peer/cmd/hidden_lake/service/pkg/request/request.go:77.48,79.28 2 0
github.com/number571/go-peer/cmd/hidden_lake/service/pkg/request/request.go:79.28,81.3 1 0
github.com/number571/go-peer/cmd/hidden_lake/service/pkg/request/request.go:82.2,82.16 1 0
github.com/number571/go-peer/cmd/hidden_lake/service/pkg/request/request.go:85.37,87.2 1 0
github.com/number571/go-peer/cmd/hidden_lake/applications/messenger/internal/utils/utils.go:23.13,25.74 2 1
github.com/number571/go-peer/cmd/hidden_lake/applications/messenger/internal/utils/utils.go:25.74,26.13 1 0
github.com/number571/go-peer/cmd/hidden_lake/applications/messenger/internal/utils/utils.go:29.2,30.62 2 1
github.com/number571/go-peer/cmd/hidden_lake/applications/messenger/internal/utils/utils.go:30.62,31.13 1 0
github.com/number571/go-peer/cmd/hidden_lake/applications/messenger/internal/utils/utils.go:34.2,36.43 2 1
github.com/number571/go-peer/cmd/hidden_lake/applications/messenger/internal/utils/utils.go:36.43,38.3 1 1
github.com/number571/go-peer/cmd/hidden_lake/applications/messenger/internal/utils/utils.go:39.2,39.37 1 1
github.com/number571/go-peer/cmd/hidden_lake/applications/messenger/internal/utils/utils.go:39.37,41.3 1 1
github.com/number571/go-peer/cmd/hidden_lake/applications/messenger/internal/utils/utils.go:43.2,43.55 1 1
github.com/number571/go-peer/cmd/hidden_lake/applications/messenger/internal/utils/utils.go:46.43,48.2 1 0
github.com/number571/go-peer/cmd/hidden_lake/applications/messenger/internal/utils/utils.go:50.47,51.23 1 0
github.com/number571/go-peer/cmd/hidden_lake/applications/messenger/internal/utils/utils.go:51.23,52.28 1 0
github.com/number571/go-peer/cmd/hidden_lake/applications/messenger/internal/utils/utils.go:52.28,54.4 1 0
github.com/number571/go-peer/cmd/hidden_lake/applications/messenger/internal/utils/utils.go:56.2,56.14 1 0
github.com/number571/go-peer/cmd/hidden_lake/applications/messenger/web/web.go:34.28,35.19 1 0
github.com/number571/go-peer/cmd/hidden_lake/applications/messenger/web/web.go:35.19,37.3 1 0
github.com/number571/go-peer/cmd/hidden_lake/applications/messenger/web/web.go:38.2,39.16 2 0
github.com/number571/go-peer/cmd/hidden_lake/applications/messenger/web/web.go:39.16,40.13 1 0
github.com/number571/go-peer/cmd/hidden_lake/applications/messenger/web/web.go:42.2,42.13 1 0
github.com/number571/go-peer/cmd/hidden_lake/applications/messenger/web/web.go:45.30,46.19 1 0
github.com/number571/go-peer/cmd/hidden_lake/applications/messenger/web/web.go:46.19,48.3 1 0
github.com/number571/go-peer/cmd/hidden_lake/applications/messenger/web/web.go:49.2,50.16 2 0
github.com/number571/go-peer/cmd/hidden_lake/applications/messenger/web/web.go:50.16,51.13 1 0
github.com/number571/go-peer/cmd/hidden_lake/applications/messenger/web/web.go:53.2,53.13 1 0
github.com/number571/go-peer/cmd/hidden_lake/applications/messenger/internal/chat_queue/chat_queue.go:19.41,24.2 1 1
github.com/number571/go-peer/cmd/hidden_lake/applications/messenger/internal/chat_queue/chat_queue.go:26.29,34.2 5 0
github.com/number571/go-peer/cmd/hidden_lake/applications/messenger/internal/chat_queue/chat_queue.go:36.58,37.15 1 0
github.com/number571/go-peer/cmd/hidden_lake/applications/messenger/internal/chat_queue/chat_queue.go:37.15,41.3 3 0
github.com/number571/go-peer/cmd/hidden_lake/applications/messenger/internal/chat_queue/chat_queue.go:43.2,48.16 5 0
github.com/number571/go-peer/cmd/hidden_lake/applications/messenger/internal/chat_queue/chat_queue.go:51.42,55.31 3 0
github.com/number571/go-peer/cmd/hidden_lake/applications/messenger/internal/chat_queue/chat_queue.go:55.31,57.3 1 0
github.com/number571/go-peer/cmd/hidden_lake/applications/messenger/internal/chat_queue/chat_queue.go:60.2,60.30 1 0
github.com/number571/go-peer/cmd/hidden_lake/applications/messenger/internal/chat_queue/chat_queue.go:60.30,62.3 1 0
github.com/number571/go-peer/cmd/hidden_lake/applications/messenger/internal/chat_queue/chat_queue.go:64.2,64.17 1 0
github.com/number571/go-peer/cmd/hidden_lake/applications/messenger/internal/config/config.go:50.68,51.55 1 0
github.com/number571/go-peer/cmd/hidden_lake/applications/messenger/internal/config/config.go:51.55,53.3 1 0
github.com/number571/go-peer/cmd/hidden_lake/applications/messenger/internal/config/config.go:55.2,56.42 2 0
github.com/number571/go-peer/cmd/hidden_lake/applications/messenger/internal/config/config.go:56.42,58.3 1 0
github.com/number571/go-peer/cmd/hidden_lake/applications/messenger/internal/config/config.go:60.2,60.85 1 0
github.com/number571/go-peer/cmd/hidden_lake/applications/messenger/internal/config/config.go:60.85,62.3 1 0
github.com/number571/go-peer/cmd/hidden_lake/applications/messenger/internal/config/config.go:64.2,64.18 1 0
github.com/number571/go-peer/cmd/hidden_lake/applications/messenger/internal/config/config.go:67.52,68.54 1 0
github.com/number571/go-peer/cmd/hidden_lake/applications/messenger/internal/config/config.go:68.54,70.3 1 0
github.com/number571/go-peer/cmd/hidden_lake/applications/messenger/internal/config/config.go:72.2,73.16 2 0
github.com/number571/go-peer/cmd/hidden_lake/applications/messenger/internal/config/config.go:73.16,75.3 1 0
github.com/number571/go-peer/cmd/hidden_lake/applications/messenger/internal/config/config.go:77.2,78.61 2 0
github.com/number571/go-peer/cmd/hidden_lake/applications/messenger/internal/config/config.go:78.61,80.3 1 0
github.com/number571/go-peer/cmd/hidden_lake/applications/messenger/internal/config/config.go:82.2,83.41 2 0
github.com/number571/go-peer/cmd/hidden_lake/applications/messenger/internal/config/config.go:83.41,85.3 1 0
github.com/number571/go-peer/cmd/hidden_lake/applications/messenger/internal/config/config.go:87.2,87.17 1 0
github.com/number571/go-peer/cmd/hidden_lake/applications/messenger/internal/config/config.go:90.49,92.2 1 0
github.com/number571/go-peer/cmd/hidden_lake/applications/messenger/internal/config/config.go:94.56,96.2 1 0
github.com/number571/go-peer/cmd/hidden_lake/applications/messenger/internal/config/config.go:98.52,100.2 1 0
github.com/number571/go-peer/cmd/hidden_lake/applications/messenger/internal/config/config.go:102.34,105.2 1 0
github.com/number571/go-peer/cmd/hidden_lake/applications/messenger/internal/config/config.go:107.38,108.24 1 0
github.com/number571/go-peer/cmd/hidden_lake/applications/messenger/internal/config/config.go:108.24,110.3 1 0
github.com/number571/go-peer/cmd/hidden_lake/applications/messenger/internal/config/config.go:112.2,112.23 1 0
github.com/number571/go-peer/cmd/hidden_lake/applications/messenger/internal/config/config.go:112.23,114.3 1 0
github.com/number571/go-peer/cmd/hidden_lake/applications/messenger/internal/config/config.go:116.2,116.18 1 0
github.com/number571/go-peer/cmd/hidden_lake/applications/messenger/internal/config/config.go:116.18,118.3 1 0
github.com/number571/go-peer/cmd/hidden_lake/applications/messenger/internal/config/config.go:120.2,120.40 1 0
github.com/number571/go-peer/cmd/hidden_lake/applications/messenger/internal/config/config.go:120.40,122.3 1 0
github.com/number571/go-peer/cmd/hidden_lake/applications/messenger/internal/config/config.go:124.2,124.41 1 0
github.com/number571/go-peer/cmd/hidden_lake/applications/messenger/internal/config/config.go:124.41,126.3 1 0
github.com/number571/go-peer/cmd/hidden_lake/applications/messenger/internal/config/config.go:128.2,128.12 1 0
github.com/number571/go-peer/cmd/hidden_lake/applications/messenger/internal/config/config.go:131.40,133.16 2 0
github.com/number571/go-peer/cmd/hidden_lake/applications/messenger/internal/config/config.go:133.16,135.3 1 0
github.com/number571/go-peer/cmd/hidden_lake/applications/messenger/internal/config/config.go:136.2,137.12 2 0
github.com/number571/go-peer/cmd/hidden_lake/applications/messenger/internal/config/config.go:140.39,150.31 3 0
github.com/number571/go-peer/cmd/hidden_lake/applications/messenger/internal/config/config.go:150.31,152.10 2 0
github.com/number571/go-peer/cmd/hidden_lake/applications/messenger/internal/config/config.go:152.10,154.4 1 0
github.com/number571/go-peer/cmd/hidden_lake/applications/messenger/internal/config/config.go:155.3,155.26 1 0
github.com/number571/go-peer/cmd/hidden_lake/applications/messenger/internal/config/config.go:158.2,159.12 2 0
github.com/number571/go-peer/cmd/hidden_lake/applications/messenger/internal/config/config.go:162.52,167.2 3 0
github.com/number571/go-peer/cmd/hidden_lake/applications/messenger/internal/config/config.go:169.35,171.2 1 0
github.com/number571/go-peer/cmd/hidden_lake/applications/messenger/internal/config/config.go:173.41,175.2 1 0
github.com/number571/go-peer/cmd/hidden_lake/applications/messenger/internal/config/config.go:177.42,179.2 1 0
github.com/number571/go-peer/cmd/hidden_lake/applications/messenger/internal/config/config.go:181.42,183.2 1 0
github.com/number571/go-peer/cmd/hidden_lake/applications/messenger/internal/config/config.go:185.42,187.2 1 0
github.com/number571/go-peer/cmd/hidden_lake/applications/messenger/internal/config/config.go:189.41,191.2 1 0
github.com/number571/go-peer/cmd/hidden_lake/applications/messenger/internal/config/config.go:193.38,195.2 1 0
github.com/number571/go-peer/cmd/hidden_lake/applications/messenger/internal/config/config.go:197.48,199.2 1 0
github.com/number571/go-peer/cmd/hidden_lake/applications/messenger/internal/config/config.go:201.35,203.2 1 0
github.com/number571/go-peer/cmd/hidden_lake/applications/messenger/internal/config/config.go:205.35,207.2 1 0
github.com/number571/go-peer/cmd/hidden_lake/applications/messenger/internal/config/config.go:209.35,211.2 1 0
github.com/number571/go-peer/cmd/hidden_lake/applications/messenger/internal/config/config.go:213.53,218.34 4 0
github.com/number571/go-peer/cmd/hidden_lake/applications/messenger/internal/config/config.go:218.34,220.3 1 0
github.com/number571/go-peer/cmd/hidden_lake/applications/messenger/internal/config/config.go:221.2,221.15 1 0
github.com/number571/go-peer/cmd/hidden_lake/applications/messenger/internal/config/editor.go:21.38,22.17 1 0
github.com/number571/go-peer/cmd/hidden_lake/applications/messenger/internal/config/editor.go:22.17,23.21 1 0
github.com/number571/go-peer/cmd/hidden_lake/applications/messenger/internal/config/editor.go:25.2,26.9 2 0
github.com/number571/go-peer/cmd/hidden_lake/applications/messenger/internal/config/editor.go:26.9,27.26 1 0
github.com/number571/go-peer/cmd/hidden_lake/applications/messenger/internal/config/editor.go:29.2,31.3 1 0
github.com/number571/go-peer/cmd/hidden_lake/applications/messenger/internal/config/editor.go:34.66,40.16 5 0
github.com/number571/go-peer/cmd/hidden_lake/applications/messenger/internal/config/editor.go:40.16,42.3 1 0
github.com/number571/go-peer/cmd/hidden_lake/applications/messenger/internal/config/editor.go:44.2,46.83 3 0
github.com/number571/go-peer/cmd/hidden_lake/applications/messenger/internal/config/editor.go:46.83,48.3 1 0
github.com/number571/go-peer/cmd/hidden_lake/applications/messenger/internal/config/editor.go:50.2,54.12 4 0
github.com/number571/go-peer/cmd/hidden_lake/applications/messenger/internal/config/editor.go:57.73,63.16 5 0
github.com/number571/go-peer/cmd/hidden_lake/applications/messenger/internal/config/editor.go:63.16,65.3 1 0
github.com/number571/go-peer/cmd/hidden_lake/applications/messenger/internal/config/editor.go:67.2,69.83 3 0
github.com/number571/go-peer/cmd/hidden_lake/applications/messenger/internal/config/editor.go:69.83,71.3 1 0
github.com/number571/go-peer/cmd/hidden_lake/applications/messenger/internal/config/editor.go:73.2,77.12 4 0
github.com/number571/go-peer/cmd/hidden_lake/applications/messenger/internal/config/init.go:12.68,13.53 1 0
github.com/number571/go-peer/cmd/hidden_lake/applications/messenger/internal/config/init.go:13.53,15.3 1 0
github.com/number571/go-peer/cmd/hidden_lake/applications/messenger/internal/config/init.go:16.2,16.20 1 0
github.com/number571/go-peer/cmd/hidden_lake/applications/messenger/internal/config/init.go:16.20,30.3 1 0
github.com/number571/go-peer/cmd/hidden_lake/applications/messenger/internal/config/init.go:31.2,31.38 1 0
github.com/number571/go-peer/cmd/hidden_lake/applications/messenger/internal/config/wrapper.go:12.40,17.2 1 0
github.com/number571/go-peer/cmd/hidden_lake/applications/messenger/internal/config/wrapper.go:19.40,21.2 1 0
github.com/number571/go-peer/cmd/hidden_lake/applications/messenger/internal/config/wrapper.go:23.40,25.2 1 0
github.com/number571/go-peer/cmd/hidden_lake/applications/messenger/internal/database/database.go:18.70,20.16 2 0
github.com/number571/go-peer/cmd/hidden_lake/applications/messenger/internal/database/database.go:20.16,22.3 1 0
github.com/number571/go-peer/cmd/hidden_lake/applications/messenger/internal/database/database.go:23.2,25.8 1 0
github.com/number571/go-peer/cmd/hidden_lake/applications/messenger/internal/database/database.go:28.49,33.2 3 0
github.com/number571/go-peer/cmd/hidden_lake/applications/messenger/internal/database/database.go:35.83,39.19 3 0
github.com/number571/go-peer/cmd/hidden_lake/applications/messenger/internal/database/database.go:39.19,41.3 1 0
github.com/number571/go-peer/cmd/hidden_lake/applications/messenger/internal/database/database.go:43.2,44.17 2 0
github.com/number571/go-peer/cmd/hidden_lake/applications/messenger/internal/database/database.go:44.17,46.3 1 0
github.com/number571/go-peer/cmd/hidden_lake/applications/messenger/internal/database/database.go:48.2,49.33 2 0
github.com/number571/go-peer/cmd/hidden_lake/applications/messenger/internal/database/database.go:49.33,51.17 2 0
github.com/number571/go-peer/cmd/hidden_lake/applications/messenger/internal/database/database.go:51.17,53.4 1 0
github.com/number571/go-peer/cmd/hidden_lake/applications/messenger/internal/database/database.go:54.3,55.17 2 0
github.com/number571/go-peer/cmd/hidden_lake/applications/messenger/internal/database/database.go:55.17,57.4 1 0
github.com/number571/go-peer/cmd/hidden_lake/applications/messenger/internal/database/database.go:58.3,58.25 1 0
github.com/number571/go-peer/cmd/hidden_lake/applications/messenger/internal/database/database.go:61.2,61.17 1 0
github.com/number571/go-peer/cmd/hidden_lake/applications/messenger/internal/database/database.go:64.63,70.66 5 0
github.com/number571/go-peer/cmd/hidden_lake/applications/messenger/internal/database/database.go:70.66,72.3 1 0
github.com/number571/go-peer/cmd/hidden_lake/applications/messenger/internal/database/database.go:74.2,74.84 1 0
github.com/number571/go-peer/cmd/hidden_lake/applications/messenger/internal/database/database.go:74.84,76.3 1 0
github.com/number571/go-peer/cmd/hidden_lake/applications/messenger/internal/database/database.go:78.2,78.12 1 0
github.com/number571/go-peer/cmd/hidden_lake/applications/messenger/internal/database/database.go:81.37,85.41 3 0
github.com/number571/go-peer/cmd/hidden_lake/applications/messenger/internal/database/database.go:85.41,87.3 1 0
github.com/number571/go-peer/cmd/hidden_lake/applications/messenger/internal/database/database.go:88.2,88.12 1 0
github.com/number571/go-peer/cmd/hidden_lake/applications/messenger/internal/database/database.go:91.52,93.16 2 0
github.com/number571/go-peer/cmd/hidden_lake/applications/messenger/internal/database/database.go:93.16,95.3 1 0
github.com/number571/go-peer/cmd/hidden_lake/applications/messenger/internal/database/database.go:97.2,99.36 3 0
github.com/number571/go-peer/cmd/hidden_lake/applications/messenger/internal/database/keys.go:12.38,18.2 1 0
github.com/number571/go-peer/cmd/hidden_lake/applications/messenger/internal/database/keys.go:20.58,27.2 1 0
github.com/number571/go-peer/cmd/hidden_lake/applications/messenger/internal/database/message.go:28.79,29.37 1 0
github.com/number571/go-peer/cmd/hidden_lake/applications/messenger/internal/database/message.go:29.37,30.43 1 0
github.com/number571/go-peer/cmd/hidden_lake/applications/messenger/internal/database/message.go:32.2,37.3 1 0
github.com/number571/go-peer/cmd/hidden_lake/applications/messenger/internal/database/message.go:40.45,41.73 1 0
github.com/number571/go-peer/cmd/hidden_lake/applications/messenger/internal/database/message.go:41.73,43.3 1 0
github.com/number571/go-peer/cmd/hidden_lake/applications/messenger/internal/database/message.go:45.2,46.23 2 0
github.com/number571/go-peer/cmd/hidden_lake/applications/messenger/internal/database/message.go:46.23,48.3 1 0
github.com/number571/go-peer/cmd/hidden_lake/applications/messenger/internal/database/message.go:50.2,58.3 3 0
github.com/number571/go-peer/cmd/hidden_lake/applications/messenger/internal/database/message.go:61.41,63.2 1 0
github.com/number571/go-peer/cmd/hidden_lake/applications/messenger/internal/database/message.go:65.38,67.2 1 0
github.com/number571/go-peer/cmd/hidden_lake/applications/messenger/internal/database/message.go:69.40,71.2 1 0
github.com/number571/go-peer/cmd/hidden_lake/applications/messenger/internal/database/message.go:73.42,75.2 1 0
github.com/number571/go-peer/cmd/hidden_lake/applications/messenger/internal/database/message.go:77.37,79.19 2 0
github.com/number571/go-peer/cmd/hidden_lake/applications/messenger/internal/database/message.go:79.19,81.3 1 0
github.com/number571/go-peer/cmd/hidden_lake/applications/messenger/internal/database/message.go:82.2,91.3 2 0
github.com/number571/go-peer/cmd/hidden_lake/applications/messenger/internal/database/relation.go:14.62,19.2 1 0
github.com/number571/go-peer/cmd/hidden_lake/applications/messenger/internal/database/relation.go:21.46,23.2 1 0
github.com/number571/go-peer/cmd/hidden_lake/applications/messenger/internal/database/relation.go:25.49,27.2 1 0
github.com/number571/go-peer/cmd/hidden_lake/applications/messenger/internal/handler/about.go:15.78,16.56 1 0
github.com/number571/go-peer/cmd/hidden_lake/applications/messenger/internal/handler/about.go:16.56,19.30 2 0
github.com/number571/go-peer/cmd/hidden_lake/applications/messenger/internal/handler/about.go:19.30,22.4 2 0
github.com/number571/go-peer/cmd/hidden_lake/applications/messenger/internal/handler/about.go:24.3,29.17 2 0
github.com/number571/go-peer/cmd/hidden_lake/applications/messenger/internal/handler/about.go:29.17,30.34 1 0
github.com/number571/go-peer/cmd/hidden_lake/applications/messenger/internal/handler/about.go:33.3,34.35 2 0
github.com/number571/go-peer/cmd/hidden_lake/applications/messenger/internal/handler/chat_ws.go:12.41,16.63 3 0
github.com/number571/go-peer/cmd/hidden_lake/applications/messenger/internal/handler/chat_ws.go:16.63,18.3 1 0
github.com/number571/go-peer/cmd/hidden_lake/applications/messenger/internal/handler/chat_ws.go:20.2,21.6 2 0
github.com/number571/go-peer/cmd/hidden_lake/applications/messenger/internal/handler/chat_ws.go:21.6,23.10 2 0
github.com/number571/go-peer/cmd/hidden_lake/applications/messenger/internal/handler/chat_ws.go:23.10,25.4 1 0
github.com/number571/go-peer/cmd/hidden_lake/applications/messenger/internal/handler/chat_ws.go:26.3,26.55 1 0
github.com/number571/go-peer/cmd/hidden_lake/applications/messenger/internal/handler/chat_ws.go:26.55,28.4 1 0
github.com/number571/go-peer/cmd/hidden_lake/applications/messenger/internal/handler/data_type.go:12.33,13.22 1 0
github.com/number571/go-peer/cmd/hidden_lake/applications/messenger/internal/handler/data_type.go:13.22,15.3 1 0
github.com/number571/go-peer/cmd/hidden_lake/applications/messenger/internal/handler/data_type.go:16.2,16.42 1 0
github.com/number571/go-peer/cmd/hidden_lake/applications/messenger/internal/handler/data_type.go:19.33,20.22 1 0
github.com/number571/go-peer/cmd/hidden_lake/applications/messenger/internal/handler/data_type.go:20.22,22.3 1 0
github.com/number571/go-peer/cmd/hidden_lake/applications/messenger/internal/handler/data_type.go:23.2,23.42 1 0
github.com/number571/go-peer/cmd/hidden_lake/applications/messenger/internal/handler/data_type.go:26.35,31.2 1 0
github.com/number571/go-peer/cmd/hidden_lake/applications/messenger/internal/handler/data_type.go:33.54,40.2 1 0
github.com/number571/go-peer/cmd/hidden_lake/applications/messenger/internal/handler/data_type.go:42.53,43.22 1 0
github.com/number571/go-peer/cmd/hidden_lake/applications/messenger/internal/handler/data_type.go:43.22,44.31 1 0
github.com/number571/go-peer/cmd/hidden_lake/applications/messenger/internal/handler/data_type.go:46.2,47.13 2 0
github.com/number571/go-peer/cmd/hidden_lake/applications/messenger/internal/handler/data_type.go:47.13,49.3 1 0
github.com/number571/go-peer/cmd/hidden_lake/applications/messenger/internal/handler/data_type.go:50.2,50.13 1 0
github.com/number571/go-peer/cmd/hidden_lake/applications/messenger/internal/handler/data_type.go:53.63,54.22 1 0
github.com/number571/go-peer/cmd/hidden_lake/applications/messenger/internal/handler/data_type.go:54.22,55.31 1 0
github.com/number571/go-peer/cmd/hidden_lake/applications/messenger/internal/handler/data_type.go:57.2,58.22 2 0
github.com/number571/go-peer/cmd/hidden_lake/applications/messenger/internal/handler/data_type.go:58.22,60.3 1 0
github.com/number571/go-peer/cmd/hidden_lake/applications/messenger/internal/handler/data_type.go:61.2,62.46 2 0
github.com/number571/go-peer/cmd/hidden_lake/applications/messenger/internal/handler/data_type.go:62.46,64.3 1 0
github.com/number571/go-peer/cmd/hidden_lake/applications/messenger/internal/handler/data_type.go:65.2,66.25 2 0
github.com/number571/go-peer/cmd/hidden_lake/applications/messenger/internal/handler/data_type.go:66.25,68.3 1 0
github.com/number571/go-peer/cmd/hidden_lake/applications/messenger/internal/handler/data_type.go:69.2,70.13 2 0
github.com/number571/go-peer/cmd/hidden_lake/applications/messenger/internal/handler/data_type.go:70.13,72.3 1 0
github.com/number571/go-peer/cmd/hidden_lake/applications/messenger/internal/handler/data_type.go:73.2,73.34 1 0
github.com/number571/go-peer/cmd/hidden_lake/applications/messenger/internal/handler/error.go:21.103,22.56 1 0
github.com/number571/go-peer/cmd/hidden_lake/applications/messenger/internal/handler/error.go:22.56,31.17 4 0
github.com/number571/go-peer/cmd/hidden_lake/applications/messenger/internal/handler/error.go:31.17,32.34 1 0
github.com/number571/go-peer/cmd/hidden_lake/applications/messenger/internal/handler/error.go:35.3,40.5 2 0
github.com/number571/go-peer/cmd/hidden_lake/applications/messenger/internal/handler/error.go:44.81,46.2 1 0
github.com/number571/go-peer/cmd/hidden_lake/applications/messenger/internal/handler/favicon.go:13.80,14.56 1 0
github.com/number571/go-peer/cmd/hidden_lake/applications/messenger/internal/handler/favicon.go:14.56,17.36 2 0
github.com/number571/go-peer/cmd/hidden_lake/applications/messenger/internal/handler/favicon.go:17.36,20.4 2 0
github.com/number571/go-peer/cmd/hidden_lake/applications/messenger/internal/handler/favicon.go:22.3,23.69 2 0
github.com/number571/go-peer/cmd/hidden_lake/applications/messenger/internal/handler/friends.go:22.85,23.56 1 0
github.com/number571/go-peer/cmd/hidden_lake/applications/messenger/internal/handler/friends.go:23.56,29.32 4 0
github.com/number571/go-peer/cmd/hidden_lake/applications/messenger/internal/handler/friends.go:29.32,32.4 2 0
github.com/number571/go-peer/cmd/hidden_lake/applications/messenger/internal/handler/friends.go:34.3,39.33 4 0
github.com/number571/go-peer/cmd/hidden_lake/applications/messenger/internal/handler/friends.go:40.24,44.42 4 0
github.com/number571/go-peer/cmd/hidden_lake/applications/messenger/internal/handler/friends.go:44.42,47.5 2 0
github.com/number571/go-peer/cmd/hidden_lake/applications/messenger/internal/handler/friends.go:49.4,50.21 2 0
github.com/number571/go-peer/cmd/hidden_lake/applications/messenger/internal/handler/friends.go:50.21,53.5 2 0
github.com/number571/go-peer/cmd/hidden_lake/applications/messenger/internal/handler/friends.go:55.4,55.62 1 0
github.com/number571/go-peer/cmd/hidden_lake/applications/messenger/internal/handler/friends.go:55.62,58.5 2 0
github.com/number571/go-peer/cmd/hidden_lake/applications/messenger/internal/handler/friends.go:60.4,61.65 2 0
github.com/number571/go-peer/cmd/hidden_lake/applications/messenger/internal/handler/friends.go:61.65,64.5 2 0
github.com/number571/go-peer/cmd/hidden_lake/applications/messenger/internal/handler/friends.go:65.26,67.23 2 0
github.com/number571/go-peer/cmd/hidden_lake/applications/messenger/internal/handler/friends.go:67.23,70.5 2 0
github.com/number571/go-peer/cmd/hidden_lake/applications/messenger/internal/handler/friends.go:72.4,72.54 1 0
github.com/number571/go-peer/cmd/hidden_lake/applications/messenger/internal/handler/friends.go:72.54,75.5 2 0
github.com/number571/go-peer/cmd/hidden_lake/applications/messenger/internal/handler/friends.go:77.4,78.65 2 0
github.com/number571/go-peer/cmd/hidden_lake/applications/messenger/internal/handler/friends.go:78.65,81.5 2 0
github.com/number571/go-peer/cmd/hidden_lake/applications/messenger/internal/handler/friends.go:84.3,85.17 2 0
github.com/number571/go-peer/cmd/hidden_lake/applications/messenger/internal/handler/friends.go:85.17,88.4 2 0
github.com/number571/go-peer/cmd/hidden_lake/applications/messenger/internal/handler/friends.go:90.3,95.34 5 0
github.com/number571/go-peer/cmd/hidden_lake/applications/messenger/internal/handler/friends.go:95.34,97.4 1 0
github.com/number571/go-peer/cmd/hidden_lake/applications/messenger/internal/handler/friends.go:98.3,107.17 4 0
github.com/number571/go-peer/cmd/hidden_lake/applications/messenger/internal/handler/friends.go:107.17,108.34 1 0
github.com/number571/go-peer/cmd/hidden_lake/applications/messenger/internal/handler/friends.go:111.3,112.24 2 0
github.com/number571/go-peer/cmd/hidden_lake/applications/messenger/internal/handler/friends_chat.go:46.147,47.56 1 0
github.com/number571/go-peer/cmd/hidden_lake/applications/messenger/internal/handler/friends_chat.go:47.56,50.37 2 0
github.com/number571/go-peer/cmd/hidden_lake/applications/messenger/internal/handler/friends_chat.go:50.37,53.4 2 0
github.com/number571/go-peer/cmd/hidden_lake/applications/messenger/internal/handler/friends_chat.go:55.3,59.22 4 0
github.com/number571/go-peer/cmd/hidden_lake/applications/messenger/internal/handler/friends_chat.go:59.22,62.4 2 0
github.com/number571/go-peer/cmd/hidden_lake/applications/messenger/internal/handler/friends_chat.go:64.3,66.17 3 0
github.com/number571/go-peer/cmd/hidden_lake/applications/messenger/internal/handler/friends_chat.go:66.17,69.4 2 0
github.com/number571/go-peer/cmd/hidden_lake/applications/messenger/internal/handler/friends_chat.go:71.3,72.17 2 0
github.com/number571/go-peer/cmd/hidden_lake/applications/messenger/internal/handler/friends_chat.go:72.17,75.4 2 0
github.com/number571/go-peer/cmd/hidden_lake/applications/messenger/internal/handler/friends_chat.go:77.3,79.33 2 0
github.com/number571/go-peer/cmd/hidden_lake/applications/messenger/internal/handler/friends_chat.go:80.40,82.18 2 0
github.com/number571/go-peer/cmd/hidden_lake/applications/messenger/internal/handler/friends_chat.go:82.18,85.5 2 0
github.com/number571/go-peer/cmd/hidden_lake/applications/messenger/internal/handler/friends_chat.go:88.4,90.102 2 0
github.com/number571/go-peer/cmd/hidden_lake/applications/messenger/internal/handler/friends_chat.go:90.102,93.5 2 0
github.com/number571/go-peer/cmd/hidden_lake/applications/messenger/internal/handler/friends_chat.go:95.4,97.47 3 0
github.com/number571/go-peer/cmd/hidden_lake/applications/messenger/internal/handler/friends_chat.go:97.47,100.5 2 0
github.com/number571/go-peer/cmd/hidden_lake/applications/messenger/internal/handler/friends_chat.go:102.4,106.10 3 0
github.com/number571/go-peer/cmd/hidden_lake/applications/messenger/internal/handler/friends_chat.go:109.3,113.25 4 0
github.com/number571/go-peer/cmd/hidden_lake/applications/messenger/internal/handler/friends_chat.go:113.25,115.4 1 0
github.com/number571/go-peer/cmd/hidden_lake/applications/messenger/internal/handler/friends_chat.go:117.3,118.17 2 0
github.com/number571/go-peer/cmd/hidden_lake/applications/messenger/internal/handler/friends_chat.go:118.17,121.4 2 0
github.com/number571/go-peer/cmd/hidden_lake/applications/messenger/internal/handler/friends_chat.go:123.3,132.28 2 0
github.com/number571/go-peer/cmd/hidden_lake/applications/messenger/internal/handler/friends_chat.go:132.28,142.4 1 0
github.com/number571/go-peer/cmd/hidden_lake/applications/messenger/internal/handler/friends_chat.go:144.3,149.17 2 0
github.com/number571/go-peer/cmd/hidden_lake/applications/messenger/internal/handler/friends_chat.go:149.17,150.14 1 0
github.com/number571/go-peer/cmd/hidden_lake/applications/messenger/internal/handler/friends_chat.go:153.3,154.21 2 0
github.com/number571/go-peer/cmd/hidden_lake/applications/messenger/internal/handler/friends_chat.go:158.56,159.32 1 0
github.com/number571/go-peer/cmd/hidden_lake/applications/messenger/internal/handler/friends_chat.go:160.23,162.19 2 0
github.com/number571/go-peer/cmd/hidden_lake/applications/messenger/internal/handler/friends_chat.go:162.19,164.4 1 0
github.com/number571/go-peer/cmd/hidden_lake/applications/messenger/internal/handler/friends_chat.go:165.3,165.45 1 0
github.com/number571/go-peer/cmd/hidden_lake/applications/messenger/internal/handler/friends_chat.go:165.45,167.4 1 0
github.com/number571/go-peer/cmd/hidden_lake/applications/messenger/internal/handler/friends_chat.go:168.3,168.31 1 0
github.com/number571/go-peer/cmd/hidden_lake/applications/messenger/internal/handler/friends_chat.go:169.22,171.17 2 0
github.com/number571/go-peer/cmd/hidden_lake/applications/messenger/internal/handler/friends_chat.go:171.17,173.4 1 0
github.com/number571/go-peer/cmd/hidden_lake/applications/messenger/internal/handler/friends_chat.go:174.3,174.44 1 0
github.com/number571/go-peer/cmd/hidden_lake/applications/messenger/internal/handler/friends_chat.go:175.10,176.36 1 0
github.com/number571/go-peer/cmd/hidden_lake/applications/messenger/internal/handler/friends_chat.go:180.62,183.16 2 0
github.com/number571/go-peer/cmd/hidden_lake/applications/messenger/internal/handler/friends_chat.go:183.16,185.3 1 0
github.com/number571/go-peer/cmd/hidden_lake/applications/messenger/internal/handler/friends_chat.go:186.2,188.23 2 0
github.com/number571/go-peer/cmd/hidden_lake/applications/messenger/internal/handler/friends_chat.go:188.23,190.3 1 0
github.com/number571/go-peer/cmd/hidden_lake/applications/messenger/internal/handler/friends_chat.go:192.2,193.16 2 0
github.com/number571/go-peer/cmd/hidden_lake/applications/messenger/internal/handler/friends_chat.go:193.16,195.3 1 0
github.com/number571/go-peer/cmd/hidden_lake/applications/messenger/internal/handler/friends_chat.go:197.2,197.41 1 0
github.com/number571/go-peer/cmd/hidden_lake/applications/messenger/internal/handler/friends_chat.go:207.9,209.16 2 0
github.com/number571/go-peer/cmd/hidden_lake/applications/messenger/internal/handler/friends_chat.go:209.16,211.3 1 0
github.com/number571/go-peer/cmd/hidden_lake/applications/messenger/internal/handler/friends_chat.go:213.2,213.89 1 0
github.com/number571/go-peer/cmd/hidden_lake/applications/messenger/internal/handler/friends_chat.go:213.89,215.3 1 0
github.com/number571/go-peer/cmd/hidden_lake/applications/messenger/internal/handler/friends_chat.go:217.2,243.3 6 0
github.com/number571/go-peer/cmd/hidden_lake/applications/messenger/internal/handler/friends_chat.go:246.122,248.16 2 0
github.com/number571/go-peer/cmd/hidden_lake/applications/messenger/internal/handler/friends_chat.go:248.16,250.3 1 0
github.com/number571/go-peer/cmd/hidden_lake/applications/messenger/internal/handler/friends_chat.go:252.2,253.9 2 0
github.com/number571/go-peer/cmd/hidden_lake/applications/messenger/internal/handler/friends_chat.go:253.9,255.3 1 0
github.com/number571/go-peer/cmd/hidden_lake/applications/messenger/internal/handler/friends_chat.go:257.2,257.26 1 0
github.com/number571/go-peer/cmd/hidden_lake/applications/messenger/internal/handler/friends_upload.go:21.86,22.56 1 0
github.com/number571/go-peer/cmd/hidden_lake/applications/messenger/internal/handler/friends_upload.go:22.56,25.39 2 0
github.com/number571/go-peer/cmd/hidden_lake/applications/messenger/internal/handler/friends_upload.go:25.39,28.4 2 0
github.com/number571/go-peer/cmd/hidden_lake/applications/messenger/internal/handler/friends_upload.go:30.3,31.22 2 0
github.com/number571/go-peer/cmd/hidden_lake/applications/messenger/internal/handler/friends_upload.go:31.22,34.4 2 0
github.com/number571/go-peer/cmd/hidden_lake/applications/messenger/internal/handler/friends_upload.go:36.3,41.17 2 0
github.com/number571/go-peer/cmd/hidden_lake/applications/messenger/internal/handler/friends_upload.go:41.17,42.34 1 0
github.com/number571/go-peer/cmd/hidden_lake/applications/messenger/internal/handler/friends_upload.go:45.3,46.17 2 0
github.com/number571/go-peer/cmd/hidden_lake/applications/messenger/internal/handler/friends_upload.go:46.17,49.4 2 0
github.com/number571/go-peer/cmd/hidden_lake/applications/messenger/internal/handler/friends_upload.go:51.3,58.21 3 0
github.com/number571/go-peer/cmd/hidden_lake/applications/messenger/internal/handler/getters.go:17.50,21.2 1 0
github.com/number571/go-peer/cmd/hidden_lake/applications/messenger/internal/handler/getters.go:23.56,31.2 1 0
github.com/number571/go-peer/cmd/hidden_lake/applications/messenger/internal/handler/incoming.go:31.149,32.56 1 0
github.com/number571/go-peer/cmd/hidden_lake/applications/messenger/internal/handler/incoming.go:32.56,37.35 3 0
github.com/number571/go-peer/cmd/hidden_lake/applications/messenger/internal/handler/incoming.go:37.35,41.4 3 0
github.com/number571/go-peer/cmd/hidden_lake/applications/messenger/internal/handler/incoming.go:43.3,44.43 2 0
github.com/number571/go-peer/cmd/hidden_lake/applications/messenger/internal/handler/incoming.go:44.43,48.4 3 0
github.com/number571/go-peer/cmd/hidden_lake/applications/messenger/internal/handler/incoming.go:50.3,51.17 2 0
github.com/number571/go-peer/cmd/hidden_lake/applications/messenger/internal/handler/incoming.go:51.17,55.4 3 0
github.com/number571/go-peer/cmd/hidden_lake/applications/messenger/internal/handler/incoming.go:57.3,58.21 2 0
github.com/number571/go-peer/cmd/hidden_lake/applications/messenger/internal/handler/incoming.go:58.21,59.55 1 0
github.com/number571/go-peer/cmd/hidden_lake/applications/messenger/internal/handler/incoming.go:62.3,63.52 2 0
github.com/number571/go-peer/cmd/hidden_lake/applications/messenger/internal/handler/incoming.go:63.52,67.4 3 0
github.com/number571/go-peer/cmd/hidden_lake/applications/messenger/internal/handler/incoming.go:69.3,69.91 1 0
github.com/number571/go-peer/cmd/hidden_lake/applications/messenger/internal/handler/incoming.go:69.91,72.4 1 0
github.com/number571/go-peer/cmd/hidden_lake/applications/messenger/internal/handler/incoming.go:74.3,75.17 2 0
github.com/number571/go-peer/cmd/hidden_lake/applications/messenger/internal/handler/incoming.go:75.17,79.4 3 0
github.com/number571/go-peer/cmd/hidden_lake/applications/messenger/internal/handler/incoming.go:81.3,81.54 1 0
github.com/number571/go-peer/cmd/hidden_lake/applications/messenger/internal/handler/incoming.go:81.54,85.4 3 0
github.com/number571/go-peer/cmd/hidden_lake/applications/messenger/internal/handler/incoming.go:87.3,88.17 2 0
github.com/number571/go-peer/cmd/hidden_lake/applications/messenger/internal/handler/incoming.go:88.17,92.4 3 0
github.com/number571/go-peer/cmd/hidden_lake/applications/messenger/internal/handler/incoming.go:94.3,97.46 3 0
github.com/number571/go-peer/cmd/hidden_lake/applications/messenger/internal/handler/incoming.go:97.46,101.4 3 0
github.com/number571/go-peer/cmd/hidden_lake/applications/messenger/internal/handler/incoming.go:103.3,114.62 3 0
github.com/number571/go-peer/cmd/hidden_lake/applications/messenger/internal/handler/incoming.go:118.144,119.22 1 0
github.com/number571/go-peer/cmd/hidden_lake/applications/messenger/internal/handler/incoming.go:119.22,121.3 1 0
github.com/number571/go-peer/cmd/hidden_lake/applications/messenger/internal/handler/incoming.go:124.2,124.64 1 0
github.com/number571/go-peer/cmd/hidden_lake/applications/messenger/internal/handler/incoming.go:124.64,126.3 1 0
github.com/number571/go-peer/cmd/hidden_lake/applications/messenger/internal/handler/incoming.go:128.2,131.16 3 0
github.com/number571/go-peer/cmd/hidden_lake/applications/messenger/internal/handler/incoming.go:131.16,133.3 1 0
github.com/number571/go-peer/cmd/hidden_lake/applications/messenger/internal/handler/incoming.go:135.2,141.41 5 0
github.com/number571/go-peer/cmd/hidden_lake/applications/messenger/internal/handler/incoming.go:141.41,142.56 1 0
github.com/number571/go-peer/cmd/hidden_lake/applications/messenger/internal/handler/incoming.go:142.56,146.56 2 0
github.com/number571/go-peer/cmd/hidden_lake/applications/messenger/internal/handler/incoming.go:146.56,148.5 1 0
github.com/number571/go-peer/cmd/hidden_lake/applications/messenger/internal/handler/incoming.go:150.4,153.5 1 0
github.com/number571/go-peer/cmd/hidden_lake/applications/messenger/internal/handler/incoming.go:157.2,161.28 4 0
github.com/number571/go-peer/cmd/hidden_lake/applications/messenger/internal/handler/incoming.go:161.28,163.3 1 0
github.com/number571/go-peer/cmd/hidden_lake/applications/messenger/internal/handler/incoming.go:165.2,165.38 1 0
github.com/number571/go-peer/cmd/hidden_lake/applications/messenger/internal/handler/incoming.go:168.117,172.16 3 0
github.com/number571/go-peer/cmd/hidden_lake/applications/messenger/internal/handler/incoming.go:172.16,174.3 1 0
github.com/number571/go-peer/cmd/hidden_lake/applications/messenger/internal/handler/incoming.go:175.2,175.28 1 0
github.com/number571/go-peer/cmd/hidden_lake/applications/messenger/internal/handler/incoming.go:175.28,176.50 1 0
github.com/number571/go-peer/cmd/hidden_lake/applications/messenger/internal/handler/incoming.go:176.50,178.9 2 0
github.com/number571/go-peer/cmd/hidden_lake/applications/messenger/internal/handler/incoming.go:181.2,181.21 1 0
github.com/number571/go-peer/cmd/hidden_lake/applications/messenger/internal/handler/incoming.go:181.21,183.3 1 0
github.com/number571/go-peer/cmd/hidden_lake/applications/messenger/internal/handler/incoming.go:186.2,192.41 5 0
github.com/number571/go-peer/cmd/hidden_lake/applications/messenger/internal/handler/incoming.go:192.41,194.3 1 0
github.com/number571/go-peer/cmd/hidden_lake/applications/messenger/internal/handler/incoming.go:196.2,200.59 4 0
github.com/number571/go-peer/cmd/hidden_lake/applications/messenger/internal/handler/incoming.go:200.59,202.3 1 0
github.com/number571/go-peer/cmd/hidden_lake/applications/messenger/internal/handler/incoming.go:204.2,204.22 1 0
github.com/number571/go-peer/cmd/hidden_lake/applications/messenger/internal/handler/incoming.go:207.48,208.9 1 0
github.com/number571/go-peer/cmd/hidden_lake/applications/messenger/internal/handler/incoming.go:209.27,211.19 2 0
github.com/number571/go-peer/cmd/hidden_lake/applications/messenger/internal/handler/incoming.go:211.19,213.4 1 0
github.com/number571/go-peer/cmd/hidden_lake/applications/messenger/internal/handler/incoming.go:214.3,214.49 1 0
github.com/number571/go-peer/cmd/hidden_lake/applications/messenger/internal/handler/incoming.go:214.49,216.4 1 0
github.com/number571/go-peer/cmd/hidden_lake/applications/messenger/internal/handler/incoming.go:217.3,217.13 1 0
github.com/number571/go-peer/cmd/hidden_lake/applications/messenger/internal/handler/incoming.go:218.27,220.43 2 0
github.com/number571/go-peer/cmd/hidden_lake/applications/messenger/internal/handler/incoming.go:220.43,222.4 1 0
github.com/number571/go-peer/cmd/hidden_lake/applications/messenger/internal/handler/incoming.go:223.3,223.13 1 0
github.com/number571/go-peer/cmd/hidden_lake/applications/messenger/internal/handler/incoming.go:224.10,225.52 1 0
github.com/number571/go-peer/cmd/hidden_lake/applications/messenger/internal/handler/incoming.go:229.116,230.9 1 0
github.com/number571/go-peer/cmd/hidden_lake/applications/messenger/internal/handler/incoming.go:231.28,233.20 2 0
github.com/number571/go-peer/cmd/hidden_lake/applications/messenger/internal/handler/incoming.go:233.20,234.31 1 0
github.com/number571/go-peer/cmd/hidden_lake/applications/messenger/internal/handler/incoming.go:236.3,240.4 1 0
github.com/number571/go-peer/cmd/hidden_lake/applications/messenger/internal/handler/incoming.go:241.28,243.38 2 0
github.com/number571/go-peer/cmd/hidden_lake/applications/messenger/internal/handler/incoming.go:243.38,244.49 1 0
github.com/number571/go-peer/cmd/hidden_lake/applications/messenger/internal/handler/incoming.go:246.3,251.4 1 0
github.com/number571/go-peer/cmd/hidden_lake/applications/messenger/internal/handler/incoming.go:252.10,253.36 1 0
github.com/number571/go-peer/cmd/hidden_lake/applications/messenger/internal/handler/index.go:12.78,13.56 1 0
github.com/number571/go-peer/cmd/hidden_lake/applications/messenger/internal/handler/index.go:13.56,16.25 2 0
github.com/number571/go-peer/cmd/hidden_lake/applications/messenger/internal/handler/index.go:16.25,19.4 2 0
github.com/number571/go-peer/cmd/hidden_lake/applications/messenger/internal/handler/index.go:21.3,22.52 2 0
github.com/number571/go-peer/cmd/hidden_lake/applications/messenger/internal/handler/msg_size.go:21.65,26.16 4 0
github.com/number571/go-peer/cmd/hidden_lake/applications/messenger/internal/handler/msg_size.go:26.16,28.3 1 0
github.com/number571/go-peer/cmd/hidden_lake/applications/messenger/internal/handler/msg_size.go:30.2,33.58 3 0
github.com/number571/go-peer/cmd/hidden_lake/applications/messenger/internal/handler/msg_size.go:33.58,35.3 1 0
github.com/number571/go-peer/cmd/hidden_lake/applications/messenger/internal/handler/msg_size.go:37.2,53.28 7 0
github.com/number571/go-peer/cmd/hidden_lake/applications/messenger/internal/handler/settings.go:34.86,35.56 1 0
github.com/number571/go-peer/cmd/hidden_lake/applications/messenger/internal/handler/settings.go:35.56,41.33 4 0
github.com/number571/go-peer/cmd/hidden_lake/applications/messenger/internal/handler/settings.go:41.33,44.4 2 0
github.com/number571/go-peer/cmd/hidden_lake/applications/messenger/internal/handler/settings.go:46.3,50.17 4 0
github.com/number571/go-peer/cmd/hidden_lake/applications/messenger/internal/handler/settings.go:50.17,53.4 2 0
github.com/number571/go-peer/cmd/hidden_lake/applications/messenger/internal/handler/settings.go:55.3,55.33 1 0
github.com/number571/go-peer/cmd/hidden_lake/applications/messenger/internal/handler/settings.go:56.25,58.59 2 0
github.com/number571/go-peer/cmd/hidden_lake/applications/messenger/internal/handler/settings.go:58.59,61.5 2 0
github.com/number571/go-peer/cmd/hidden_lake/applications/messenger/internal/handler/settings.go:62.23,65.18 3 0
github.com/number571/go-peer/cmd/hidden_lake/applications/messenger/internal/handler/settings.go:65.18,68.5 2 0
github.com/number571/go-peer/cmd/hidden_lake/applications/messenger/internal/handler/settings.go:69.4,69.56 1 0
github.com/number571/go-peer/cmd/hidden_lake/applications/messenger/internal/handler/settings.go:69.56,72.5 2 0
github.com/number571/go-peer/cmd/hidden_lake/applications/messenger/internal/handler/settings.go:73.24,77.32 3 0
github.com/number571/go-peer/cmd/hidden_lake/applications/messenger/internal/handler/settings.go:77.32,80.5 2 0
github.com/number571/go-peer/cmd/hidden_lake/applications/messenger/internal/handler/settings.go:81.4,81.48 1 0
github.com/number571/go-peer/cmd/hidden_lake/applications/messenger/internal/handler/settings.go:81.48,84.5 2 0
github.com/number571/go-peer/cmd/hidden_lake/applications/messenger/internal/handler/settings.go:86.4,87.56 2 0
github.com/number571/go-peer/cmd/hidden_lake/applications/messenger/internal/handler/settings.go:87.56,90.5 2 0
github.com/number571/go-peer/cmd/hidden_lake/applications/messenger/internal/handler/settings.go:91.26,93.21 2 0
github.com/number571/go-peer/cmd/hidden_lake/applications/messenger/internal/handler/settings.go:93.21,96.5 2 0
github.com/number571/go-peer/cmd/hidden_lake/applications/messenger/internal/handler/settings.go:98.4,98.56 1 0
github.com/number571/go-peer/cmd/hidden_lake/applications/messenger/internal/handler/settings.go:98.56,101.5 2 0
github.com/number571/go-peer/cmd/hidden_lake/applications/messenger/internal/handler/settings.go:104.3,111.17 6 0
github.com/number571/go-peer/cmd/hidden_lake/applications/messenger/internal/handler/settings.go:111.17,114.4 2 0
github.com/number571/go-peer/cmd/hidden_lake/applications/messenger/internal/handler/settings.go:116.3,120.17 3 0
github.com/number571/go-peer/cmd/hidden_lake/applications/messenger/internal/handler/settings.go:120.17,123.4 2 0
github.com/number571/go-peer/cmd/hidden_lake/applications/messenger/internal/handler/settings.go:125.3,131.17 3 0
github.com/number571/go-peer/cmd/hidden_lake/applications/messenger/internal/handler/settings.go:131.17,132.34 1 0
github.com/number571/go-peer/cmd/hidden_lake/applications/messenger/internal/handler/settings.go:135.3,136.24 2 0
github.com/number571/go-peer/cmd/hidden_lake/applications/messenger/internal/handler/settings.go:140.99,144.16 3 0
github.com/number571/go-peer/cmd/hidden_lake/applications/messenger/internal/handler/settings.go:144.16,146.3 1 0
github.com/number571/go-peer/cmd/hidden_lake/applications/messenger/internal/handler/settings.go:148.2,149.16 2 0
github.com/number571/go-peer/cmd/hidden_lake/applications/messenger/internal/handler/settings.go:149.16,151.3 1 0
github.com/number571/go-peer/cmd/hidden_lake/applications/messenger/internal/handler/settings.go:153.2,153.26 1 0
github.com/number571/go-peer/cmd/hidden_lake/applications/messenger/internal/handler/settings.go:153.26,161.3 1 0
github.com/number571/go-peer/cmd/hidden_lake/applications/messenger/internal/handler/settings.go:163.2,163.25 1 0
github.com/number571/go-peer/cmd/hidden_lake/applications/messenger/internal/handler/settings.go:166.49,167.28 1 0
github.com/number571/go-peer/cmd/hidden_lake/applications/messenger/internal/handler/settings.go:167.28,168.13 1 0
github.com/number571/go-peer/cmd/hidden_lake/applications/messenger/internal/handler/settings.go:168.13,170.4 1 0
github.com/number571/go-peer/cmd/hidden_lake/applications/messenger/internal/handler/settings.go:172.2,172.14 1 0
github.com/number571/go-peer/cmd/hidden_lake/applications/messenger/internal/request/request.go:12.103,21.2 2 0
github.com/number571/go-peer/cmd/hidden_lake/applications/messenger/internal/utils/utils.go:23.13,25.74 2 1
github.com/number571/go-peer/cmd/hidden_lake/applications/messenger/internal/utils/utils.go:25.74,26.13 1 0
github.com/number571/go-peer/cmd/hidden_lake/applications/messenger/internal/utils/utils.go:29.2,30.62 2 1
github.com/number571/go-peer/cmd/hidden_lake/applications/messenger/internal/utils/utils.go:30.62,31.13 1 0
github.com/number571/go-peer/cmd/hidden_lake/applications/messenger/internal/utils/utils.go:34.2,36.43 2 1
github.com/number571/go-peer/cmd/hidden_lake/applications/messenger/internal/utils/utils.go:36.43,38.3 1 1
github.com/number571/go-peer/cmd/hidden_lake/applications/messenger/internal/utils/utils.go:39.2,39.37 1 1
github.com/number571/go-peer/cmd/hidden_lake/applications/messenger/internal/utils/utils.go:39.37,41.3 1 1
github.com/number571/go-peer/cmd/hidden_lake/applications/messenger/internal/utils/utils.go:43.2,43.55 1 1
github.com/number571/go-peer/cmd/hidden_lake/applications/messenger/internal/utils/utils.go:46.43,48.2 1 0
github.com/number571/go-peer/cmd/hidden_lake/applications/messenger/internal/utils/utils.go:50.47,51.23 1 0
github.com/number571/go-peer/cmd/hidden_lake/applications/messenger/internal/utils/utils.go:51.23,52.28 1 0
github.com/number571/go-peer/cmd/hidden_lake/applications/messenger/internal/utils/utils.go:52.28,54.4 1 0
github.com/number571/go-peer/cmd/hidden_lake/applications/messenger/internal/utils/utils.go:56.2,56.14 1 0
github.com/number571/go-peer/cmd/hidden_lake/applications/messenger/web/web.go:34.28,35.19 1 0
github.com/number571/go-peer/cmd/hidden_lake/applications/messenger/web/web.go:35.19,37.3 1 0
github.com/number571/go-peer/cmd/hidden_lake/applications/messenger/web/web.go:38.2,39.16 2 0
github.com/number571/go-peer/cmd/hidden_lake/applications/messenger/web/web.go:39.16,40.13 1 0
github.com/number571/go-peer/cmd/hidden_lake/applications/messenger/web/web.go:42.2,42.13 1 0
github.com/number571/go-peer/cmd/hidden_lake/applications/messenger/web/web.go:45.30,46.19 1 0
github.com/number571/go-peer/cmd/hidden_lake/applications/messenger/web/web.go:46.19,48.3 1 0
github.com/number571/go-peer/cmd/hidden_lake/applications/messenger/web/web.go:49.2,50.16 2 0
github.com/number571/go-peer/cmd/hidden_lake/applications/messenger/web/web.go:50.16,51.13 1 0
github.com/number571/go-peer/cmd/hidden_lake/applications/messenger/web/web.go:53.2,53.13 1 0
github.com/number571/go-peer/cmd/hidden_lake/service/internal/config/config.go:59.68,60.55 1 0
github.com/number571/go-peer/cmd/hidden_lake/service/internal/config/config.go:60.55,62.3 1 0
github.com/number571/go-peer/cmd/hidden_lake/service/internal/config/config.go:64.2,65.42 2 0
github.com/number571/go-peer/cmd/hidden_lake/service/internal/config/config.go:65.42,67.3 1 0
github.com/number571/go-peer/cmd/hidden_lake/service/internal/config/config.go:69.2,69.85 1 0
github.com/number571/go-peer/cmd/hidden_lake/service/internal/config/config.go:69.85,71.3 1 0
github.com/number571/go-peer/cmd/hidden_lake/service/internal/config/config.go:73.2,73.18 1 0
github.com/number571/go-peer/cmd/hidden_lake/service/internal/config/config.go:76.52,77.54 1 0
github.com/number571/go-peer/cmd/hidden_lake/service/internal/config/config.go:77.54,79.3 1 0
github.com/number571/go-peer/cmd/hidden_lake/service/internal/config/config.go:81.2,82.16 2 0
github.com/number571/go-peer/cmd/hidden_lake/service/internal/config/config.go:82.16,84.3 1 0
github.com/number571/go-peer/cmd/hidden_lake/service/internal/config/config.go:86.2,87.61 2 0
github.com/number571/go-peer/cmd/hidden_lake/service/internal/config/config.go:87.61,89.3 1 0
github.com/number571/go-peer/cmd/hidden_lake/service/internal/config/config.go:91.2,92.41 2 0
github.com/number571/go-peer/cmd/hidden_lake/service/internal/config/config.go:92.41,94.3 1 0
github.com/number571/go-peer/cmd/hidden_lake/service/internal/config/config.go:96.2,96.17 1 0
github.com/number571/go-peer/cmd/hidden_lake/service/internal/config/config.go:99.56,101.2 1 0
github.com/number571/go-peer/cmd/hidden_lake/service/internal/config/config.go:103.52,105.2 1 0
github.com/number571/go-peer/cmd/hidden_lake/service/internal/config/config.go:107.51,109.2 1 0
github.com/number571/go-peer/cmd/hidden_lake/service/internal/config/config.go:111.53,113.2 1 0
github.com/number571/go-peer/cmd/hidden_lake/service/internal/config/config.go:115.58,117.2 1 0
github.com/number571/go-peer/cmd/hidden_lake/service/internal/config/config.go:119.50,124.2 3 0
github.com/number571/go-peer/cmd/hidden_lake/service/internal/config/config.go:126.49,128.2 1 0
github.com/number571/go-peer/cmd/hidden_lake/service/internal/config/config.go:130.34,131.32 1 0
github.com/number571/go-peer/cmd/hidden_lake/service/internal/config/config.go:131.32,132.20 1 0
github.com/number571/go-peer/cmd/hidden_lake/service/internal/config/config.go:132.20,134.4 1 0
github.com/number571/go-peer/cmd/hidden_lake/service/internal/config/config.go:136.2,139.34 1 0
github.com/number571/go-peer/cmd/hidden_lake/service/internal/config/config.go:142.38,143.24 1 0
github.com/number571/go-peer/cmd/hidden_lake/service/internal/config/config.go:143.24,145.3 1 0
github.com/number571/go-peer/cmd/hidden_lake/service/internal/config/config.go:147.2,147.23 1 0
github.com/number571/go-peer/cmd/hidden_lake/service/internal/config/config.go:147.23,149.3 1 0
github.com/number571/go-peer/cmd/hidden_lake/service/internal/config/config.go:151.2,151.32 1 0
github.com/number571/go-peer/cmd/hidden_lake/service/internal/config/config.go:151.32,152.15 1 0
github.com/number571/go-peer/cmd/hidden_lake/service/internal/config/config.go:152.15,154.4 1 0
github.com/number571/go-peer/cmd/hidden_lake/service/internal/config/config.go:157.2,157.18 1 0
github.com/number571/go-peer/cmd/hidden_lake/service/internal/config/config.go:157.18,159.3 1 0
github.com/number571/go-peer/cmd/hidden_lake/service/internal/config/config.go:161.2,161.40 1 0
github.com/number571/go-peer/cmd/hidden_lake/service/internal/config/config.go:161.40,163.3 1 0
github.com/number571/go-peer/cmd/hidden_lake/service/internal/config/config.go:165.2,165.40 1 0
github.com/number571/go-peer/cmd/hidden_lake/service/internal/config/config.go:165.40,167.3 1 0
github.com/number571/go-peer/cmd/hidden_lake/service/internal/config/config.go:169.2,169.12 1 0
github.com/number571/go-peer/cmd/hidden_lake/service/internal/config/config.go:172.39,182.31 3 0
github.com/number571/go-peer/cmd/hidden_lake/service/internal/config/config.go:182.31,184.10 2 0
github.com/number571/go-peer/cmd/hidden_lake/service/internal/config/config.go:184.10,186.4 1 0
github.com/number571/go-peer/cmd/hidden_lake/service/internal/config/config.go:187.3,187.26 1 0
github.com/number571/go-peer/cmd/hidden_lake/service/internal/config/config.go:190.2,191.12 2 0
github.com/number571/go-peer/cmd/hidden_lake/service/internal/config/config.go:194.39,198.36 3 0
github.com/number571/go-peer/cmd/hidden_lake/service/internal/config/config.go:198.36,199.32 1 0
github.com/number571/go-peer/cmd/hidden_lake/service/internal/config/config.go:199.32,201.4 1 0
github.com/number571/go-peer/cmd/hidden_lake/service/internal/config/config.go:202.3,205.20 3 0
github.com/number571/go-peer/cmd/hidden_lake/service/internal/config/config.go:205.20,207.4 1 0
github.com/number571/go-peer/cmd/hidden_lake/service/internal/config/config.go:209.3,210.51 2 0
github.com/number571/go-peer/cmd/hidden_lake/service/internal/config/config.go:210.51,212.4 1 0
github.com/number571/go-peer/cmd/hidden_lake/service/internal/config/config.go:215.2,215.12 1 0
github.com/number571/go-peer/cmd/hidden_lake/service/internal/config/config.go:218.62,223.31 4 0
github.com/number571/go-peer/cmd/hidden_lake/service/internal/config/config.go:223.31,225.3 1 0
github.com/number571/go-peer/cmd/hidden_lake/service/internal/config/config.go:226.2,226.15 1 0
github.com/number571/go-peer/cmd/hidden_lake/service/internal/config/config.go:229.41,231.2 1 0
github.com/number571/go-peer/cmd/hidden_lake/service/internal/config/config.go:233.48,235.2 1 0
github.com/number571/go-peer/cmd/hidden_lake/service/internal/config/config.go:237.41,239.2 1 0
github.com/number571/go-peer/cmd/hidden_lake/service/internal/config/config.go:241.45,246.2 3 0
github.com/number571/go-peer/cmd/hidden_lake/service/internal/config/config.go:248.60,254.2 4 0
github.com/number571/go-peer/cmd/hidden_lake/service/internal/config/config.go:256.37,258.2 1 0
github.com/number571/go-peer/cmd/hidden_lake/service/internal/config/config.go:260.35,262.2 1 0
github.com/number571/go-peer/cmd/hidden_lake/service/internal/config/config.go:264.35,266.2 1 0
github.com/number571/go-peer/cmd/hidden_lake/service/internal/config/config.go:268.35,270.2 1 0
github.com/number571/go-peer/cmd/hidden_lake/service/internal/config/config.go:272.36,274.2 1 0
github.com/number571/go-peer/cmd/hidden_lake/service/internal/config/config.go:276.37,278.2 1 0
github.com/number571/go-peer/cmd/hidden_lake/service/internal/config/config.go:280.38,282.2 1 0
github.com/number571/go-peer/cmd/hidden_lake/service/internal/config/editor.go:22.38,23.17 1 0
github.com/number571/go-peer/cmd/hidden_lake/service/internal/config/editor.go:23.17,24.21 1 0
github.com/number571/go-peer/cmd/hidden_lake/service/internal/config/editor.go:26.2,27.9 2 0
github.com/number571/go-peer/cmd/hidden_lake/service/internal/config/editor.go:27.9,28.26 1 0
github.com/number571/go-peer/cmd/hidden_lake/service/internal/config/editor.go:30.2,32.3 1 0
github.com/number571/go-peer/cmd/hidden_lake/service/internal/config/editor.go:35.62,41.16 5 0
github.com/number571/go-peer/cmd/hidden_lake/service/internal/config/editor.go:41.16,43.3 1 0
github.com/number571/go-peer/cmd/hidden_lake/service/internal/config/editor.go:45.2,47.83 3 0
github.com/number571/go-peer/cmd/hidden_lake/service/internal/config/editor.go:47.83,49.3 1 0
github.com/number571/go-peer/cmd/hidden_lake/service/internal/config/editor.go:51.2,55.12 4 0
github.com/number571/go-peer/cmd/hidden_lake/service/internal/config/editor.go:58.60,64.16 5 0
github.com/number571/go-peer/cmd/hidden_lake/service/internal/config/editor.go:64.16,66.3 1 0
github.com/number571/go-peer/cmd/hidden_lake/service/internal/config/editor.go:68.2,70.83 3 0
github.com/number571/go-peer/cmd/hidden_lake/service/internal/config/editor.go:70.83,72.3 1 0
github.com/number571/go-peer/cmd/hidden_lake/service/internal/config/editor.go:74.2,78.12 4 0
github.com/number571/go-peer/cmd/hidden_lake/service/internal/config/editor.go:81.79,85.37 3 0
github.com/number571/go-peer/cmd/hidden_lake/service/internal/config/editor.go:85.37,86.67 1 0
github.com/number571/go-peer/cmd/hidden_lake/service/internal/config/editor.go:86.67,87.12 1 0
github.com/number571/go-peer/cmd/hidden_lake/service/internal/config/editor.go:89.3,89.61 1 0
github.com/number571/go-peer/cmd/hidden_lake/service/internal/config/editor.go:92.2,94.16 3 0
github.com/number571/go-peer/cmd/hidden_lake/service/internal/config/editor.go:94.16,96.3 1 0
github.com/number571/go-peer/cmd/hidden_lake/service/internal/config/editor.go:98.2,98.35 1 0
github.com/number571/go-peer/cmd/hidden_lake/service/internal/config/editor.go:98.35,100.3 1 0
github.com/number571/go-peer/cmd/hidden_lake/service/internal/config/editor.go:102.2,105.83 4 0
github.com/number571/go-peer/cmd/hidden_lake/service/internal/config/editor.go:105.83,107.3 1 0
github.com/number571/go-peer/cmd/hidden_lake/service/internal/config/editor.go:109.2,114.12 5 0
github.com/number571/go-peer/cmd/hidden_lake/service/internal/config/editor.go:117.81,119.37 2 0
github.com/number571/go-peer/cmd/hidden_lake/service/internal/config/editor.go:119.37,121.3 1 0
github.com/number571/go-peer/cmd/hidden_lake/service/internal/config/editor.go:122.2,122.15 1 0
github.com/number571/go-peer/cmd/hidden_lake/service/internal/config/editor.go:125.71,127.34 2 0
github.com/number571/go-peer/cmd/hidden_lake/service/internal/config/editor.go:127.34,129.35 2 0
github.com/number571/go-peer/cmd/hidden_lake/service/internal/config/editor.go:129.35,131.4 1 0
github.com/number571/go-peer/cmd/hidden_lake/service/internal/config/editor.go:132.3,132.31 1 0
github.com/number571/go-peer/cmd/hidden_lake/service/internal/config/editor.go:134.2,134.14 1 0
github.com/number571/go-peer/cmd/hidden_lake/service/internal/config/editor.go:137.54,140.26 3 0
github.com/number571/go-peer/cmd/hidden_lake/service/internal/config/editor.go:140.26,141.30 1 0
github.com/number571/go-peer/cmd/hidden_lake/service/internal/config/editor.go:141.30,142.12 1 0
github.com/number571/go-peer/cmd/hidden_lake/service/internal/config/editor.go:144.3,145.29 2 0
github.com/number571/go-peer/cmd/hidden_lake/service/internal/config/editor.go:147.2,147.15 1 0
github.com/number571/go-peer/cmd/hidden_lake/service/internal/config/init.go:12.68,13.53 1 0
github.com/number571/go-peer/cmd/hidden_lake/service/internal/config/init.go:13.53,15.17 2 0
github.com/number571/go-peer/cmd/hidden_lake/service/internal/config/init.go:15.17,17.4 1 0
github.com/number571/go-peer/cmd/hidden_lake/service/internal/config/init.go:18.3,18.18 1 0
github.com/number571/go-peer/cmd/hidden_lake/service/internal/config/init.go:20.2,20.20 1 0
github.com/number571/go-peer/cmd/hidden_lake/service/internal/config/init.go:20.20,39.3 1 0
github.com/number571/go-peer/cmd/hidden_lake/service/internal/config/init.go:40.2,41.16 2 0
github.com/number571/go-peer/cmd/hidden_lake/service/internal/config/init.go:41.16,43.3 1 0
github.com/number571/go-peer/cmd/hidden_lake/service/internal/config/init.go:44.2,44.17 1 0
github.com/number571/go-peer/cmd/hidden_lake/service/internal/config/wrapper.go:12.40,17.2 1 0
github.com/number571/go-peer/cmd/hidden_lake/service/internal/config/wrapper.go:19.40,21.2 1 0
github.com/number571/go-peer/cmd/hidden_lake/service/internal/config/wrapper.go:23.40,25.2 1 0
github.com/number571/go-peer/cmd/hidden_lake/service/pkg/client/builder.go:16.28,18.2 1 0
github.com/number571/go-peer/cmd/hidden_lake/service/pkg/client/builder.go:20.96,21.20 1 0
github.com/number571/go-peer/cmd/hidden_lake/service/pkg/client/builder.go:21.20,26.3 1 0
github.com/number571/go-peer/cmd/hidden_lake/service/pkg/client/builder.go:28.2,31.3 1 0
github.com/number571/go-peer/cmd/hidden_lake/service/pkg/client/builder.go:34.92,39.2 1 0
github.com/number571/go-peer/cmd/hidden_lake/service/pkg/client/client.go:21.66,26.2 1 0
github.com/number571/go-peer/cmd/hidden_lake/service/pkg/client/client.go:28.46,30.16 2 0
github.com/number571/go-peer/cmd/hidden_lake/service/pkg/client/client.go:30.16,32.3 1 0
github.com/number571/go-peer/cmd/hidden_lake/service/pkg/client/client.go:33.2,33.17 1 0
github.com/number571/go-peer/cmd/hidden_lake/service/pkg/client/client.go:36.65,38.16 2 0
[...]
github.com/number571/go-peer/cmd/hidden_lake/service/internal/handler/network_online.go:33.51,35.5 1 0
github.com/number571/go-peer/cmd/hidden_lake/service/internal/handler/network_online.go:37.4,38.45 2 1
github.com/number571/go-peer/cmd/hidden_lake/service/internal/handler/network_online.go:39.26,41.18 2 1
github.com/number571/go-peer/cmd/hidden_lake/service/internal/handler/network_online.go:41.18,45.5 3 0
github.com/number571/go-peer/cmd/hidden_lake/service/internal/handler/network_online.go:47.4,47.85 1 1
github.com/number571/go-peer/cmd/hidden_lake/service/internal/handler/network_online.go:47.85,51.5 3 0
github.com/number571/go-peer/cmd/hidden_lake/service/internal/handler/network_online.go:53.4,54.72 2 1
github.com/number571/go-peer/cmd/hidden_lake/service/internal/handler/network_pubkey.go:14.93,15.56 1 1
github.com/number571/go-peer/cmd/hidden_lake/service/internal/handler/network_pubkey.go:15.56,18.34 2 1
github.com/number571/go-peer/cmd/hidden_lake/service/internal/handler/network_pubkey.go:18.34,22.4 3 0
github.com/number571/go-peer/cmd/hidden_lake/service/internal/handler/network_pubkey.go:24.3,25.94 2 1
github.com/number571/go-peer/cmd/hidden_lake/service/internal/handler/network_request.go:29.160,30.56 1 1
github.com/number571/go-peer/cmd/hidden_lake/service/internal/handler/network_request.go:30.56,35.66 3 1
github.com/number571/go-peer/cmd/hidden_lake/service/internal/handler/network_request.go:35.66,39.4 3 0
github.com/number571/go-peer/cmd/hidden_lake/service/internal/handler/network_request.go:41.3,41.68 1 1
github.com/number571/go-peer/cmd/hidden_lake/service/internal/handler/network_request.go:41.68,45.4 3 0
github.com/number571/go-peer/cmd/hidden_lake/service/internal/handler/network_request.go:47.3,48.18 2 1
github.com/number571/go-peer/cmd/hidden_lake/service/internal/handler/network_request.go:49.19,49.19 0 1
github.com/number571/go-peer/cmd/hidden_lake/service/internal/handler/network_request.go:51.25,54.10 3 0
github.com/number571/go-peer/cmd/hidden_lake/service/internal/handler/network_request.go:55.25,58.10 3 0
github.com/number571/go-peer/cmd/hidden_lake/service/internal/handler/network_request.go:59.26,62.10 3 0
github.com/number571/go-peer/cmd/hidden_lake/service/internal/handler/network_request.go:63.28,66.10 3 0
github.com/number571/go-peer/cmd/hidden_lake/service/internal/handler/network_request.go:67.11,68.33 1 0
github.com/number571/go-peer/cmd/hidden_lake/service/internal/handler/network_request.go:71.3,71.20 1 1
github.com/number571/go-peer/cmd/hidden_lake/service/internal/handler/network_request.go:72.23,79.18 2 1
github.com/number571/go-peer/cmd/hidden_lake/service/internal/handler/network_request.go:79.18,83.5 3 0
github.com/number571/go-peer/cmd/hidden_lake/service/internal/handler/network_request.go:85.4,87.10 3 1
github.com/number571/go-peer/cmd/hidden_lake/service/internal/handler/network_request.go:89.24,96.18 2 1
github.com/number571/go-peer/cmd/hidden_lake/service/internal/handler/network_request.go:96.18,100.5 3 0
github.com/number571/go-peer/cmd/hidden_lake/service/internal/handler/network_request.go:102.4,103.18 2 1
github.com/number571/go-peer/cmd/hidden_lake/service/internal/handler/network_request.go:103.18,107.5 3 0
github.com/number571/go-peer/cmd/hidden_lake/service/internal/handler/network_request.go:109.4,111.10 3 1
github.com/number571/go-peer/cmd/hidden_lake/service/internal/handler/network_request.go:116.110,120.9 3 1
github.com/number571/go-peer/cmd/hidden_lake/service/internal/handler/network_request.go:120.9,122.3 1 0
github.com/number571/go-peer/cmd/hidden_lake/service/internal/handler/network_request.go:124.2,125.16 2 1
github.com/number571/go-peer/cmd/hidden_lake/service/internal/handler/network_request.go:125.16,127.3 1 0
github.com/number571/go-peer/cmd/hidden_lake/service/internal/handler/network_request.go:129.2,129.54 1 1
github.com/number571/go-peer/cmd/hidden_lake/service/internal/handler/service_tcp.go:25.110,27.119 2 1
github.com/number571/go-peer/cmd/hidden_lake/service/internal/handler/service_tcp.go:27.119,39.62 5 1
github.com/number571/go-peer/cmd/hidden_lake/service/internal/handler/service_tcp.go:39.62,42.67 2 0
github.com/number571/go-peer/cmd/hidden_lake/service/internal/handler/service_tcp.go:42.67,45.5 2 0
github.com/number571/go-peer/cmd/hidden_lake/service/internal/handler/service_tcp.go:47.4,48.87 2 0
github.com/number571/go-peer/cmd/hidden_lake/service/internal/handler/service_tcp.go:52.3,53.17 2 1
github.com/number571/go-peer/cmd/hidden_lake/service/internal/handler/service_tcp.go:53.17,56.4 2 0
github.com/number571/go-peer/cmd/hidden_lake/service/internal/handler/service_tcp.go:59.3,60.10 2 1
github.com/number571/go-peer/cmd/hidden_lake/service/internal/handler/service_tcp.go:60.10,63.4 2 0
github.com/number571/go-peer/cmd/hidden_lake/service/internal/handler/service_tcp.go:66.3,71.17 2 1
github.com/number571/go-peer/cmd/hidden_lake/service/internal/handler/service_tcp.go:71.17,74.4 2 0
github.com/number571/go-peer/cmd/hidden_lake/service/internal/handler/service_tcp.go:77.3,77.43 1 1
github.com/number571/go-peer/cmd/hidden_lake/service/internal/handler/service_tcp.go:77.43,79.4 1 1
github.com/number571/go-peer/cmd/hidden_lake/service/internal/handler/service_tcp.go:80.3,85.17 3 1
github.com/number571/go-peer/cmd/hidden_lake/service/internal/handler/service_tcp.go:85.17,88.4 2 0
github.com/number571/go-peer/cmd/hidden_lake/service/internal/handler/service_tcp.go:89.3,93.19 3 1
github.com/number571/go-peer/cmd/hidden_lake/service/internal/handler/service_tcp.go:94.47,101.8 2 1
github.com/number571/go-peer/cmd/hidden_lake/service/internal/handler/service_tcp.go:102.44,105.19 2 0
github.com/number571/go-peer/cmd/hidden_lake/service/internal/handler/service_tcp.go:106.11,109.81 2 0
github.com/number571/go-peer/cmd/hidden_lake/service/internal/handler/service_tcp.go:114.93,116.62 2 0
github.com/number571/go-peer/cmd/hidden_lake/service/internal/handler/service_tcp.go:116.62,119.3 1 0
github.com/number571/go-peer/cmd/hidden_lake/service/internal/handler/service_tcp.go:120.2,120.13 1 0
github.com/number571/go-peer/cmd/hidden_lake/service/internal/handler/service_tcp.go:123.62,125.30 2 1
github.com/number571/go-peer/cmd/hidden_lake/service/internal/handler/service_tcp.go:125.30,126.29 1 1
github.com/number571/go-peer/cmd/hidden_lake/service/internal/handler/service_tcp.go:127.33,128.12 1 1
github.com/number571/go-peer/cmd/hidden_lake/service/internal/handler/service_tcp.go:129.11,130.36 1 1
github.com/number571/go-peer/cmd/hidden_lake/service/internal/handler/service_tcp.go:133.2,133.16 1 1
github.com/number571/go-peer/cmd/hidden_lake/service/internal/handler/service_tcp.go:136.51,138.16 2 1
github.com/number571/go-peer/cmd/hidden_lake/service/internal/handler/service_tcp.go:138.16,140.3 1 0
github.com/number571/go-peer/cmd/hidden_lake/service/internal/handler/service_tcp.go:141.2,141.13 1 1
github.com/number571/go-peer/cmd/hidden_lake/service/pkg/client/builder.go:16.28,18.2 1 1
github.com/number571/go-peer/cmd/hidden_lake/service/pkg/client/builder.go:20.96,21.20 1 1
github.com/number571/go-peer/cmd/hidden_lake/service/pkg/client/builder.go:21.20,26.3 1 1
github.com/number571/go-peer/cmd/hidden_lake/service/pkg/client/builder.go:28.2,31.3 1 1
github.com/number571/go-peer/cmd/hidden_lake/service/pkg/client/builder.go:34.92,39.2 1 1
github.com/number571/go-peer/cmd/hidden_lake/service/pkg/client/client.go:21.66,26.2 1 1
github.com/number571/go-peer/cmd/hidden_lake/service/pkg/client/client.go:28.46,30.16 2 1
github.com/number571/go-peer/cmd/hidden_lake/service/pkg/client/client.go:30.16,32.3 1 1
github.com/number571/go-peer/cmd/hidden_lake/service/pkg/client/client.go:33.2,33.17 1 1
github.com/number571/go-peer/cmd/hidden_lake/service/pkg/client/client.go:36.65,38.16 2 1
github.com/number571/go-peer/cmd/hidden_lake/service/pkg/client/client.go:38.16,40.3 1 1
github.com/number571/go-peer/cmd/hidden_lake/service/pkg/client/client.go:41.2,41.17 1 1
github.com/number571/go-peer/cmd/hidden_lake/service/pkg/client/client.go:44.59,46.16 2 1
github.com/number571/go-peer/cmd/hidden_lake/service/pkg/client/client.go:46.16,48.3 1 0
github.com/number571/go-peer/cmd/hidden_lake/service/pkg/client/client.go:49.2,49.12 1 1
github.com/number571/go-peer/cmd/hidden_lake/service/pkg/client/client.go:52.80,53.88 1 1
github.com/number571/go-peer/cmd/hidden_lake/service/pkg/client/client.go:53.88,55.3 1 1
github.com/number571/go-peer/cmd/hidden_lake/service/pkg/client/client.go:56.2,56.12 1 1
github.com/number571/go-peer/cmd/hidden_lake/service/pkg/client/client.go:59.98,61.16 2 1
github.com/number571/go-peer/cmd/hidden_lake/service/pkg/client/client.go:61.16,63.3 1 1
github.com/number571/go-peer/cmd/hidden_lake/service/pkg/client/client.go:64.2,64.17 1 1
github.com/number571/go-peer/cmd/hidden_lake/service/pkg/client/client.go:67.71,69.16 2 1
github.com/number571/go-peer/cmd/hidden_lake/service/pkg/client/client.go:69.16,71.3 1 1
github.com/number571/go-peer/cmd/hidden_lake/service/pkg/client/client.go:72.2,72.17 1 1
github.com/number571/go-peer/cmd/hidden_lake/service/pkg/client/client.go:75.82,76.87 1 1
github.com/number571/go-peer/cmd/hidden_lake/service/pkg/client/client.go:76.87,78.3 1 1
github.com/number571/go-peer/cmd/hidden_lake/service/pkg/client/client.go:79.2,79.12 1 1
github.com/number571/go-peer/cmd/hidden_lake/service/pkg/client/client.go:82.54,83.83 1 1
github.com/number571/go-peer/cmd/hidden_lake/service/pkg/client/client.go:83.83,85.3 1 1
github.com/number571/go-peer/cmd/hidden_lake/service/pkg/client/client.go:86.2,86.12 1 1
github.com/number571/go-peer/cmd/hidden_lake/service/pkg/client/client.go:89.50,91.16 2 1
github.com/number571/go-peer/cmd/hidden_lake/service/pkg/client/client.go:91.16,93.3 1 1
github.com/number571/go-peer/cmd/hidden_lake/service/pkg/client/client.go:94.2,94.17 1 1
github.com/number571/go-peer/cmd/hidden_lake/service/pkg/client/client.go:97.52,98.57 1 1
github.com/number571/go-peer/cmd/hidden_lake/service/pkg/client/client.go:98.57,100.3 1 0
github.com/number571/go-peer/cmd/hidden_lake/service/pkg/client/client.go:101.2,101.12 1 1
github.com/number571/go-peer/cmd/hidden_lake/service/pkg/client/client.go:104.54,106.16 2 1
github.com/number571/go-peer/cmd/hidden_lake/service/pkg/client/client.go:106.16,108.3 1 1
github.com/number571/go-peer/cmd/hidden_lake/service/pkg/client/client.go:109.2,109.17 1 1
github.com/number571/go-peer/cmd/hidden_lake/service/pkg/client/client.go:112.56,113.61 1 1
github.com/number571/go-peer/cmd/hidden_lake/service/pkg/client/client.go:113.61,115.3 1 1
github.com/number571/go-peer/cmd/hidden_lake/service/pkg/client/client.go:116.2,116.12 1 1
github.com/number571/go-peer/cmd/hidden_lake/service/pkg/client/client.go:119.56,120.61 1 1
github.com/number571/go-peer/cmd/hidden_lake/service/pkg/client/client.go:120.61,122.3 1 1
github.com/number571/go-peer/cmd/hidden_lake/service/pkg/client/client.go:123.2,123.12 1 1
github.com/number571/go-peer/cmd/hidden_lake/service/pkg/client/client.go:126.59,128.16 2 1
github.com/number571/go-peer/cmd/hidden_lake/service/pkg/client/client.go:128.16,130.3 1 1
github.com/number571/go-peer/cmd/hidden_lake/service/pkg/client/client.go:131.2,131.20 1 1
github.com/number571/go-peer/cmd/hidden_lake/service/pkg/client/requester.go:36.66,41.2 1 1
github.com/number571/go-peer/cmd/hidden_lake/service/pkg/client/requester.go:43.49,50.16 2 1
github.com/number571/go-peer/cmd/hidden_lake/service/pkg/client/requester.go:50.16,52.3 1 1
github.com/number571/go-peer/cmd/hidden_lake/service/pkg/client/requester.go:54.2,55.42 2 1
github.com/number571/go-peer/cmd/hidden_lake/service/pkg/client/requester.go:55.42,57.3 1 0
github.com/number571/go-peer/cmd/hidden_lake/service/pkg/client/requester.go:59.2,59.20 1 1
github.com/number571/go-peer/cmd/hidden_lake/service/pkg/client/requester.go:62.68,69.16 2 1
github.com/number571/go-peer/cmd/hidden_lake/service/pkg/client/requester.go:69.16,71.3 1 1
github.com/number571/go-peer/cmd/hidden_lake/service/pkg/client/requester.go:73.2,74.75 2 1
github.com/number571/go-peer/cmd/hidden_lake/service/pkg/client/requester.go:74.75,76.3 1 0
github.com/number571/go-peer/cmd/hidden_lake/service/pkg/client/requester.go:78.2,78.25 1 1
github.com/number571/go-peer/cmd/hidden_lake/service/pkg/client/requester.go:81.62,88.16 2 1
github.com/number571/go-peer/cmd/hidden_lake/service/pkg/client/requester.go:88.16,90.3 1 0
github.com/number571/go-peer/cmd/hidden_lake/service/pkg/client/requester.go:91.2,91.12 1 1
github.com/number571/go-peer/cmd/hidden_lake/service/pkg/client/requester.go:94.96,101.16 2 1
github.com/number571/go-peer/cmd/hidden_lake/service/pkg/client/requester.go:101.16,103.3 1 1
github.com/number571/go-peer/cmd/hidden_lake/service/pkg/client/requester.go:105.2,106.16 2 1
github.com/number571/go-peer/cmd/hidden_lake/service/pkg/client/requester.go:106.16,108.3 1 0
github.com/number571/go-peer/cmd/hidden_lake/service/pkg/client/requester.go:109.2,109.18 1 1
github.com/number571/go-peer/cmd/hidden_lake/service/pkg/client/requester.go:112.78,119.16 2 1
github.com/number571/go-peer/cmd/hidden_lake/service/pkg/client/requester.go:119.16,121.3 1 1
github.com/number571/go-peer/cmd/hidden_lake/service/pkg/client/requester.go:122.2,122.12 1 1
github.com/number571/go-peer/cmd/hidden_lake/service/pkg/client/requester.go:125.74,132.16 2 1
github.com/number571/go-peer/cmd/hidden_lake/service/pkg/client/requester.go:132.16,134.3 1 1
github.com/number571/go-peer/cmd/hidden_lake/service/pkg/client/requester.go:136.2,137.73 2 1
github.com/number571/go-peer/cmd/hidden_lake/service/pkg/client/requester.go:137.73,139.3 1 0
github.com/number571/go-peer/cmd/hidden_lake/service/pkg/client/requester.go:141.2,142.34 2 1
github.com/number571/go-peer/cmd/hidden_lake/service/pkg/client/requester.go:142.34,144.3 1 1
github.com/number571/go-peer/cmd/hidden_lake/service/pkg/client/requester.go:146.2,146.20 1 1
github.com/number571/go-peer/cmd/hidden_lake/service/pkg/client/requester.go:149.69,156.16 2 1
github.com/number571/go-peer/cmd/hidden_lake/service/pkg/client/requester.go:156.16,158.3 1 1
github.com/number571/go-peer/cmd/hidden_lake/service/pkg/client/requester.go:159.2,159.12 1 1
github.com/number571/go-peer/cmd/hidden_lake/service/pkg/client/requester.go:162.69,169.16 2 1
github.com/number571/go-peer/cmd/hidden_lake/service/pkg/client/requester.go:169.16,171.3 1 1
github.com/number571/go-peer/cmd/hidden_lake/service/pkg/client/requester.go:172.2,172.12 1 1
github.com/number571/go-peer/cmd/hidden_lake/service/pkg/client/requester.go:175.53,182.16 2 1
github.com/number571/go-peer/cmd/hidden_lake/service/pkg/client/requester.go:182.16,184.3 1 1
github.com/number571/go-peer/cmd/hidden_lake/service/pkg/client/requester.go:186.2,187.72 2 1
github.com/number571/go-peer/cmd/hidden_lake/service/pkg/client/requester.go:187.72,189.3 1 0
github.com/number571/go-peer/cmd/hidden_lake/service/pkg/client/requester.go:191.2,191.21 1 1
github.com/number571/go-peer/cmd/hidden_lake/service/pkg/client/requester.go:194.55,201.16 2 1
github.com/number571/go-peer/cmd/hidden_lake/service/pkg/client/requester.go:201.16,203.3 1 0
github.com/number571/go-peer/cmd/hidden_lake/service/pkg/client/requester.go:204.2,204.12 1 1
github.com/number571/go-peer/cmd/hidden_lake/service/pkg/client/requester.go:207.57,214.16 2 1
github.com/number571/go-peer/cmd/hidden_lake/service/pkg/client/requester.go:214.16,216.3 1 1
github.com/number571/go-peer/cmd/hidden_lake/service/pkg/client/requester.go:218.2,219.73 2 1
github.com/number571/go-peer/cmd/hidden_lake/service/pkg/client/requester.go:219.73,221.3 1 0
github.com/number571/go-peer/cmd/hidden_lake/service/pkg/client/requester.go:223.2,223.22 1 1
github.com/number571/go-peer/cmd/hidden_lake/service/pkg/client/requester.go:226.59,233.16 2 1
github.com/number571/go-peer/cmd/hidden_lake/service/pkg/client/requester.go:233.16,235.3 1 1
github.com/number571/go-peer/cmd/hidden_lake/service/pkg/client/requester.go:236.2,236.12 1 1
github.com/number571/go-peer/cmd/hidden_lake/service/pkg/client/requester.go:239.59,246.16 2 1
github.com/number571/go-peer/cmd/hidden_lake/service/pkg/client/requester.go:246.16,248.3 1 1
github.com/number571/go-peer/cmd/hidden_lake/service/pkg/client/requester.go:249.2,249.12 1 1
github.com/number571/go-peer/cmd/hidden_lake/service/pkg/client/requester.go:252.62,259.16 2 1
github.com/number571/go-peer/cmd/hidden_lake/service/pkg/client/requester.go:259.16,261.3 1 1
github.com/number571/go-peer/cmd/hidden_lake/service/pkg/client/requester.go:263.2,264.19 2 1
github.com/number571/go-peer/cmd/hidden_lake/service/pkg/client/requester.go:264.19,266.3 1 0
github.com/number571/go-peer/cmd/hidden_lake/service/pkg/client/requester.go:268.2,268.20 1 1
github.com/number571/go-peer/cmd/hidden_lake/service/pkg/request/request.go:21.56,27.2 1 1
github.com/number571/go-peer/cmd/hidden_lake/service/pkg/request/request.go:29.55,31.27 2 1
github.com/number571/go-peer/cmd/hidden_lake/service/pkg/request/request.go:32.14,33.62 1 1
github.com/number571/go-peer/cmd/hidden_lake/service/pkg/request/request.go:33.62,35.4 1 0
github.com/number571/go-peer/cmd/hidden_lake/service/pkg/request/request.go:36.3,36.22 1 1
github.com/number571/go-peer/cmd/hidden_lake/service/pkg/request/request.go:37.14,38.32 1 1
github.com/number571/go-peer/cmd/hidden_lake/service/pkg/request/request.go:39.10,40.30 1 0
github.com/number571/go-peer/cmd/hidden_lake/service/pkg/request/request.go:44.37,46.2 1 1
github.com/number571/go-peer/cmd/hidden_lake/service/pkg/request/request.go:48.38,50.2 1 1
github.com/number571/go-peer/cmd/hidden_lake/service/pkg/request/request.go:52.63,54.26 2 1
github.com/number571/go-peer/cmd/hidden_lake/service/pkg/request/request.go:54.26,56.3 1 1
github.com/number571/go-peer/cmd/hidden_lake/service/pkg/request/request.go:57.2,57.10 1 1
github.com/number571/go-peer/cmd/hidden_lake/service/pkg/request/request.go:60.52,63.2 2 1
github.com/number571/go-peer/cmd/hidden_lake/service/pkg/request/request.go:65.37,67.2 1 1
github.com/number571/go-peer/cmd/hidden_lake/service/pkg/request/request.go:69.37,71.2 1 1
github.com/number571/go-peer/cmd/hidden_lake/service/pkg/request/request.go:73.39,75.2 1 1
github.com/number571/go-peer/cmd/hidden_lake/service/pkg/request/request.go:77.48,79.28 2 1
github.com/number571/go-peer/cmd/hidden_lake/service/pkg/request/request.go:79.28,81.3 1 1
github.com/number571/go-peer/cmd/hidden_lake/service/pkg/request/request.go:82.2,82.16 1 1
github.com/number571/go-peer/cmd/hidden_lake/service/pkg/request/request.go:85.37,87.2 1 1
github.com/number571/go-peer/cmd/hidden_lake/service/pkg/response/response.go:19.39,23.2 1 1
github.com/number571/go-peer/cmd/hidden_lake/service/pkg/response/response.go:25.53,27.67 2 1
github.com/number571/go-peer/cmd/hidden_lake/service/pkg/response/response.go:27.67,29.3 1 0
github.com/number571/go-peer/cmd/hidden_lake/service/pkg/response/response.go:30.2,30.22 1 1
github.com/number571/go-peer/cmd/hidden_lake/service/pkg/response/response.go:33.38,35.2 1 1
github.com/number571/go-peer/cmd/hidden_lake/service/pkg/response/response.go:37.39,39.2 1 0
github.com/number571/go-peer/cmd/hidden_lake/service/pkg/response/response.go:41.65,43.26 2 1
github.com/number571/go-peer/cmd/hidden_lake/service/pkg/response/response.go:43.26,45.3 1 1
github.com/number571/go-peer/cmd/hidden_lake/service/pkg/response/response.go:46.2,46.10 1 1
github.com/number571/go-peer/cmd/hidden_lake/service/pkg/response/response.go:49.54,52.2 2 1
github.com/number571/go-peer/cmd/hidden_lake/service/pkg/response/response.go:54.35,56.2 1 0
github.com/number571/go-peer/cmd/hidden_lake/service/pkg/response/response.go:58.49,60.28 2 0
github.com/number571/go-peer/cmd/hidden_lake/service/pkg/response/response.go:60.28,62.3 1 0
github.com/number571/go-peer/cmd/hidden_lake/service/pkg/response/response.go:63.2,63.16 1 0
github.com/number571/go-peer/cmd/hidden_lake/service/pkg/response/response.go:66.38,68.2 1 1
