mode: set
github.com/number571/go-peer/cmd/hidden_lake/adapters/common/send/main.go:15.13,16.23 1 0
github.com/number571/go-peer/cmd/hidden_lake/adapters/common/send/main.go:16.23,17.51 1 0
github.com/number571/go-peer/cmd/hidden_lake/adapters/common/send/main.go:20.2,21.16 2 0
github.com/number571/go-peer/cmd/hidden_lake/adapters/common/send/main.go:21.16,22.13 1 0
github.com/number571/go-peer/cmd/hidden_lake/adapters/common/send/main.go:25.2,26.16 2 0
github.com/number571/go-peer/cmd/hidden_lake/adapters/common/send/main.go:26.16,27.13 1 0
github.com/number571/go-peer/cmd/hidden_lake/adapters/common/send/main.go:30.2,31.60 2 0
github.com/number571/go-peer/cmd/hidden_lake/adapters/common/send/main.go:34.80,35.54 1 0
github.com/number571/go-peer/cmd/hidden_lake/adapters/common/send/main.go:35.54,36.34 1 0
github.com/number571/go-peer/cmd/hidden_lake/adapters/common/send/main.go:36.34,39.4 2 0
github.com/number571/go-peer/cmd/hidden_lake/adapters/common/send/main.go:42.3,43.17 2 0
github.com/number571/go-peer/cmd/hidden_lake/adapters/common/send/main.go:43.17,46.4 2 0
github.com/number571/go-peer/cmd/hidden_lake/adapters/common/send/main.go:48.3,49.28 2 0
github.com/number571/go-peer/cmd/hidden_lake/adapters/common/send/main.go:53.75,60.16 2 0
github.com/number571/go-peer/cmd/hidden_lake/adapters/common/send/main.go:60.16,62.3 1 0
github.com/number571/go-peer/cmd/hidden_lake/adapters/common/send/main.go:65.2,66.16 2 0
github.com/number571/go-peer/cmd/hidden_lake/adapters/common/send/main.go:66.16,68.3 1 0
github.com/number571/go-peer/cmd/hidden_lake/adapters/common/send/main.go:69.2,73.16 3 0
github.com/number571/go-peer/cmd/hidden_lake/adapters/common/send/main.go:73.16,75.3 1 0
github.com/number571/go-peer/cmd/hidden_lake/adapters/common/send/main.go:78.2,78.36 1 0
github.com/number571/go-peer/cmd/hidden_lake/adapters/common/send/main.go:78.36,80.3 1 0
github.com/number571/go-peer/cmd/hidden_lake/adapters/common/send/main.go:82.2,82.50 1 0
github.com/number571/go-peer/cmd/hidden_lake/adapters/common/recv/main.go:29.36,38.16 3 0
github.com/number571/go-peer/cmd/hidden_lake/adapters/common/recv/main.go:38.16,39.13 1 0
github.com/number571/go-peer/cmd/hidden_lake/adapters/common/recv/main.go:41.2,41.56 1 0
github.com/number571/go-peer/cmd/hidden_lake/adapters/common/recv/main.go:41.56,43.3 1 0
github.com/number571/go-peer/cmd/hidden_lake/adapters/common/recv/main.go:44.2,44.83 1 0
github.com/number571/go-peer/cmd/hidden_lake/adapters/common/recv/main.go:44.83,45.13 1 0
github.com/number571/go-peer/cmd/hidden_lake/adapters/common/recv/main.go:47.2,47.11 1 0
github.com/number571/go-peer/cmd/hidden_lake/adapters/common/recv/main.go:50.13,54.23 3 0
github.com/number571/go-peer/cmd/hidden_lake/adapters/common/recv/main.go:54.23,55.48 1 0
github.com/number571/go-peer/cmd/hidden_lake/adapters/common/recv/main.go:58.2,59.16 2 0
github.com/number571/go-peer/cmd/hidden_lake/adapters/common/recv/main.go:59.16,60.13 1 0
github.com/number571/go-peer/cmd/hidden_lake/adapters/common/recv/main.go:63.2,64.16 2 0
github.com/number571/go-peer/cmd/hidden_lake/adapters/common/recv/main.go:64.16,65.13 1 0
github.com/number571/go-peer/cmd/hidden_lake/adapters/common/recv/main.go:68.2,68.43 1 0
github.com/number571/go-peer/cmd/hidden_lake/adapters/common/recv/main.go:71.73,80.6 2 0
github.com/number571/go-peer/cmd/hidden_lake/adapters/common/recv/main.go:80.6,84.17 3 0
github.com/number571/go-peer/cmd/hidden_lake/adapters/common/recv/main.go:84.17,86.12 2 0
github.com/number571/go-peer/cmd/hidden_lake/adapters/common/recv/main.go:89.3,90.17 2 0
github.com/number571/go-peer/cmd/hidden_lake/adapters/common/recv/main.go:90.17,92.12 2 0
github.com/number571/go-peer/cmd/hidden_lake/adapters/common/recv/main.go:95.3,95.43 1 0
github.com/number571/go-peer/cmd/hidden_lake/adapters/common/recv/main.go:95.43,99.18 3 0
github.com/number571/go-peer/cmd/hidden_lake/adapters/common/recv/main.go:99.18,101.13 2 0
github.com/number571/go-peer/cmd/hidden_lake/adapters/common/recv/main.go:104.4,104.55 1 0
github.com/number571/go-peer/cmd/hidden_lake/adapters/common/recv/main.go:104.55,106.13 2 0
github.com/number571/go-peer/cmd/hidden_lake/adapters/common/recv/main.go:112.83,119.16 2 0
github.com/number571/go-peer/cmd/hidden_lake/adapters/common/recv/main.go:119.16,121.3 1 0
github.com/number571/go-peer/cmd/hidden_lake/adapters/common/recv/main.go:124.2,125.16 2 0
github.com/number571/go-peer/cmd/hidden_lake/adapters/common/recv/main.go:125.16,127.3 1 0
github.com/number571/go-peer/cmd/hidden_lake/adapters/common/recv/main.go:128.2,132.16 3 0
github.com/number571/go-peer/cmd/hidden_lake/adapters/common/recv/main.go:132.16,134.3 1 0
github.com/number571/go-peer/cmd/hidden_lake/adapters/common/recv/main.go:137.2,137.46 1 0
github.com/number571/go-peer/cmd/hidden_lake/adapters/common/recv/main.go:137.46,139.3 1 0
github.com/number571/go-peer/cmd/hidden_lake/adapters/common/recv/main.go:141.2,155.16 3 0
github.com/number571/go-peer/cmd/hidden_lake/adapters/common/recv/main.go:155.16,157.3 1 0
github.com/number571/go-peer/cmd/hidden_lake/adapters/common/recv/main.go:159.2,159.17 1 0
github.com/number571/go-peer/cmd/hidden_lake/adapters/common/recv/main.go:162.60,169.16 2 0
github.com/number571/go-peer/cmd/hidden_lake/adapters/common/recv/main.go:169.16,171.3 1 0
github.com/number571/go-peer/cmd/hidden_lake/adapters/common/recv/main.go:174.2,175.16 2 0
github.com/number571/go-peer/cmd/hidden_lake/adapters/common/recv/main.go:175.16,177.3 1 0
github.com/number571/go-peer/cmd/hidden_lake/adapters/common/recv/main.go:178.2,182.16 3 0
github.com/number571/go-peer/cmd/hidden_lake/adapters/common/recv/main.go:182.16,184.3 1 0
github.com/number571/go-peer/cmd/hidden_lake/adapters/common/recv/main.go:187.2,187.50 1 0
github.com/number571/go-peer/cmd/hidden_lake/adapters/common/recv/main.go:187.50,189.3 1 0
github.com/number571/go-peer/cmd/hidden_lake/adapters/common/recv/main.go:191.2,193.16 3 0
github.com/number571/go-peer/cmd/hidden_lake/adapters/common/recv/main.go:193.16,195.3 1 0
github.com/number571/go-peer/cmd/hidden_lake/adapters/common/recv/main.go:197.2,197.26 1 0
github.com/number571/go-peer/cmd/hidden_lake/adapters/common/recv/main.go:200.63,202.16 2 0
github.com/number571/go-peer/cmd/hidden_lake/adapters/common/recv/main.go:202.16,204.3 1 0
github.com/number571/go-peer/cmd/hidden_lake/adapters/common/recv/main.go:206.2,207.16 2 0
github.com/number571/go-peer/cmd/hidden_lake/adapters/common/recv/main.go:207.16,209.3 1 0
github.com/number571/go-peer/cmd/hidden_lake/adapters/common/recv/main.go:211.2,211.19 1 0
github.com/number571/go-peer/cmd/hidden_lake/adapters/common/recv/main.go:214.56,216.16 2 0
github.com/number571/go-peer/cmd/hidden_lake/adapters/common/recv/main.go:216.16,218.3 1 0
github.com/number571/go-peer/cmd/hidden_lake/adapters/common/recv/main.go:220.2,220.89 1 0
github.com/number571/go-peer/cmd/hidden_lake/adapters/common/recv/main.go:220.89,222.3 1 0
github.com/number571/go-peer/cmd/hidden_lake/adapters/common/recv/main.go:224.2,224.12 1 0
github.com/number571/go-peer/cmd/hidden_lake/adapters/common/service/main.go:27.36,36.16 3 0
github.com/number571/go-peer/cmd/hidden_lake/adapters/common/service/main.go:36.16,37.13 1 0
github.com/number571/go-peer/cmd/hidden_lake/adapters/common/service/main.go:39.2,39.56 1 0
github.com/number571/go-peer/cmd/hidden_lake/adapters/common/service/main.go:39.56,41.3 1 0
github.com/number571/go-peer/cmd/hidden_lake/adapters/common/service/main.go:42.2,42.66 1 0
github.com/number571/go-peer/cmd/hidden_lake/adapters/common/service/main.go:42.66,43.13 1 0
github.com/number571/go-peer/cmd/hidden_lake/adapters/common/service/main.go:45.2,45.11 1 0
github.com/number571/go-peer/cmd/hidden_lake/adapters/common/service/main.go:48.13,52.23 3 0
github.com/number571/go-peer/cmd/hidden_lake/adapters/common/service/main.go:52.23,53.28 1 0
github.com/number571/go-peer/cmd/hidden_lake/adapters/common/service/main.go:56.2,57.16 2 0
github.com/number571/go-peer/cmd/hidden_lake/adapters/common/service/main.go:57.16,58.13 1 0
github.com/number571/go-peer/cmd/hidden_lake/adapters/common/service/main.go:61.2,65.52 4 0
github.com/number571/go-peer/cmd/hidden_lake/adapters/common/service/main.go:68.55,71.33 2 0
github.com/number571/go-peer/cmd/hidden_lake/adapters/common/service/main.go:71.33,74.3 2 0
github.com/number571/go-peer/cmd/hidden_lake/adapters/common/service/main.go:76.2,77.16 2 0
github.com/number571/go-peer/cmd/hidden_lake/adapters/common/service/main.go:77.16,80.3 2 0
github.com/number571/go-peer/cmd/hidden_lake/adapters/common/service/main.go:82.2,82.42 1 0
github.com/number571/go-peer/cmd/hidden_lake/adapters/common/service/main.go:82.42,85.3 2 0
github.com/number571/go-peer/cmd/hidden_lake/adapters/common/service/main.go:87.2,87.20 1 0
github.com/number571/go-peer/cmd/hidden_lake/adapters/common/service/main.go:90.55,93.32 2 0
github.com/number571/go-peer/cmd/hidden_lake/adapters/common/service/main.go:93.32,96.3 2 0
github.com/number571/go-peer/cmd/hidden_lake/adapters/common/service/main.go:98.2,99.16 2 0
github.com/number571/go-peer/cmd/hidden_lake/adapters/common/service/main.go:99.16,102.3 2 0
github.com/number571/go-peer/cmd/hidden_lake/adapters/common/service/main.go:104.2,104.30 1 0
github.com/number571/go-peer/cmd/hidden_lake/adapters/common/service/main.go:107.55,110.32 2 0
github.com/number571/go-peer/cmd/hidden_lake/adapters/common/service/main.go:110.32,113.3 2 0
github.com/number571/go-peer/cmd/hidden_lake/adapters/common/service/main.go:115.2,119.16 4 0
github.com/number571/go-peer/cmd/hidden_lake/adapters/common/service/main.go:119.16,122.3 2 0
github.com/number571/go-peer/cmd/hidden_lake/adapters/common/service/main.go:124.2,125.16 2 0
github.com/number571/go-peer/cmd/hidden_lake/adapters/common/service/main.go:125.16,128.3 2 0
github.com/number571/go-peer/cmd/hidden_lake/adapters/common/service/main.go:130.2,130.60 1 0
github.com/number571/go-peer/cmd/hidden_lake/adapters/common/service/main.go:133.40,135.16 2 0
github.com/number571/go-peer/cmd/hidden_lake/adapters/common/service/main.go:135.16,137.3 1 0
github.com/number571/go-peer/cmd/hidden_lake/adapters/common/service/main.go:139.2,140.16 2 0
github.com/number571/go-peer/cmd/hidden_lake/adapters/common/service/main.go:140.16,142.3 1 0
github.com/number571/go-peer/cmd/hidden_lake/adapters/common/service/main.go:144.2,144.19 1 0
github.com/number571/go-peer/cmd/hidden_lake/adapters/common/service/main.go:147.52,149.16 2 0
github.com/number571/go-peer/cmd/hidden_lake/adapters/common/service/main.go:149.16,151.3 1 0
github.com/number571/go-peer/cmd/hidden_lake/adapters/common/service/main.go:153.2,153.18 1 0
github.com/number571/go-peer/cmd/hidden_lake/adapters/common/service/main.go:156.38,161.16 4 0
github.com/number571/go-peer/cmd/hidden_lake/adapters/common/service/main.go:161.16,163.3 1 0
github.com/number571/go-peer/cmd/hidden_lake/adapters/common/service/main.go:165.2,165.71 1 0
github.com/number571/go-peer/cmd/hidden_lake/adapters/common/service/main.go:165.71,167.3 1 0
github.com/number571/go-peer/cmd/hidden_lake/adapters/common/service/main.go:169.2,169.89 1 0
github.com/number571/go-peer/cmd/hidden_lake/adapters/common/service/main.go:169.89,171.3 1 0
github.com/number571/go-peer/cmd/hidden_lake/adapters/common/service/main.go:173.2,173.12 1 0
github.com/number571/go-peer/cmd/hidden_lake/composite/default/service_traffic/cmd/hlc_st/init_app.go:19.52,21.16 2 0
github.com/number571/go-peer/cmd/hidden_lake/composite/default/service_traffic/cmd/hlc_st/init_app.go:21.16,23.3 1 0
github.com/number571/go-peer/cmd/hidden_lake/composite/default/service_traffic/cmd/hlc_st/init_app.go:25.2,26.16 2 0
github.com/number571/go-peer/cmd/hidden_lake/composite/default/service_traffic/cmd/hlc_st/init_app.go:26.16,28.3 1 0
github.com/number571/go-peer/cmd/hidden_lake/composite/default/service_traffic/cmd/hlc_st/init_app.go:30.2,33.8 1 0
github.com/number571/go-peer/cmd/hidden_lake/composite/default/service_traffic/cmd/hlc_st/init_app.go:36.28,37.37 1 0
github.com/number571/go-peer/cmd/hidden_lake/composite/default/service_traffic/cmd/hlc_st/init_app.go:37.37,39.3 1 0
github.com/number571/go-peer/cmd/hidden_lake/composite/default/service_traffic/cmd/hlc_st/init_app.go:40.2,40.21 1 0
github.com/number571/go-peer/cmd/hidden_lake/composite/default/service_traffic/cmd/hlc_st/init_app.go:43.29,45.2 1 0
github.com/number571/go-peer/cmd/hidden_lake/composite/default/service_traffic/cmd/hlc_st/main.go:9.13,11.16 2 0
github.com/number571/go-peer/cmd/hidden_lake/composite/default/service_traffic/cmd/hlc_st/main.go:11.16,12.13 1 0
github.com/number571/go-peer/cmd/hidden_lake/composite/default/service_traffic/cmd/hlc_st/main.go:15.2,18.34 3 0
github.com/number571/go-peer/cmd/hidden_lake/composite/default/service_traffic/cmd/hlc_st/main.go:18.34,19.13 1 0
github.com/number571/go-peer/cmd/hidden_lake/composite/default/service_traffic/cmd/hlc_st/main.go:21.2,21.15 1 0
github.com/number571/go-peer/cmd/hidden_lake/composite/default/service_traffic/cmd/hlc_st/main.go:21.15,22.36 1 0
github.com/number571/go-peer/cmd/hidden_lake/composite/default/service_traffic/cmd/hlc_st/main.go:22.36,23.14 1 0
github.com/number571/go-peer/cmd/hidden_lake/composite/default/service_traffic/cmd/hlc_st/main.go:27.2,27.12 1 0
github.com/number571/go-peer/cmd/hidden_lake/composite/default/service_traffic_messenger/cmd/hlc_stm/init_app.go:21.52,23.16 2 0
github.com/number571/go-peer/cmd/hidden_lake/composite/default/service_traffic_messenger/cmd/hlc_stm/init_app.go:23.16,25.3 1 0
github.com/number571/go-peer/cmd/hidden_lake/composite/default/service_traffic_messenger/cmd/hlc_stm/init_app.go:27.2,28.16 2 0
github.com/number571/go-peer/cmd/hidden_lake/composite/default/service_traffic_messenger/cmd/hlc_stm/init_app.go:28.16,30.3 1 0
github.com/number571/go-peer/cmd/hidden_lake/composite/default/service_traffic_messenger/cmd/hlc_stm/init_app.go:32.2,33.16 2 0
github.com/number571/go-peer/cmd/hidden_lake/composite/default/service_traffic_messenger/cmd/hlc_stm/init_app.go:33.16,35.3 1 0
github.com/number571/go-peer/cmd/hidden_lake/composite/default/service_traffic_messenger/cmd/hlc_stm/init_app.go:37.2,41.8 1 0
github.com/number571/go-peer/cmd/hidden_lake/composite/default/service_traffic_messenger/cmd/hlc_stm/init_app.go:44.28,45.37 1 0
github.com/number571/go-peer/cmd/hidden_lake/composite/default/service_traffic_messenger/cmd/hlc_stm/init_app.go:45.37,47.3 1 0
github.com/number571/go-peer/cmd/hidden_lake/composite/default/service_traffic_messenger/cmd/hlc_stm/init_app.go:48.2,48.37 1 0
github.com/number571/go-peer/cmd/hidden_lake/composite/default/service_traffic_messenger/cmd/hlc_stm/init_app.go:48.37,50.3 1 0
github.com/number571/go-peer/cmd/hidden_lake/composite/default/service_traffic_messenger/cmd/hlc_stm/init_app.go:51.2,51.21 1 0
github.com/number571/go-peer/cmd/hidden_lake/composite/default/service_traffic_messenger/cmd/hlc_stm/init_app.go:54.29,58.2 3 0
github.com/number571/go-peer/cmd/hidden_lake/composite/default/service_traffic_messenger/cmd/hlc_stm/main.go:9.13,11.16 2 0
github.com/number571/go-peer/cmd/hidden_lake/composite/default/service_traffic_messenger/cmd/hlc_stm/main.go:11.16,12.13 1 0
github.com/number571/go-peer/cmd/hidden_lake/composite/default/service_traffic_messenger/cmd/hlc_stm/main.go:15.2,18.34 3 0
github.com/number571/go-peer/cmd/hidden_lake/composite/default/service_traffic_messenger/cmd/hlc_stm/main.go:18.34,19.13 1 0
github.com/number571/go-peer/cmd/hidden_lake/composite/default/service_traffic_messenger/cmd/hlc_stm/main.go:21.2,21.15 1 0
github.com/number571/go-peer/cmd/hidden_lake/composite/default/service_traffic_messenger/cmd/hlc_stm/main.go:21.15,22.36 1 0
github.com/number571/go-peer/cmd/hidden_lake/composite/default/service_traffic_messenger/cmd/hlc_stm/main.go:22.36,23.14 1 0
github.com/number571/go-peer/cmd/hidden_lake/composite/default/service_traffic_messenger/cmd/hlc_stm/main.go:27.2,27.12 1 0
github.com/number571/go-peer/cmd/hidden_lake/composite/default/service_messenger/cmd/hlc_sm/init_app.go:19.52,21.16 2 0
github.com/number571/go-peer/cmd/hidden_lake/composite/default/service_messenger/cmd/hlc_sm/init_app.go:21.16,23.3 1 0
github.com/number571/go-peer/cmd/hidden_lake/composite/default/service_messenger/cmd/hlc_sm/init_app.go:25.2,26.16 2 0
github.com/number571/go-peer/cmd/hidden_lake/composite/default/service_messenger/cmd/hlc_sm/init_app.go:26.16,28.3 1 0
github.com/number571/go-peer/cmd/hidden_lake/composite/default/service_messenger/cmd/hlc_sm/init_app.go:30.2,33.8 1 0
github.com/number571/go-peer/cmd/hidden_lake/composite/default/service_messenger/cmd/hlc_sm/init_app.go:36.28,37.37 1 0
github.com/number571/go-peer/cmd/hidden_lake/composite/default/service_messenger/cmd/hlc_sm/init_app.go:37.37,39.3 1 0
github.com/number571/go-peer/cmd/hidden_lake/composite/default/service_messenger/cmd/hlc_sm/init_app.go:40.2,40.21 1 0
github.com/number571/go-peer/cmd/hidden_lake/composite/default/service_messenger/cmd/hlc_sm/init_app.go:43.29,46.2 2 0
github.com/number571/go-peer/cmd/hidden_lake/composite/default/service_messenger/cmd/hlc_sm/main.go:9.13,11.16 2 0
github.com/number571/go-peer/cmd/hidden_lake/composite/default/service_messenger/cmd/hlc_sm/main.go:11.16,12.13 1 0
github.com/number571/go-peer/cmd/hidden_lake/composite/default/service_messenger/cmd/hlc_sm/main.go:15.2,18.34 3 0
github.com/number571/go-peer/cmd/hidden_lake/composite/default/service_messenger/cmd/hlc_sm/main.go:18.34,19.13 1 0
github.com/number571/go-peer/cmd/hidden_lake/composite/default/service_messenger/cmd/hlc_sm/main.go:21.2,21.15 1 0
github.com/number571/go-peer/cmd/hidden_lake/composite/default/service_messenger/cmd/hlc_sm/main.go:21.15,22.36 1 0
github.com/number571/go-peer/cmd/hidden_lake/composite/default/service_messenger/cmd/hlc_sm/main.go:22.36,23.14 1 0
github.com/number571/go-peer/cmd/hidden_lake/composite/default/service_messenger/cmd/hlc_sm/main.go:27.2,27.12 1 0
github.com/number571/go-peer/cmd/hidden_lake/messenger/web/web.go:34.28,35.19 1 0
github.com/number571/go-peer/cmd/hidden_lake/messenger/web/web.go:35.19,37.3 1 0
github.com/number571/go-peer/cmd/hidden_lake/messenger/web/web.go:38.2,39.16 2 0
github.com/number571/go-peer/cmd/hidden_lake/messenger/web/web.go:39.16,40.13 1 0
github.com/number571/go-peer/cmd/hidden_lake/messenger/web/web.go:42.2,42.13 1 0
github.com/number571/go-peer/cmd/hidden_lake/messenger/web/web.go:45.30,46.19 1 0
github.com/number571/go-peer/cmd/hidden_lake/messenger/web/web.go:46.19,48.3 1 0
github.com/number571/go-peer/cmd/hidden_lake/messenger/web/web.go:49.2,50.16 2 0
github.com/number571/go-peer/cmd/hidden_lake/messenger/web/web.go:50.16,51.13 1 0
github.com/number571/go-peer/cmd/hidden_lake/messenger/web/web.go:53.2,53.13 1 0
github.com/number571/go-peer/cmd/hidden_lake/messenger/internal/database/database.go:17.68,25.16 2 0
github.com/number571/go-peer/cmd/hidden_lake/messenger/internal/database/database.go:25.16,27.3 1 0
github.com/number571/go-peer/cmd/hidden_lake/messenger/internal/database/database.go:28.2,30.8 1 0
github.com/number571/go-peer/cmd/hidden_lake/messenger/internal/database/database.go:33.49,38.2 3 0
github.com/number571/go-peer/cmd/hidden_lake/messenger/internal/database/database.go:40.83,44.19 3 0
github.com/number571/go-peer/cmd/hidden_lake/messenger/internal/database/database.go:44.19,46.3 1 0
github.com/number571/go-peer/cmd/hidden_lake/messenger/internal/database/database.go:48.2,49.17 2 0
github.com/number571/go-peer/cmd/hidden_lake/messenger/internal/database/database.go:49.17,51.3 1 0
github.com/number571/go-peer/cmd/hidden_lake/messenger/internal/database/database.go:53.2,54.33 2 0
github.com/number571/go-peer/cmd/hidden_lake/messenger/internal/database/database.go:54.33,56.17 2 0
github.com/number571/go-peer/cmd/hidden_lake/messenger/internal/database/database.go:56.17,58.4 1 0
github.com/number571/go-peer/cmd/hidden_lake/messenger/internal/database/database.go:59.3,60.17 2 0
github.com/number571/go-peer/cmd/hidden_lake/messenger/internal/database/database.go:60.17,62.4 1 0
github.com/number571/go-peer/cmd/hidden_lake/messenger/internal/database/database.go:63.3,63.25 1 0
github.com/number571/go-peer/cmd/hidden_lake/messenger/internal/database/database.go:66.2,66.17 1 0
github.com/number571/go-peer/cmd/hidden_lake/messenger/internal/database/database.go:69.63,73.86 3 0
github.com/number571/go-peer/cmd/hidden_lake/messenger/internal/database/database.go:73.86,75.3 1 0
github.com/number571/go-peer/cmd/hidden_lake/messenger/internal/database/database.go:77.2,77.94 1 0
github.com/number571/go-peer/cmd/hidden_lake/messenger/internal/database/database.go:77.94,79.3 1 0
github.com/number571/go-peer/cmd/hidden_lake/messenger/internal/database/database.go:81.2,83.66 3 0
github.com/number571/go-peer/cmd/hidden_lake/messenger/internal/database/database.go:83.66,85.3 1 0
github.com/number571/go-peer/cmd/hidden_lake/messenger/internal/database/database.go:87.2,87.84 1 0
github.com/number571/go-peer/cmd/hidden_lake/messenger/internal/database/database.go:87.84,89.3 1 0
github.com/number571/go-peer/cmd/hidden_lake/messenger/internal/database/database.go:91.2,91.12 1 0
github.com/number571/go-peer/cmd/hidden_lake/messenger/internal/database/database.go:94.37,98.41 3 0
github.com/number571/go-peer/cmd/hidden_lake/messenger/internal/database/database.go:98.41,100.3 1 0
github.com/number571/go-peer/cmd/hidden_lake/messenger/internal/database/database.go:101.2,101.12 1 0
github.com/number571/go-peer/cmd/hidden_lake/messenger/internal/database/database.go:104.52,106.16 2 0
github.com/number571/go-peer/cmd/hidden_lake/messenger/internal/database/database.go:106.16,108.3 1 0
github.com/number571/go-peer/cmd/hidden_lake/messenger/internal/database/database.go:110.2,112.36 3 0
github.com/number571/go-peer/cmd/hidden_lake/messenger/internal/database/keys.go:13.38,19.2 1 0
github.com/number571/go-peer/cmd/hidden_lake/messenger/internal/database/keys.go:21.58,28.2 1 0
github.com/number571/go-peer/cmd/hidden_lake/messenger/internal/database/keys.go:30.61,37.2 1 0
github.com/number571/go-peer/cmd/hidden_lake/messenger/internal/database/message.go:22.78,33.2 2 0
github.com/number571/go-peer/cmd/hidden_lake/messenger/internal/database/message.go:35.45,37.47 1 0
github.com/number571/go-peer/cmd/hidden_lake/messenger/internal/database/message.go:37.47,39.3 1 0
github.com/number571/go-peer/cmd/hidden_lake/messenger/internal/database/message.go:40.2,41.23 2 0
github.com/number571/go-peer/cmd/hidden_lake/messenger/internal/database/message.go:41.23,43.3 1 0
github.com/number571/go-peer/cmd/hidden_lake/messenger/internal/database/message.go:44.2,49.3 1 0
github.com/number571/go-peer/cmd/hidden_lake/messenger/internal/database/message.go:52.38,54.2 1 0
github.com/number571/go-peer/cmd/hidden_lake/messenger/internal/database/message.go:56.42,58.2 1 0
github.com/number571/go-peer/cmd/hidden_lake/messenger/internal/database/message.go:60.40,62.2 1 0
github.com/number571/go-peer/cmd/hidden_lake/messenger/internal/database/message.go:64.42,66.2 1 0
github.com/number571/go-peer/cmd/hidden_lake/messenger/internal/database/message.go:68.37,70.19 2 0
github.com/number571/go-peer/cmd/hidden_lake/messenger/internal/database/message.go:70.19,72.3 1 0
github.com/number571/go-peer/cmd/hidden_lake/messenger/internal/database/message.go:73.2,81.3 1 0
github.com/number571/go-peer/cmd/hidden_lake/messenger/internal/database/relation.go:14.62,19.2 1 0
github.com/number571/go-peer/cmd/hidden_lake/messenger/internal/database/relation.go:21.46,23.2 1 0
github.com/number571/go-peer/cmd/hidden_lake/messenger/internal/database/relation.go:25.49,27.2 1 0
github.com/number571/go-peer/cmd/hidden_lake/messenger/internal/database/wrapper.go:19.32,21.2 1 0
github.com/number571/go-peer/cmd/hidden_lake/messenger/internal/database/wrapper.go:23.40,28.9 4 0
github.com/number571/go-peer/cmd/hidden_lake/messenger/internal/database/wrapper.go:28.9,30.3 1 0
github.com/number571/go-peer/cmd/hidden_lake/messenger/internal/database/wrapper.go:32.2,32.11 1 0
github.com/number571/go-peer/cmd/hidden_lake/messenger/internal/database/wrapper.go:35.54,41.2 4 0
github.com/number571/go-peer/cmd/hidden_lake/messenger/internal/database/wrapper.go:43.36,48.9 4 0
github.com/number571/go-peer/cmd/hidden_lake/messenger/internal/database/wrapper.go:48.9,50.3 1 0
github.com/number571/go-peer/cmd/hidden_lake/messenger/internal/database/wrapper.go:52.2,53.35 2 0
github.com/number571/go-peer/cmd/hidden_lake/messenger/internal/database/wrapper.go:53.35,55.3 1 0
github.com/number571/go-peer/cmd/hidden_lake/messenger/internal/database/wrapper.go:56.2,56.12 1 0
github.com/number571/go-peer/cmd/hidden_lake/service/cmd/hls/main.go:14.13,18.16 3 0
github.com/number571/go-peer/cmd/hidden_lake/service/cmd/hls/main.go:18.16,19.13 1 0
github.com/number571/go-peer/cmd/hidden_lake/service/cmd/hls/main.go:22.2,25.34 3 0
github.com/number571/go-peer/cmd/hidden_lake/service/cmd/hls/main.go:25.34,26.13 1 0
github.com/number571/go-peer/cmd/hidden_lake/service/cmd/hls/main.go:28.2,28.15 1 0
github.com/number571/go-peer/cmd/hidden_lake/service/cmd/hls/main.go:28.15,29.36 1 0
github.com/number571/go-peer/cmd/hidden_lake/service/cmd/hls/main.go:29.36,30.14 1 0
github.com/number571/go-peer/cmd/hidden_lake/service/cmd/hls/main.go:34.2,34.12 1 0
github.com/number571/go-peer/cmd/hidden_lake/messenger/pkg/app/app.go:42.18,48.2 1 0
github.com/number571/go-peer/cmd/hidden_lake/messenger/pkg/app/app.go:50.28,54.14 3 0
github.com/number571/go-peer/cmd/hidden_lake/messenger/pkg/app/app.go:54.14,56.3 1 0
github.com/number571/go-peer/cmd/hidden_lake/messenger/pkg/app/app.go:57.2,64.12 5 0
github.com/number571/go-peer/cmd/hidden_lake/messenger/pkg/app/app.go:64.12,66.58 2 0
github.com/number571/go-peer/cmd/hidden_lake/messenger/pkg/app/app.go:66.58,69.4 2 0
github.com/number571/go-peer/cmd/hidden_lake/messenger/pkg/app/app.go:72.2,72.12 1 0
github.com/number571/go-peer/cmd/hidden_lake/messenger/pkg/app/app.go:72.12,74.58 2 0
github.com/number571/go-peer/cmd/hidden_lake/messenger/pkg/app/app.go:74.58,77.4 2 0
github.com/number571/go-peer/cmd/hidden_lake/messenger/pkg/app/app.go:80.2,80.9 1 0
github.com/number571/go-peer/cmd/hidden_lake/messenger/pkg/app/app.go:81.20,82.86 1 0
github.com/number571/go-peer/cmd/hidden_lake/messenger/pkg/app/app.go:83.32,85.13 2 0
github.com/number571/go-peer/cmd/hidden_lake/messenger/pkg/app/app.go:89.29,93.15 3 0
github.com/number571/go-peer/cmd/hidden_lake/messenger/pkg/app/app.go:93.15,95.3 1 0
github.com/number571/go-peer/cmd/hidden_lake/messenger/pkg/app/app.go:96.2,107.16 5 0
github.com/number571/go-peer/cmd/hidden_lake/messenger/pkg/app/app.go:107.16,109.3 1 0
github.com/number571/go-peer/cmd/hidden_lake/messenger/pkg/app/app.go:110.2,110.12 1 0
github.com/number571/go-peer/cmd/hidden_lake/messenger/pkg/app/init_app.go:14.59,18.16 3 0
github.com/number571/go-peer/cmd/hidden_lake/messenger/pkg/app/init_app.go:18.16,20.3 1 0
github.com/number571/go-peer/cmd/hidden_lake/messenger/pkg/app/init_app.go:22.2,22.36 1 0
github.com/number571/go-peer/cmd/hidden_lake/messenger/pkg/app/init_service.go:15.42,23.2 3 0
github.com/number571/go-peer/cmd/hidden_lake/messenger/pkg/app/init_service.go:25.43,55.2 19 0
github.com/number571/go-peer/cmd/hidden_lake/messenger/pkg/app/init_service.go:57.92,58.71 1 0
github.com/number571/go-peer/cmd/hidden_lake/messenger/pkg/app/init_service.go:58.71,59.57 1 0
github.com/number571/go-peer/cmd/hidden_lake/messenger/pkg/app/init_service.go:59.57,62.4 2 0
github.com/number571/go-peer/cmd/hidden_lake/messenger/pkg/app/init_service.go:63.3,63.39 1 0
github.com/number571/go-peer/cmd/hidden_lake/messenger/pkg/app/state/clear.go:8.50,9.47 1 0
github.com/number571/go-peer/cmd/hidden_lake/messenger/pkg/app/state/clear.go:9.47,11.3 1 0
github.com/number571/go-peer/cmd/hidden_lake/messenger/pkg/app/state/clear.go:13.2,13.47 1 0
github.com/number571/go-peer/cmd/hidden_lake/messenger/pkg/app/state/clear.go:13.47,15.3 1 0
github.com/number571/go-peer/cmd/hidden_lake/messenger/pkg/app/state/clear.go:17.2,17.51 1 0
github.com/number571/go-peer/cmd/hidden_lake/messenger/pkg/app/state/clear.go:17.51,19.3 1 0
github.com/number571/go-peer/cmd/hidden_lake/messenger/pkg/app/state/clear.go:21.2,21.12 1 0
github.com/number571/go-peer/cmd/hidden_lake/messenger/pkg/app/state/clear.go:24.52,28.16 3 0
github.com/number571/go-peer/cmd/hidden_lake/messenger/pkg/app/state/clear.go:28.16,30.3 1 0
github.com/number571/go-peer/cmd/hidden_lake/messenger/pkg/app/state/clear.go:32.2,33.71 2 0
github.com/number571/go-peer/cmd/hidden_lake/messenger/pkg/app/state/clear.go:33.71,35.3 1 0
github.com/number571/go-peer/cmd/hidden_lake/messenger/pkg/app/state/clear.go:36.2,36.12 1 0
github.com/number571/go-peer/cmd/hidden_lake/messenger/pkg/app/state/clear.go:39.52,43.16 3 0
github.com/number571/go-peer/cmd/hidden_lake/messenger/pkg/app/state/clear.go:43.16,45.3 1 0
github.com/number571/go-peer/cmd/hidden_lake/messenger/pkg/app/state/clear.go:47.2,47.33 1 0
github.com/number571/go-peer/cmd/hidden_lake/messenger/pkg/app/state/clear.go:47.33,48.53 1 0
github.com/number571/go-peer/cmd/hidden_lake/messenger/pkg/app/state/clear.go:48.53,50.4 1 0
github.com/number571/go-peer/cmd/hidden_lake/messenger/pkg/app/state/clear.go:53.2,53.12 1 0
github.com/number571/go-peer/cmd/hidden_lake/messenger/pkg/app/state/clear.go:56.56,60.16 3 0
github.com/number571/go-peer/cmd/hidden_lake/messenger/pkg/app/state/clear.go:60.16,62.3 1 0
github.com/number571/go-peer/cmd/hidden_lake/messenger/pkg/app/state/clear.go:63.2,63.32 1 0
github.com/number571/go-peer/cmd/hidden_lake/messenger/pkg/app/state/clear.go:63.32,64.52 1 0
github.com/number571/go-peer/cmd/hidden_lake/messenger/pkg/app/state/clear.go:64.52,66.4 1 0
github.com/number571/go-peer/cmd/hidden_lake/messenger/pkg/app/state/clear.go:69.2,69.12 1 0
github.com/number571/go-peer/cmd/hidden_lake/messenger/pkg/app/state/init_storage.go:12.89,18.16 3 0
github.com/number571/go-peer/cmd/hidden_lake/messenger/pkg/app/state/init_storage.go:18.16,20.3 1 0
github.com/number571/go-peer/cmd/hidden_lake/messenger/pkg/app/state/init_storage.go:21.2,21.17 1 0
github.com/number571/go-peer/cmd/hidden_lake/messenger/pkg/app/state/state.go:39.17,41.16 2 0
github.com/number571/go-peer/cmd/hidden_lake/messenger/pkg/app/state/state.go:41.16,42.13 1 0
github.com/number571/go-peer/cmd/hidden_lake/messenger/pkg/app/state/state.go:44.2,56.3 1 0
github.com/number571/go-peer/cmd/hidden_lake/messenger/pkg/app/state/state.go:59.52,61.2 1 0
github.com/number571/go-peer/cmd/hidden_lake/messenger/pkg/app/state/state.go:63.56,65.2 1 0
github.com/number571/go-peer/cmd/hidden_lake/messenger/pkg/app/state/state.go:67.60,69.2 1 0
github.com/number571/go-peer/cmd/hidden_lake/messenger/pkg/app/state/state.go:71.55,76.2 1 0
github.com/number571/go-peer/cmd/hidden_lake/messenger/pkg/app/state/state.go:78.89,79.51 1 0
github.com/number571/go-peer/cmd/hidden_lake/messenger/pkg/app/state/state.go:79.51,81.3 1 0
github.com/number571/go-peer/cmd/hidden_lake/messenger/pkg/app/state/state.go:82.2,82.61 1 0
github.com/number571/go-peer/cmd/hidden_lake/messenger/pkg/app/state/state.go:82.61,84.3 1 0
github.com/number571/go-peer/cmd/hidden_lake/messenger/pkg/app/state/state.go:85.2,85.12 1 0
github.com/number571/go-peer/cmd/hidden_lake/messenger/pkg/app/state/state.go:88.57,92.23 3 0
github.com/number571/go-peer/cmd/hidden_lake/messenger/pkg/app/state/state.go:92.23,94.3 1 0
github.com/number571/go-peer/cmd/hidden_lake/messenger/pkg/app/state/state.go:96.2,97.16 2 0
github.com/number571/go-peer/cmd/hidden_lake/messenger/pkg/app/state/state.go:97.16,99.3 1 0
github.com/number571/go-peer/cmd/hidden_lake/messenger/pkg/app/state/state.go:101.2,106.16 3 0
github.com/number571/go-peer/cmd/hidden_lake/messenger/pkg/app/state/state.go:106.16,108.3 1 0
github.com/number571/go-peer/cmd/hidden_lake/messenger/pkg/app/state/state.go:110.2,111.56 2 0
github.com/number571/go-peer/cmd/hidden_lake/messenger/pkg/app/state/state.go:111.56,113.3 1 0
github.com/number571/go-peer/cmd/hidden_lake/messenger/pkg/app/state/state.go:114.2,117.12 3 0
github.com/number571/go-peer/cmd/hidden_lake/messenger/pkg/app/state/state.go:120.44,124.24 3 0
github.com/number571/go-peer/cmd/hidden_lake/messenger/pkg/app/state/state.go:124.24,126.3 1 0
github.com/number571/go-peer/cmd/hidden_lake/messenger/pkg/app/state/state.go:128.2,130.49 2 0
github.com/number571/go-peer/cmd/hidden_lake/messenger/pkg/app/state/state.go:130.49,132.3 1 0
github.com/number571/go-peer/cmd/hidden_lake/messenger/pkg/app/state/state.go:134.2,134.45 1 0
github.com/number571/go-peer/cmd/hidden_lake/messenger/pkg/app/state/state.go:134.45,136.3 1 0
github.com/number571/go-peer/cmd/hidden_lake/messenger/pkg/app/state/state.go:138.2,138.12 1 0
github.com/number571/go-peer/cmd/hidden_lake/messenger/pkg/app/state/state.go:141.88,144.37 1 0
github.com/number571/go-peer/cmd/hidden_lake/messenger/pkg/app/state/state.go:144.37,146.4 1 0
github.com/number571/go-peer/cmd/hidden_lake/messenger/pkg/app/state/state.go:148.2,148.16 1 0
github.com/number571/go-peer/cmd/hidden_lake/messenger/pkg/app/state/state.go:148.16,150.3 1 0
github.com/number571/go-peer/cmd/hidden_lake/messenger/pkg/app/state/state.go:151.2,151.12 1 0
github.com/number571/go-peer/cmd/hidden_lake/messenger/pkg/app/state/state.go:154.60,157.37 1 0
github.com/number571/go-peer/cmd/hidden_lake/messenger/pkg/app/state/state.go:157.37,159.4 1 0
github.com/number571/go-peer/cmd/hidden_lake/messenger/pkg/app/state/state.go:161.2,161.16 1 0
github.com/number571/go-peer/cmd/hidden_lake/messenger/pkg/app/state/state.go:161.16,163.3 1 0
github.com/number571/go-peer/cmd/hidden_lake/messenger/pkg/app/state/state.go:164.2,164.12 1 0
github.com/number571/go-peer/cmd/hidden_lake/messenger/pkg/app/state/state.go:167.62,170.37 1 0
github.com/number571/go-peer/cmd/hidden_lake/messenger/pkg/app/state/state.go:170.37,171.67 1 0
github.com/number571/go-peer/cmd/hidden_lake/messenger/pkg/app/state/state.go:171.67,173.5 1 0
github.com/number571/go-peer/cmd/hidden_lake/messenger/pkg/app/state/state.go:174.4,177.5 1 0
github.com/number571/go-peer/cmd/hidden_lake/messenger/pkg/app/state/state.go:180.2,180.16 1 0
github.com/number571/go-peer/cmd/hidden_lake/messenger/pkg/app/state/state.go:180.16,182.3 1 0
github.com/number571/go-peer/cmd/hidden_lake/messenger/pkg/app/state/state.go:183.2,183.12 1 0
github.com/number571/go-peer/cmd/hidden_lake/messenger/pkg/app/state/state.go:186.62,189.37 1 0
github.com/number571/go-peer/cmd/hidden_lake/messenger/pkg/app/state/state.go:189.37,194.4 1 0
github.com/number571/go-peer/cmd/hidden_lake/messenger/pkg/app/state/state.go:196.2,196.16 1 0
github.com/number571/go-peer/cmd/hidden_lake/messenger/pkg/app/state/state.go:196.16,198.3 1 0
github.com/number571/go-peer/cmd/hidden_lake/messenger/pkg/app/state/state.go:199.2,199.12 1 0
github.com/number571/go-peer/cmd/hidden_lake/messenger/pkg/app/state/state.go:202.46,204.2 1 0
github.com/number571/go-peer/cmd/hidden_lake/messenger/pkg/app/state/state.go:206.93,210.65 2 0
github.com/number571/go-peer/cmd/hidden_lake/messenger/pkg/app/state/state.go:210.65,212.3 1 0
github.com/number571/go-peer/cmd/hidden_lake/messenger/pkg/app/state/state.go:213.2,213.12 1 0
github.com/number571/go-peer/cmd/hidden_lake/messenger/pkg/app/state/state.go:216.75,218.67 2 0
github.com/number571/go-peer/cmd/hidden_lake/messenger/pkg/app/state/state.go:218.67,220.3 1 0
github.com/number571/go-peer/cmd/hidden_lake/messenger/pkg/app/state/state.go:221.2,221.12 1 0
github.com/number571/go-peer/cmd/hidden_lake/messenger/pkg/app/state/state.go:224.81,226.16 2 0
github.com/number571/go-peer/cmd/hidden_lake/messenger/pkg/app/state/state.go:226.16,228.3 1 0
github.com/number571/go-peer/cmd/hidden_lake/messenger/pkg/app/state/state.go:230.2,231.74 2 0
github.com/number571/go-peer/cmd/hidden_lake/messenger/pkg/app/state/state.go:231.74,233.3 1 0
github.com/number571/go-peer/cmd/hidden_lake/messenger/pkg/app/state/state.go:235.2,235.24 1 0
github.com/number571/go-peer/cmd/hidden_lake/messenger/pkg/app/state/update.go:15.77,16.59 1 0
github.com/number571/go-peer/cmd/hidden_lake/messenger/pkg/app/state/update.go:16.59,18.3 1 0
github.com/number571/go-peer/cmd/hidden_lake/messenger/pkg/app/state/update.go:20.2,20.59 1 0
github.com/number571/go-peer/cmd/hidden_lake/messenger/pkg/app/state/update.go:20.59,22.3 1 0
github.com/number571/go-peer/cmd/hidden_lake/messenger/pkg/app/state/update.go:24.2,24.63 1 0
github.com/number571/go-peer/cmd/hidden_lake/messenger/pkg/app/state/update.go:24.63,26.3 1 0
github.com/number571/go-peer/cmd/hidden_lake/messenger/pkg/app/state/update.go:28.2,28.12 1 0
github.com/number571/go-peer/cmd/hidden_lake/messenger/pkg/app/state/update.go:31.79,35.16 3 0
github.com/number571/go-peer/cmd/hidden_lake/messenger/pkg/app/state/update.go:35.16,37.3 1 0
github.com/number571/go-peer/cmd/hidden_lake/messenger/pkg/app/state/update.go:39.2,40.20 2 0
github.com/number571/go-peer/cmd/hidden_lake/messenger/pkg/app/state/update.go:40.20,42.3 1 0
github.com/number571/go-peer/cmd/hidden_lake/messenger/pkg/app/state/update.go:44.2,44.65 1 0
github.com/number571/go-peer/cmd/hidden_lake/messenger/pkg/app/state/update.go:44.65,46.3 1 0
github.com/number571/go-peer/cmd/hidden_lake/messenger/pkg/app/state/update.go:47.2,47.12 1 0
github.com/number571/go-peer/cmd/hidden_lake/messenger/pkg/app/state/update.go:50.79,53.47 2 0
github.com/number571/go-peer/cmd/hidden_lake/messenger/pkg/app/state/update.go:53.47,55.3 1 0
github.com/number571/go-peer/cmd/hidden_lake/messenger/pkg/app/state/update.go:57.2,57.60 1 0
github.com/number571/go-peer/cmd/hidden_lake/messenger/pkg/app/state/update.go:57.60,59.61 2 0
github.com/number571/go-peer/cmd/hidden_lake/messenger/pkg/app/state/update.go:59.61,61.4 1 0
github.com/number571/go-peer/cmd/hidden_lake/messenger/pkg/app/state/update.go:64.2,64.12 1 0
github.com/number571/go-peer/cmd/hidden_lake/messenger/pkg/app/state/update.go:67.83,70.51 2 0
github.com/number571/go-peer/cmd/hidden_lake/messenger/pkg/app/state/update.go:70.51,72.3 1 0
github.com/number571/go-peer/cmd/hidden_lake/messenger/pkg/app/state/update.go:74.2,74.48 1 0
github.com/number571/go-peer/cmd/hidden_lake/messenger/pkg/app/state/update.go:74.48,75.52 1 0
github.com/number571/go-peer/cmd/hidden_lake/messenger/pkg/app/state/update.go:75.52,77.4 1 0
github.com/number571/go-peer/cmd/hidden_lake/messenger/pkg/app/state/update.go:80.2,80.12 1 0
github.com/number571/go-peer/cmd/hidden_lake/messenger/pkg/app/state/update.go:83.73,84.56 1 0
github.com/number571/go-peer/cmd/hidden_lake/messenger/pkg/app/state/update.go:84.56,86.3 1 0
github.com/number571/go-peer/cmd/hidden_lake/messenger/pkg/app/state/update.go:89.54,103.16 3 0
github.com/number571/go-peer/cmd/hidden_lake/messenger/pkg/app/state/update.go:103.16,105.3 1 0
github.com/number571/go-peer/cmd/hidden_lake/messenger/pkg/app/state/update.go:107.2,108.30 2 0
github.com/number571/go-peer/cmd/hidden_lake/messenger/pkg/app/state/update.go:108.30,109.51 1 0
github.com/number571/go-peer/cmd/hidden_lake/messenger/pkg/app/state/update.go:109.51,110.9 1 0
github.com/number571/go-peer/cmd/hidden_lake/messenger/pkg/app/state/update.go:112.3,113.17 2 0
github.com/number571/go-peer/cmd/hidden_lake/messenger/pkg/app/state/update.go:113.17,114.12 1 0
github.com/number571/go-peer/cmd/hidden_lake/messenger/pkg/app/state/update.go:116.3,116.54 1 0
github.com/number571/go-peer/cmd/hidden_lake/messenger/pkg/app/state/update.go:116.54,117.12 1 0
github.com/number571/go-peer/cmd/hidden_lake/messenger/pkg/app/state/updater.go:8.9,12.24 3 0
github.com/number571/go-peer/cmd/hidden_lake/messenger/pkg/app/state/updater.go:12.24,14.3 1 0
github.com/number571/go-peer/cmd/hidden_lake/messenger/pkg/app/state/updater.go:16.2,17.16 2 0
github.com/number571/go-peer/cmd/hidden_lake/messenger/pkg/app/state/updater.go:17.16,19.3 1 0
github.com/number571/go-peer/cmd/hidden_lake/messenger/pkg/app/state/updater.go:21.2,24.55 3 0
github.com/number571/go-peer/cmd/hidden_lake/messenger/pkg/app/state/updater.go:24.55,25.60 1 0
github.com/number571/go-peer/cmd/hidden_lake/messenger/pkg/app/state/updater.go:25.60,27.4 1 0
github.com/number571/go-peer/cmd/hidden_lake/messenger/pkg/app/state/updater.go:28.3,28.13 1 0
github.com/number571/go-peer/cmd/hidden_lake/messenger/pkg/app/state/updater.go:31.2,31.59 1 0
github.com/number571/go-peer/cmd/hidden_lake/messenger/pkg/app/state/updater.go:31.59,33.3 1 0
github.com/number571/go-peer/cmd/hidden_lake/messenger/pkg/app/state/updater.go:34.2,34.12 1 0
github.com/number571/go-peer/cmd/hidden_lake/messenger/pkg/app/state/updater.go:37.68,44.56 2 0
github.com/number571/go-peer/cmd/hidden_lake/messenger/pkg/app/state/updater.go:44.56,46.3 1 0
github.com/number571/go-peer/cmd/hidden_lake/messenger/pkg/app/state/updater.go:48.2,53.25 2 0
github.com/number571/go-peer/cmd/hidden_lake/messenger/internal/utils/utils.go:24.13,26.74 2 1
github.com/number571/go-peer/cmd/hidden_lake/messenger/internal/utils/utils.go:26.74,27.13 1 0
github.com/number571/go-peer/cmd/hidden_lake/messenger/internal/utils/utils.go:30.2,31.62 2 1
github.com/number571/go-peer/cmd/hidden_lake/messenger/internal/utils/utils.go:31.62,32.13 1 0
github.com/number571/go-peer/cmd/hidden_lake/messenger/internal/utils/utils.go:35.2,37.43 2 1
github.com/number571/go-peer/cmd/hidden_lake/messenger/internal/utils/utils.go:37.43,39.3 1 1
github.com/number571/go-peer/cmd/hidden_lake/messenger/internal/utils/utils.go:40.2,40.37 1 1
github.com/number571/go-peer/cmd/hidden_lake/messenger/internal/utils/utils.go:40.37,42.3 1 1
github.com/number571/go-peer/cmd/hidden_lake/messenger/internal/utils/utils.go:44.2,44.55 1 1
github.com/number571/go-peer/cmd/hidden_lake/messenger/internal/utils/utils.go:47.47,48.28 1 0
github.com/number571/go-peer/cmd/hidden_lake/messenger/internal/utils/utils.go:49.17,50.23 1 0
github.com/number571/go-peer/cmd/hidden_lake/messenger/internal/utils/utils.go:51.13,52.23 1 0
github.com/number571/go-peer/cmd/hidden_lake/messenger/internal/utils/utils.go:53.13,54.23 1 0
github.com/number571/go-peer/cmd/hidden_lake/messenger/internal/utils/utils.go:55.10,56.48 1 0
github.com/number571/go-peer/cmd/hidden_lake/messenger/internal/utils/utils.go:60.44,61.15 1 0
github.com/number571/go-peer/cmd/hidden_lake/messenger/internal/utils/utils.go:62.16,63.15 1 0
github.com/number571/go-peer/cmd/hidden_lake/messenger/internal/utils/utils.go:64.16,65.15 1 0
github.com/number571/go-peer/cmd/hidden_lake/messenger/internal/utils/utils.go:66.16,67.15 1 0
github.com/number571/go-peer/cmd/hidden_lake/messenger/internal/utils/utils.go:68.10,69.28 1 0
github.com/number571/go-peer/cmd/hidden_lake/messenger/internal/utils/utils.go:73.43,75.2 1 0
github.com/number571/go-peer/cmd/hidden_lake/messenger/internal/utils/utils.go:77.47,78.23 1 0
github.com/number571/go-peer/cmd/hidden_lake/messenger/internal/utils/utils.go:78.23,79.28 1 0
github.com/number571/go-peer/cmd/hidden_lake/messenger/internal/utils/utils.go:79.28,81.4 1 0
github.com/number571/go-peer/cmd/hidden_lake/messenger/internal/utils/utils.go:83.2,83.14 1 0
github.com/number571/go-peer/cmd/hidden_lake/messenger/internal/chat_queue/chat_queue.go:19.41,24.2 1 0
github.com/number571/go-peer/cmd/hidden_lake/messenger/internal/chat_queue/chat_queue.go:26.29,34.2 5 0
github.com/number571/go-peer/cmd/hidden_lake/messenger/internal/chat_queue/chat_queue.go:36.58,37.15 1 0
github.com/number571/go-peer/cmd/hidden_lake/messenger/internal/chat_queue/chat_queue.go:37.15,41.3 3 0
github.com/number571/go-peer/cmd/hidden_lake/messenger/internal/chat_queue/chat_queue.go:43.2,48.16 5 0
github.com/number571/go-peer/cmd/hidden_lake/messenger/internal/chat_queue/chat_queue.go:51.42,55.31 3 0
github.com/number571/go-peer/cmd/hidden_lake/messenger/internal/chat_queue/chat_queue.go:55.31,57.3 1 0
github.com/number571/go-peer/cmd/hidden_lake/messenger/internal/chat_queue/chat_queue.go:60.2,60.30 1 0
github.com/number571/go-peer/cmd/hidden_lake/messenger/internal/chat_queue/chat_queue.go:60.30,62.3 1 0
github.com/number571/go-peer/cmd/hidden_lake/messenger/internal/chat_queue/chat_queue.go:64.2,64.17 1 0
github.com/number571/go-peer/cmd/hidden_lake/messenger/internal/config/config.go:43.68,46.26 2 0
github.com/number571/go-peer/cmd/hidden_lake/messenger/internal/config/config.go:46.26,48.3 1 0
github.com/number571/go-peer/cmd/hidden_lake/messenger/internal/config/config.go:50.2,50.73 1 0
github.com/number571/go-peer/cmd/hidden_lake/messenger/internal/config/config.go:50.73,52.3 1 0
github.com/number571/go-peer/cmd/hidden_lake/messenger/internal/config/config.go:54.2,55.42 2 0
github.com/number571/go-peer/cmd/hidden_lake/messenger/internal/config/config.go:55.42,57.3 1 0
github.com/number571/go-peer/cmd/hidden_lake/messenger/internal/config/config.go:58.2,58.18 1 0
github.com/number571/go-peer/cmd/hidden_lake/messenger/internal/config/config.go:61.52,64.27 2 1
github.com/number571/go-peer/cmd/hidden_lake/messenger/internal/config/config.go:64.27,66.3 1 0
github.com/number571/go-peer/cmd/hidden_lake/messenger/internal/config/config.go:68.2,69.16 2 1
github.com/number571/go-peer/cmd/hidden_lake/messenger/internal/config/config.go:69.16,71.3 1 0
github.com/number571/go-peer/cmd/hidden_lake/messenger/internal/config/config.go:73.2,74.57 2 1
github.com/number571/go-peer/cmd/hidden_lake/messenger/internal/config/config.go:74.57,76.3 1 0
github.com/number571/go-peer/cmd/hidden_lake/messenger/internal/config/config.go:78.2,79.41 2 1
github.com/number571/go-peer/cmd/hidden_lake/messenger/internal/config/config.go:79.41,81.3 1 0
github.com/number571/go-peer/cmd/hidden_lake/messenger/internal/config/config.go:83.2,83.17 1 1
github.com/number571/go-peer/cmd/hidden_lake/messenger/internal/config/config.go:86.37,88.2 1 1
github.com/number571/go-peer/cmd/hidden_lake/messenger/internal/config/config.go:90.38,91.37 1 1
github.com/number571/go-peer/cmd/hidden_lake/messenger/internal/config/config.go:91.37,93.3 1 0
github.com/number571/go-peer/cmd/hidden_lake/messenger/internal/config/config.go:94.2,94.40 1 1
github.com/number571/go-peer/cmd/hidden_lake/messenger/internal/config/config.go:94.40,96.3 1 0
github.com/number571/go-peer/cmd/hidden_lake/messenger/internal/config/config.go:97.2,97.41 1 1
github.com/number571/go-peer/cmd/hidden_lake/messenger/internal/config/config.go:97.41,99.3 1 0
github.com/number571/go-peer/cmd/hidden_lake/messenger/internal/config/config.go:100.2,100.12 1 1
github.com/number571/go-peer/cmd/hidden_lake/messenger/internal/config/config.go:103.40,105.16 2 1
github.com/number571/go-peer/cmd/hidden_lake/messenger/internal/config/config.go:105.16,107.3 1 0
github.com/number571/go-peer/cmd/hidden_lake/messenger/internal/config/config.go:108.2,109.12 2 1
github.com/number571/go-peer/cmd/hidden_lake/messenger/internal/config/config.go:112.39,122.31 3 1
github.com/number571/go-peer/cmd/hidden_lake/messenger/internal/config/config.go:122.31,124.10 2 1
github.com/number571/go-peer/cmd/hidden_lake/messenger/internal/config/config.go:124.10,126.4 1 0
github.com/number571/go-peer/cmd/hidden_lake/messenger/internal/config/config.go:127.3,127.26 1 1
github.com/number571/go-peer/cmd/hidden_lake/messenger/internal/config/config.go:130.2,131.12 2 1
github.com/number571/go-peer/cmd/hidden_lake/messenger/internal/config/config.go:134.49,139.2 3 1
github.com/number571/go-peer/cmd/hidden_lake/messenger/internal/config/config.go:141.51,146.2 3 1
github.com/number571/go-peer/cmd/hidden_lake/messenger/internal/config/config.go:148.41,150.2 1 1
github.com/number571/go-peer/cmd/hidden_lake/messenger/internal/config/config.go:152.42,154.2 1 1
github.com/number571/go-peer/cmd/hidden_lake/messenger/internal/config/config.go:156.42,158.2 1 1
github.com/number571/go-peer/cmd/hidden_lake/messenger/internal/config/config.go:160.42,162.2 1 1
github.com/number571/go-peer/cmd/hidden_lake/messenger/internal/config/config.go:164.41,166.2 1 1
github.com/number571/go-peer/cmd/hidden_lake/messenger/internal/config/config.go:168.48,170.2 1 1
github.com/number571/go-peer/cmd/hidden_lake/messenger/internal/config/config.go:172.35,174.2 1 1
github.com/number571/go-peer/cmd/hidden_lake/messenger/internal/config/config.go:176.35,178.2 1 1
github.com/number571/go-peer/cmd/hidden_lake/messenger/internal/config/config.go:180.35,182.2 1 1
github.com/number571/go-peer/cmd/hidden_lake/messenger/internal/config/editor.go:21.38,22.17 1 0
github.com/number571/go-peer/cmd/hidden_lake/messenger/internal/config/editor.go:22.17,24.3 1 0
github.com/number571/go-peer/cmd/hidden_lake/messenger/internal/config/editor.go:25.2,26.9 2 0
github.com/number571/go-peer/cmd/hidden_lake/messenger/internal/config/editor.go:26.9,28.3 1 0
github.com/number571/go-peer/cmd/hidden_lake/messenger/internal/config/editor.go:29.2,31.3 1 0
github.com/number571/go-peer/cmd/hidden_lake/messenger/internal/config/editor.go:34.63,40.16 5 0
github.com/number571/go-peer/cmd/hidden_lake/messenger/internal/config/editor.go:40.16,42.3 1 0
github.com/number571/go-peer/cmd/hidden_lake/messenger/internal/config/editor.go:44.2,47.16 4 0
github.com/number571/go-peer/cmd/hidden_lake/messenger/internal/config/editor.go:47.16,49.3 1 0
github.com/number571/go-peer/cmd/hidden_lake/messenger/internal/config/editor.go:51.2,55.12 4 0
github.com/number571/go-peer/cmd/hidden_lake/messenger/internal/config/editor.go:58.72,64.16 5 0
github.com/number571/go-peer/cmd/hidden_lake/messenger/internal/config/editor.go:64.16,66.3 1 0
github.com/number571/go-peer/cmd/hidden_lake/messenger/internal/config/editor.go:68.2,71.16 4 0
github.com/number571/go-peer/cmd/hidden_lake/messenger/internal/config/editor.go:71.16,73.3 1 0
github.com/number571/go-peer/cmd/hidden_lake/messenger/internal/config/editor.go:75.2,79.12 4 0
github.com/number571/go-peer/cmd/hidden_lake/messenger/internal/config/init.go:12.68,13.44 1 0
github.com/number571/go-peer/cmd/hidden_lake/messenger/internal/config/init.go:13.44,15.3 1 0
github.com/number571/go-peer/cmd/hidden_lake/messenger/internal/config/init.go:16.2,16.20 1 0
github.com/number571/go-peer/cmd/hidden_lake/messenger/internal/config/init.go:16.20,34.3 1 0
github.com/number571/go-peer/cmd/hidden_lake/messenger/internal/config/init.go:35.2,35.38 1 0
github.com/number571/go-peer/cmd/hidden_lake/messenger/internal/config/wrapper.go:12.40,17.2 1 0
github.com/number571/go-peer/cmd/hidden_lake/messenger/internal/config/wrapper.go:19.40,21.2 1 0
github.com/number571/go-peer/cmd/hidden_lake/messenger/internal/config/wrapper.go:23.40,25.2 1 0
github.com/number571/go-peer/cmd/hidden_lake/messenger/cmd/hlm/main.go:13.13,17.16 3 0
github.com/number571/go-peer/cmd/hidden_lake/messenger/cmd/hlm/main.go:17.16,18.13 1 0
github.com/number571/go-peer/cmd/hidden_lake/messenger/cmd/hlm/main.go:21.2,24.34 3 0
github.com/number571/go-peer/cmd/hidden_lake/messenger/cmd/hlm/main.go:24.34,25.13 1 0
github.com/number571/go-peer/cmd/hidden_lake/messenger/cmd/hlm/main.go:27.2,27.15 1 0
github.com/number571/go-peer/cmd/hidden_lake/messenger/cmd/hlm/main.go:27.15,28.36 1 0
github.com/number571/go-peer/cmd/hidden_lake/messenger/cmd/hlm/main.go:28.36,29.14 1 0
github.com/number571/go-peer/cmd/hidden_lake/messenger/cmd/hlm/main.go:33.2,33.12 1 0
github.com/number571/go-peer/cmd/hidden_lake/messenger/internal/handler/about.go:11.68,12.56 1 0
github.com/number571/go-peer/cmd/hidden_lake/messenger/internal/handler/about.go:12.56,13.30 1 0
github.com/number571/go-peer/cmd/hidden_lake/messenger/internal/handler/about.go:13.30,16.4 2 0
github.com/number571/go-peer/cmd/hidden_lake/messenger/internal/handler/about.go:18.3,23.17 2 0
github.com/number571/go-peer/cmd/hidden_lake/messenger/internal/handler/about.go:23.17,24.34 1 0
github.com/number571/go-peer/cmd/hidden_lake/messenger/internal/handler/about.go:27.3,27.45 1 0
github.com/number571/go-peer/cmd/hidden_lake/messenger/internal/handler/chat_ws.go:12.41,16.63 3 0
github.com/number571/go-peer/cmd/hidden_lake/messenger/internal/handler/chat_ws.go:16.63,18.3 1 0
github.com/number571/go-peer/cmd/hidden_lake/messenger/internal/handler/chat_ws.go:20.2,21.6 2 0
github.com/number571/go-peer/cmd/hidden_lake/messenger/internal/handler/chat_ws.go:21.6,23.10 2 0
github.com/number571/go-peer/cmd/hidden_lake/messenger/internal/handler/chat_ws.go:23.10,25.4 1 0
github.com/number571/go-peer/cmd/hidden_lake/messenger/internal/handler/chat_ws.go:26.3,26.55 1 0
github.com/number571/go-peer/cmd/hidden_lake/messenger/internal/handler/chat_ws.go:26.55,28.4 1 0
github.com/number571/go-peer/cmd/hidden_lake/messenger/internal/handler/data_type.go:17.33,18.22 1 0
github.com/number571/go-peer/cmd/hidden_lake/messenger/internal/handler/data_type.go:18.22,20.3 1 0
github.com/number571/go-peer/cmd/hidden_lake/messenger/internal/handler/data_type.go:21.2,21.40 1 0
github.com/number571/go-peer/cmd/hidden_lake/messenger/internal/handler/data_type.go:24.33,25.22 1 0
github.com/number571/go-peer/cmd/hidden_lake/messenger/internal/handler/data_type.go:25.22,27.3 1 0
github.com/number571/go-peer/cmd/hidden_lake/messenger/internal/handler/data_type.go:28.2,28.40 1 0
github.com/number571/go-peer/cmd/hidden_lake/messenger/internal/handler/data_type.go:31.35,36.2 1 0
github.com/number571/go-peer/cmd/hidden_lake/messenger/internal/handler/data_type.go:38.54,45.2 1 0
github.com/number571/go-peer/cmd/hidden_lake/messenger/internal/handler/data_type.go:47.39,48.22 1 0
github.com/number571/go-peer/cmd/hidden_lake/messenger/internal/handler/data_type.go:48.22,49.31 1 0
github.com/number571/go-peer/cmd/hidden_lake/messenger/internal/handler/data_type.go:51.2,51.27 1 0
github.com/number571/go-peer/cmd/hidden_lake/messenger/internal/handler/data_type.go:54.49,55.22 1 0
github.com/number571/go-peer/cmd/hidden_lake/messenger/internal/handler/data_type.go:55.22,56.31 1 0
github.com/number571/go-peer/cmd/hidden_lake/messenger/internal/handler/data_type.go:58.2,59.22 2 0
github.com/number571/go-peer/cmd/hidden_lake/messenger/internal/handler/data_type.go:59.22,61.3 1 0
github.com/number571/go-peer/cmd/hidden_lake/messenger/internal/handler/data_type.go:62.2,63.46 2 0
github.com/number571/go-peer/cmd/hidden_lake/messenger/internal/handler/data_type.go:63.46,65.3 1 0
github.com/number571/go-peer/cmd/hidden_lake/messenger/internal/handler/data_type.go:66.2,67.25 2 0
github.com/number571/go-peer/cmd/hidden_lake/messenger/internal/handler/data_type.go:67.25,69.3 1 0
github.com/number571/go-peer/cmd/hidden_lake/messenger/internal/handler/data_type.go:70.2,70.63 1 0
github.com/number571/go-peer/cmd/hidden_lake/messenger/internal/handler/favicon.go:9.70,10.56 1 0
github.com/number571/go-peer/cmd/hidden_lake/messenger/internal/handler/favicon.go:10.56,11.36 1 0
github.com/number571/go-peer/cmd/hidden_lake/messenger/internal/handler/favicon.go:11.36,14.4 2 0
github.com/number571/go-peer/cmd/hidden_lake/messenger/internal/handler/favicon.go:15.3,15.69 1 0
github.com/number571/go-peer/cmd/hidden_lake/messenger/internal/handler/friends.go:21.70,22.56 1 0
github.com/number571/go-peer/cmd/hidden_lake/messenger/internal/handler/friends.go:22.56,23.32 1 0
github.com/number571/go-peer/cmd/hidden_lake/messenger/internal/handler/friends.go:23.32,26.4 2 0
github.com/number571/go-peer/cmd/hidden_lake/messenger/internal/handler/friends.go:28.3,28.37 1 0
github.com/number571/go-peer/cmd/hidden_lake/messenger/internal/handler/friends.go:28.37,31.4 2 0
github.com/number571/go-peer/cmd/hidden_lake/messenger/internal/handler/friends.go:33.3,35.33 2 0
github.com/number571/go-peer/cmd/hidden_lake/messenger/internal/handler/friends.go:36.24,39.81 3 0
github.com/number571/go-peer/cmd/hidden_lake/messenger/internal/handler/friends.go:39.81,42.5 2 0
github.com/number571/go-peer/cmd/hidden_lake/messenger/internal/handler/friends.go:43.4,44.21 2 0
github.com/number571/go-peer/cmd/hidden_lake/messenger/internal/handler/friends.go:44.21,47.5 2 0
github.com/number571/go-peer/cmd/hidden_lake/messenger/internal/handler/friends.go:48.4,48.69 1 0
github.com/number571/go-peer/cmd/hidden_lake/messenger/internal/handler/friends.go:48.69,51.5 2 0
github.com/number571/go-peer/cmd/hidden_lake/messenger/internal/handler/friends.go:52.26,54.62 2 0
github.com/number571/go-peer/cmd/hidden_lake/messenger/internal/handler/friends.go:54.62,57.5 2 0
github.com/number571/go-peer/cmd/hidden_lake/messenger/internal/handler/friends.go:58.4,58.61 1 0
github.com/number571/go-peer/cmd/hidden_lake/messenger/internal/handler/friends.go:58.61,61.5 2 0
github.com/number571/go-peer/cmd/hidden_lake/messenger/internal/handler/friends.go:64.3,65.17 2 0
github.com/number571/go-peer/cmd/hidden_lake/messenger/internal/handler/friends.go:65.17,68.4 2 0
github.com/number571/go-peer/cmd/hidden_lake/messenger/internal/handler/friends.go:70.3,75.30 5 0
github.com/number571/go-peer/cmd/hidden_lake/messenger/internal/handler/friends.go:75.30,77.4 1 0
github.com/number571/go-peer/cmd/hidden_lake/messenger/internal/handler/friends.go:78.3,88.17 5 0
github.com/number571/go-peer/cmd/hidden_lake/messenger/internal/handler/friends.go:88.17,89.34 1 0
github.com/number571/go-peer/cmd/hidden_lake/messenger/internal/handler/friends.go:91.3,91.24 1 0
github.com/number571/go-peer/cmd/hidden_lake/messenger/internal/handler/friends_chat.go:38.91,39.56 1 0
github.com/number571/go-peer/cmd/hidden_lake/messenger/internal/handler/friends_chat.go:39.56,40.37 1 0
github.com/number571/go-peer/cmd/hidden_lake/messenger/internal/handler/friends_chat.go:40.37,43.4 2 0
github.com/number571/go-peer/cmd/hidden_lake/messenger/internal/handler/friends_chat.go:45.3,45.37 1 0
github.com/number571/go-peer/cmd/hidden_lake/messenger/internal/handler/friends_chat.go:45.37,48.4 2 0
github.com/number571/go-peer/cmd/hidden_lake/messenger/internal/handler/friends_chat.go:50.3,54.22 4 0
github.com/number571/go-peer/cmd/hidden_lake/messenger/internal/handler/friends_chat.go:54.22,57.4 2 0
github.com/number571/go-peer/cmd/hidden_lake/messenger/internal/handler/friends_chat.go:59.3,60.16 2 0
github.com/number571/go-peer/cmd/hidden_lake/messenger/internal/handler/friends_chat.go:60.16,63.4 2 0
github.com/number571/go-peer/cmd/hidden_lake/messenger/internal/handler/friends_chat.go:65.3,67.17 3 0
github.com/number571/go-peer/cmd/hidden_lake/messenger/internal/handler/friends_chat.go:67.17,70.4 2 0
github.com/number571/go-peer/cmd/hidden_lake/messenger/internal/handler/friends_chat.go:72.3,73.17 2 0
github.com/number571/go-peer/cmd/hidden_lake/messenger/internal/handler/friends_chat.go:73.17,76.4 2 0
github.com/number571/go-peer/cmd/hidden_lake/messenger/internal/handler/friends_chat.go:78.3,80.33 2 0
github.com/number571/go-peer/cmd/hidden_lake/messenger/internal/handler/friends_chat.go:81.40,83.18 2 0
github.com/number571/go-peer/cmd/hidden_lake/messenger/internal/handler/friends_chat.go:83.18,86.5 2 0
github.com/number571/go-peer/cmd/hidden_lake/messenger/internal/handler/friends_chat.go:88.4,88.90 1 0
github.com/number571/go-peer/cmd/hidden_lake/messenger/internal/handler/friends_chat.go:88.90,91.5 2 0
github.com/number571/go-peer/cmd/hidden_lake/messenger/internal/handler/friends_chat.go:93.4,96.46 3 0
github.com/number571/go-peer/cmd/hidden_lake/messenger/internal/handler/friends_chat.go:96.46,99.5 2 0
github.com/number571/go-peer/cmd/hidden_lake/messenger/internal/handler/friends_chat.go:101.4,104.10 2 0
github.com/number571/go-peer/cmd/hidden_lake/messenger/internal/handler/friends_chat.go:107.3,111.25 4 0
github.com/number571/go-peer/cmd/hidden_lake/messenger/internal/handler/friends_chat.go:111.25,113.4 1 0
github.com/number571/go-peer/cmd/hidden_lake/messenger/internal/handler/friends_chat.go:115.3,116.17 2 0
github.com/number571/go-peer/cmd/hidden_lake/messenger/internal/handler/friends_chat.go:116.17,119.4 2 0
github.com/number571/go-peer/cmd/hidden_lake/messenger/internal/handler/friends_chat.go:121.3,130.28 2 0
github.com/number571/go-peer/cmd/hidden_lake/messenger/internal/handler/friends_chat.go:130.28,135.4 1 0
github.com/number571/go-peer/cmd/hidden_lake/messenger/internal/handler/friends_chat.go:137.3,142.17 2 0
github.com/number571/go-peer/cmd/hidden_lake/messenger/internal/handler/friends_chat.go:142.17,143.14 1 0
github.com/number571/go-peer/cmd/hidden_lake/messenger/internal/handler/friends_chat.go:146.3,146.21 1 0
github.com/number571/go-peer/cmd/hidden_lake/messenger/internal/handler/friends_chat.go:150.97,151.32 1 0
github.com/number571/go-peer/cmd/hidden_lake/messenger/internal/handler/friends_chat.go:152.23,154.19 2 0
github.com/number571/go-peer/cmd/hidden_lake/messenger/internal/handler/friends_chat.go:154.19,156.4 1 0
github.com/number571/go-peer/cmd/hidden_lake/messenger/internal/handler/friends_chat.go:157.3,157.45 1 0
github.com/number571/go-peer/cmd/hidden_lake/messenger/internal/handler/friends_chat.go:157.45,159.4 1 0
github.com/number571/go-peer/cmd/hidden_lake/messenger/internal/handler/friends_chat.go:160.3,160.31 1 0
github.com/number571/go-peer/cmd/hidden_lake/messenger/internal/handler/friends_chat.go:161.22,163.17 2 0
github.com/number571/go-peer/cmd/hidden_lake/messenger/internal/handler/friends_chat.go:163.17,165.4 1 0
github.com/number571/go-peer/cmd/hidden_lake/messenger/internal/handler/friends_chat.go:166.3,166.44 1 0
github.com/number571/go-peer/cmd/hidden_lake/messenger/internal/handler/friends_chat.go:167.10,168.36 1 0
github.com/number571/go-peer/cmd/hidden_lake/messenger/internal/handler/friends_chat.go:172.97,175.16 2 0
github.com/number571/go-peer/cmd/hidden_lake/messenger/internal/handler/friends_chat.go:175.16,177.3 1 0
github.com/number571/go-peer/cmd/hidden_lake/messenger/internal/handler/friends_chat.go:178.2,180.23 2 0
github.com/number571/go-peer/cmd/hidden_lake/messenger/internal/handler/friends_chat.go:180.23,182.3 1 0
github.com/number571/go-peer/cmd/hidden_lake/messenger/internal/handler/friends_chat.go:184.2,185.16 2 0
github.com/number571/go-peer/cmd/hidden_lake/messenger/internal/handler/friends_chat.go:185.16,187.3 1 0
github.com/number571/go-peer/cmd/hidden_lake/messenger/internal/handler/friends_chat.go:189.2,189.41 1 0
github.com/number571/go-peer/cmd/hidden_lake/messenger/internal/handler/friends_chat.go:192.131,193.38 1 0
github.com/number571/go-peer/cmd/hidden_lake/messenger/internal/handler/friends_chat.go:193.38,195.3 1 0
github.com/number571/go-peer/cmd/hidden_lake/messenger/internal/handler/friends_chat.go:198.2,198.45 1 0
github.com/number571/go-peer/cmd/hidden_lake/messenger/internal/handler/friends_chat.go:198.45,200.3 1 0
github.com/number571/go-peer/cmd/hidden_lake/messenger/internal/handler/friends_chat.go:202.2,209.3 1 0
github.com/number571/go-peer/cmd/hidden_lake/messenger/internal/handler/friends_chat.go:212.122,213.45 1 0
github.com/number571/go-peer/cmd/hidden_lake/messenger/internal/handler/friends_chat.go:213.45,215.3 1 0
github.com/number571/go-peer/cmd/hidden_lake/messenger/internal/handler/friends_chat.go:217.2,218.16 2 0
github.com/number571/go-peer/cmd/hidden_lake/messenger/internal/handler/friends_chat.go:218.16,220.3 1 0
github.com/number571/go-peer/cmd/hidden_lake/messenger/internal/handler/friends_chat.go:222.2,223.9 2 0
github.com/number571/go-peer/cmd/hidden_lake/messenger/internal/handler/friends_chat.go:223.9,225.3 1 0
github.com/number571/go-peer/cmd/hidden_lake/messenger/internal/handler/friends_chat.go:227.2,227.26 1 0
github.com/number571/go-peer/cmd/hidden_lake/messenger/internal/handler/friends_upload.go:18.93,19.56 1 0
github.com/number571/go-peer/cmd/hidden_lake/messenger/internal/handler/friends_upload.go:19.56,20.39 1 0
github.com/number571/go-peer/cmd/hidden_lake/messenger/internal/handler/friends_upload.go:20.39,23.4 2 0
github.com/number571/go-peer/cmd/hidden_lake/messenger/internal/handler/friends_upload.go:25.3,25.37 1 0
github.com/number571/go-peer/cmd/hidden_lake/messenger/internal/handler/friends_upload.go:25.37,28.4 2 0
github.com/number571/go-peer/cmd/hidden_lake/messenger/internal/handler/friends_upload.go:30.3,31.22 2 0
github.com/number571/go-peer/cmd/hidden_lake/messenger/internal/handler/friends_upload.go:31.22,34.4 2 0
github.com/number571/go-peer/cmd/hidden_lake/messenger/internal/handler/friends_upload.go:36.3,41.17 2 0
github.com/number571/go-peer/cmd/hidden_lake/messenger/internal/handler/friends_upload.go:41.17,42.34 1 0
github.com/number571/go-peer/cmd/hidden_lake/messenger/internal/handler/friends_upload.go:45.3,50.21 2 0
github.com/number571/go-peer/cmd/hidden_lake/messenger/internal/handler/incoming.go:21.76,22.56 1 0
github.com/number571/go-peer/cmd/hidden_lake/messenger/internal/handler/incoming.go:22.56,25.35 2 0
github.com/number571/go-peer/cmd/hidden_lake/messenger/internal/handler/incoming.go:25.35,28.4 2 0
github.com/number571/go-peer/cmd/hidden_lake/messenger/internal/handler/incoming.go:30.3,30.37 1 0
github.com/number571/go-peer/cmd/hidden_lake/messenger/internal/handler/incoming.go:30.37,33.4 2 0
github.com/number571/go-peer/cmd/hidden_lake/messenger/internal/handler/incoming.go:35.3,36.17 2 0
github.com/number571/go-peer/cmd/hidden_lake/messenger/internal/handler/incoming.go:36.17,39.4 2 0
github.com/number571/go-peer/cmd/hidden_lake/messenger/internal/handler/incoming.go:41.3,42.17 2 0
github.com/number571/go-peer/cmd/hidden_lake/messenger/internal/handler/incoming.go:42.17,45.4 2 0
github.com/number571/go-peer/cmd/hidden_lake/messenger/internal/handler/incoming.go:47.3,48.21 2 0
github.com/number571/go-peer/cmd/hidden_lake/messenger/internal/handler/incoming.go:48.21,49.56 1 0
github.com/number571/go-peer/cmd/hidden_lake/messenger/internal/handler/incoming.go:52.3,53.20 2 0
github.com/number571/go-peer/cmd/hidden_lake/messenger/internal/handler/incoming.go:53.20,54.58 1 0
github.com/number571/go-peer/cmd/hidden_lake/messenger/internal/handler/incoming.go:57.3,58.17 2 0
github.com/number571/go-peer/cmd/hidden_lake/messenger/internal/handler/incoming.go:58.17,61.4 2 0
github.com/number571/go-peer/cmd/hidden_lake/messenger/internal/handler/incoming.go:63.3,64.16 2 0
github.com/number571/go-peer/cmd/hidden_lake/messenger/internal/handler/incoming.go:64.16,67.4 2 0
github.com/number571/go-peer/cmd/hidden_lake/messenger/internal/handler/incoming.go:69.3,71.45 3 0
github.com/number571/go-peer/cmd/hidden_lake/messenger/internal/handler/incoming.go:71.45,74.4 2 0
github.com/number571/go-peer/cmd/hidden_lake/messenger/internal/handler/incoming.go:76.3,80.62 2 0
github.com/number571/go-peer/cmd/hidden_lake/messenger/internal/handler/incoming.go:84.49,85.22 1 0
github.com/number571/go-peer/cmd/hidden_lake/messenger/internal/handler/incoming.go:85.22,87.3 1 0
github.com/number571/go-peer/cmd/hidden_lake/messenger/internal/handler/incoming.go:88.2,88.17 1 0
github.com/number571/go-peer/cmd/hidden_lake/messenger/internal/handler/incoming.go:91.64,92.9 1 0
github.com/number571/go-peer/cmd/hidden_lake/messenger/internal/handler/incoming.go:93.27,95.19 2 0
github.com/number571/go-peer/cmd/hidden_lake/messenger/internal/handler/incoming.go:95.19,97.4 1 0
github.com/number571/go-peer/cmd/hidden_lake/messenger/internal/handler/incoming.go:98.3,98.45 1 0
github.com/number571/go-peer/cmd/hidden_lake/messenger/internal/handler/incoming.go:98.45,100.4 1 0
github.com/number571/go-peer/cmd/hidden_lake/messenger/internal/handler/incoming.go:101.3,101.31 1 0
github.com/number571/go-peer/cmd/hidden_lake/messenger/internal/handler/incoming.go:102.27,104.43 2 0
github.com/number571/go-peer/cmd/hidden_lake/messenger/internal/handler/incoming.go:104.43,106.4 1 0
github.com/number571/go-peer/cmd/hidden_lake/messenger/internal/handler/incoming.go:107.3,107.26 1 0
github.com/number571/go-peer/cmd/hidden_lake/messenger/internal/handler/incoming.go:108.10,109.62 1 0
github.com/number571/go-peer/cmd/hidden_lake/messenger/internal/handler/incoming.go:113.80,114.9 1 0
github.com/number571/go-peer/cmd/hidden_lake/messenger/internal/handler/incoming.go:115.28,117.20 2 0
github.com/number571/go-peer/cmd/hidden_lake/messenger/internal/handler/incoming.go:117.20,118.31 1 0
github.com/number571/go-peer/cmd/hidden_lake/messenger/internal/handler/incoming.go:120.3,124.4 1 0
github.com/number571/go-peer/cmd/hidden_lake/messenger/internal/handler/incoming.go:125.28,127.38 2 0
github.com/number571/go-peer/cmd/hidden_lake/messenger/internal/handler/incoming.go:127.38,128.49 1 0
github.com/number571/go-peer/cmd/hidden_lake/messenger/internal/handler/incoming.go:130.3,134.4 1 0
github.com/number571/go-peer/cmd/hidden_lake/messenger/internal/handler/incoming.go:135.10,136.36 1 0
github.com/number571/go-peer/cmd/hidden_lake/messenger/internal/handler/index.go:9.68,10.56 1 0
github.com/number571/go-peer/cmd/hidden_lake/messenger/internal/handler/index.go:10.56,11.25 1 0
github.com/number571/go-peer/cmd/hidden_lake/messenger/internal/handler/index.go:11.25,14.4 2 0
github.com/number571/go-peer/cmd/hidden_lake/messenger/internal/handler/index.go:15.3,15.52 1 0
github.com/number571/go-peer/cmd/hidden_lake/messenger/internal/handler/page404.go:11.71,12.55 1 0
github.com/number571/go-peer/cmd/hidden_lake/messenger/internal/handler/page404.go:12.55,19.17 3 0
github.com/number571/go-peer/cmd/hidden_lake/messenger/internal/handler/page404.go:19.17,20.34 1 0
github.com/number571/go-peer/cmd/hidden_lake/messenger/internal/handler/page404.go:22.3,22.45 1 0
github.com/number571/go-peer/cmd/hidden_lake/messenger/internal/handler/qr.go:13.74,14.56 1 0
github.com/number571/go-peer/cmd/hidden_lake/messenger/internal/handler/qr.go:14.56,15.38 1 0
github.com/number571/go-peer/cmd/hidden_lake/messenger/internal/handler/qr.go:15.38,18.4 2 0
github.com/number571/go-peer/cmd/hidden_lake/messenger/internal/handler/qr.go:20.3,20.37 1 0
github.com/number571/go-peer/cmd/hidden_lake/messenger/internal/handler/qr.go:20.37,23.4 2 0
github.com/number571/go-peer/cmd/hidden_lake/messenger/internal/handler/qr.go:25.3,26.17 2 0
github.com/number571/go-peer/cmd/hidden_lake/messenger/internal/handler/qr.go:26.17,29.4 2 0
github.com/number571/go-peer/cmd/hidden_lake/messenger/internal/handler/qr.go:31.3,32.17 2 0
github.com/number571/go-peer/cmd/hidden_lake/messenger/internal/handler/qr.go:32.17,35.4 2 0
github.com/number571/go-peer/cmd/hidden_lake/messenger/internal/handler/qr.go:37.3,38.17 2 0
github.com/number571/go-peer/cmd/hidden_lake/messenger/internal/handler/qr.go:38.17,41.4 2 0
github.com/number571/go-peer/cmd/hidden_lake/messenger/internal/handler/qr.go:43.3,43.25 1 0
github.com/number571/go-peer/cmd/hidden_lake/messenger/internal/handler/settings.go:33.95,34.56 1 0
github.com/number571/go-peer/cmd/hidden_lake/messenger/internal/handler/settings.go:34.56,35.33 1 0
github.com/number571/go-peer/cmd/hidden_lake/messenger/internal/handler/settings.go:35.33,38.4 2 0
github.com/number571/go-peer/cmd/hidden_lake/messenger/internal/handler/settings.go:40.3,40.37 1 0
github.com/number571/go-peer/cmd/hidden_lake/messenger/internal/handler/settings.go:40.37,43.4 2 0
github.com/number571/go-peer/cmd/hidden_lake/messenger/internal/handler/settings.go:45.3,47.33 2 0
github.com/number571/go-peer/cmd/hidden_lake/messenger/internal/handler/settings.go:48.23,51.18 3 0
github.com/number571/go-peer/cmd/hidden_lake/messenger/internal/handler/settings.go:51.18,54.5 2 0
github.com/number571/go-peer/cmd/hidden_lake/messenger/internal/handler/settings.go:55.4,55.54 1 0
github.com/number571/go-peer/cmd/hidden_lake/messenger/internal/handler/settings.go:55.54,58.5 2 0
github.com/number571/go-peer/cmd/hidden_lake/messenger/internal/handler/settings.go:59.24,63.32 3 0
github.com/number571/go-peer/cmd/hidden_lake/messenger/internal/handler/settings.go:63.32,66.5 2 0
github.com/number571/go-peer/cmd/hidden_lake/messenger/internal/handler/settings.go:67.4,67.48 1 0
github.com/number571/go-peer/cmd/hidden_lake/messenger/internal/handler/settings.go:67.48,70.5 2 0
github.com/number571/go-peer/cmd/hidden_lake/messenger/internal/handler/settings.go:72.4,75.20 3 0
github.com/number571/go-peer/cmd/hidden_lake/messenger/internal/handler/settings.go:76.14,81.69 2 0
github.com/number571/go-peer/cmd/hidden_lake/messenger/internal/handler/settings.go:81.69,84.6 2 0
github.com/number571/go-peer/cmd/hidden_lake/messenger/internal/handler/settings.go:85.15,87.19 2 0
github.com/number571/go-peer/cmd/hidden_lake/messenger/internal/handler/settings.go:87.19,90.6 2 0
github.com/number571/go-peer/cmd/hidden_lake/messenger/internal/handler/settings.go:92.26,94.21 2 0
github.com/number571/go-peer/cmd/hidden_lake/messenger/internal/handler/settings.go:94.21,97.5 2 0
github.com/number571/go-peer/cmd/hidden_lake/messenger/internal/handler/settings.go:99.4,103.68 2 0
github.com/number571/go-peer/cmd/hidden_lake/messenger/internal/handler/settings.go:103.68,106.5 2 0
github.com/number571/go-peer/cmd/hidden_lake/messenger/internal/handler/settings.go:108.4,109.18 2 0
github.com/number571/go-peer/cmd/hidden_lake/messenger/internal/handler/settings.go:109.18,112.5 2 0
github.com/number571/go-peer/cmd/hidden_lake/messenger/internal/handler/settings.go:115.3,120.17 5 0
github.com/number571/go-peer/cmd/hidden_lake/messenger/internal/handler/settings.go:120.17,123.4 2 0
github.com/number571/go-peer/cmd/hidden_lake/messenger/internal/handler/settings.go:124.3,129.17 4 0
github.com/number571/go-peer/cmd/hidden_lake/messenger/internal/handler/settings.go:129.17,132.4 2 0
github.com/number571/go-peer/cmd/hidden_lake/messenger/internal/handler/settings.go:134.3,140.17 3 0
github.com/number571/go-peer/cmd/hidden_lake/messenger/internal/handler/settings.go:140.17,141.34 1 0
github.com/number571/go-peer/cmd/hidden_lake/messenger/internal/handler/settings.go:143.3,143.24 1 0
github.com/number571/go-peer/cmd/hidden_lake/messenger/internal/handler/settings.go:147.96,151.16 3 0
github.com/number571/go-peer/cmd/hidden_lake/messenger/internal/handler/settings.go:151.16,153.3 1 0
github.com/number571/go-peer/cmd/hidden_lake/messenger/internal/handler/settings.go:155.2,156.16 2 0
github.com/number571/go-peer/cmd/hidden_lake/messenger/internal/handler/settings.go:156.16,158.3 1 0
github.com/number571/go-peer/cmd/hidden_lake/messenger/internal/handler/settings.go:160.2,160.26 1 0
github.com/number571/go-peer/cmd/hidden_lake/messenger/internal/handler/settings.go:160.26,168.3 1 0
github.com/number571/go-peer/cmd/hidden_lake/messenger/internal/handler/settings.go:170.2,170.32 1 0
github.com/number571/go-peer/cmd/hidden_lake/messenger/internal/handler/settings.go:170.32,178.3 1 0
github.com/number571/go-peer/cmd/hidden_lake/messenger/internal/handler/settings.go:180.2,180.25 1 0
github.com/number571/go-peer/cmd/hidden_lake/messenger/internal/handler/settings.go:183.49,184.28 1 0
github.com/number571/go-peer/cmd/hidden_lake/messenger/internal/handler/settings.go:184.28,185.13 1 0
github.com/number571/go-peer/cmd/hidden_lake/messenger/internal/handler/settings.go:185.13,187.4 1 0
github.com/number571/go-peer/cmd/hidden_lake/messenger/internal/handler/settings.go:189.2,189.14 1 0
github.com/number571/go-peer/cmd/hidden_lake/messenger/internal/handler/signin.go:16.69,17.56 1 0
github.com/number571/go-peer/cmd/hidden_lake/messenger/internal/handler/signin.go:17.56,18.32 1 0
github.com/number571/go-peer/cmd/hidden_lake/messenger/internal/handler/signin.go:18.32,21.4 2 0
github.com/number571/go-peer/cmd/hidden_lake/messenger/internal/handler/signin.go:23.3,23.36 1 0
github.com/number571/go-peer/cmd/hidden_lake/messenger/internal/handler/signin.go:23.36,26.4 2 0
github.com/number571/go-peer/cmd/hidden_lake/messenger/internal/handler/signin.go:28.3,30.33 2 0
github.com/number571/go-peer/cmd/hidden_lake/messenger/internal/handler/signin.go:31.24,33.19 2 0
github.com/number571/go-peer/cmd/hidden_lake/messenger/internal/handler/signin.go:33.19,36.5 2 0
github.com/number571/go-peer/cmd/hidden_lake/messenger/internal/handler/signin.go:38.4,39.22 2 0
github.com/number571/go-peer/cmd/hidden_lake/messenger/internal/handler/signin.go:39.22,42.5 2 0
github.com/number571/go-peer/cmd/hidden_lake/messenger/internal/handler/signin.go:44.4,52.58 4 0
github.com/number571/go-peer/cmd/hidden_lake/messenger/internal/handler/signin.go:52.58,55.5 2 0
github.com/number571/go-peer/cmd/hidden_lake/messenger/internal/handler/signin.go:57.4,58.10 2 0
github.com/number571/go-peer/cmd/hidden_lake/messenger/internal/handler/signin.go:61.3,66.17 2 0
github.com/number571/go-peer/cmd/hidden_lake/messenger/internal/handler/signin.go:66.17,67.34 1 0
github.com/number571/go-peer/cmd/hidden_lake/messenger/internal/handler/signin.go:69.3,69.45 1 0
github.com/number571/go-peer/cmd/hidden_lake/messenger/internal/handler/signout.go:10.70,11.56 1 0
github.com/number571/go-peer/cmd/hidden_lake/messenger/internal/handler/signout.go:11.56,12.33 1 0
github.com/number571/go-peer/cmd/hidden_lake/messenger/internal/handler/signout.go:12.33,15.4 2 0
github.com/number571/go-peer/cmd/hidden_lake/messenger/internal/handler/signout.go:17.3,17.37 1 0
github.com/number571/go-peer/cmd/hidden_lake/messenger/internal/handler/signout.go:17.37,20.4 2 0
github.com/number571/go-peer/cmd/hidden_lake/messenger/internal/handler/signout.go:22.3,22.52 1 0
github.com/number571/go-peer/cmd/hidden_lake/messenger/internal/handler/signout.go:22.52,25.4 2 0
github.com/number571/go-peer/cmd/hidden_lake/messenger/internal/handler/signout.go:27.3,27.52 1 0
github.com/number571/go-peer/cmd/hidden_lake/messenger/internal/handler/signup.go:17.69,18.56 1 0
github.com/number571/go-peer/cmd/hidden_lake/messenger/internal/handler/signup.go:18.56,19.32 1 0
github.com/number571/go-peer/cmd/hidden_lake/messenger/internal/handler/signup.go:19.32,22.4 2 0
github.com/number571/go-peer/cmd/hidden_lake/messenger/internal/handler/signup.go:24.3,24.36 1 0
github.com/number571/go-peer/cmd/hidden_lake/messenger/internal/handler/signup.go:24.36,27.4 2 0
github.com/number571/go-peer/cmd/hidden_lake/messenger/internal/handler/signup.go:29.3,31.33 2 0
github.com/number571/go-peer/cmd/hidden_lake/messenger/internal/handler/signup.go:32.24,34.19 2 0
github.com/number571/go-peer/cmd/hidden_lake/messenger/internal/handler/signup.go:34.19,37.5 2 0
github.com/number571/go-peer/cmd/hidden_lake/messenger/internal/handler/signup.go:39.4,40.22 2 0
github.com/number571/go-peer/cmd/hidden_lake/messenger/internal/handler/signup.go:40.22,43.5 2 0
github.com/number571/go-peer/cmd/hidden_lake/messenger/internal/handler/signup.go:45.4,46.28 2 0
github.com/number571/go-peer/cmd/hidden_lake/messenger/internal/handler/signup.go:46.28,49.5 2 0
github.com/number571/go-peer/cmd/hidden_lake/messenger/internal/handler/signup.go:51.4,51.34 1 0
github.com/number571/go-peer/cmd/hidden_lake/messenger/internal/handler/signup.go:51.34,54.5 2 0
github.com/number571/go-peer/cmd/hidden_lake/messenger/internal/handler/signup.go:56.4,67.22 6 0
github.com/number571/go-peer/cmd/hidden_lake/messenger/internal/handler/signup.go:68.12,70.48 2 0
github.com/number571/go-peer/cmd/hidden_lake/messenger/internal/handler/signup.go:71.12,72.52 1 0
github.com/number571/go-peer/cmd/hidden_lake/messenger/internal/handler/signup.go:75.4,75.22 1 0
github.com/number571/go-peer/cmd/hidden_lake/messenger/internal/handler/signup.go:75.22,78.5 2 0
github.com/number571/go-peer/cmd/hidden_lake/messenger/internal/handler/signup.go:80.4,80.69 1 0
github.com/number571/go-peer/cmd/hidden_lake/messenger/internal/handler/signup.go:80.69,83.5 2 0
github.com/number571/go-peer/cmd/hidden_lake/messenger/internal/handler/signup.go:85.4,86.10 2 0
github.com/number571/go-peer/cmd/hidden_lake/messenger/internal/handler/signup.go:89.3,94.17 2 0
github.com/number571/go-peer/cmd/hidden_lake/messenger/internal/handler/signup.go:94.17,95.34 1 0
github.com/number571/go-peer/cmd/hidden_lake/messenger/internal/handler/signup.go:97.3,97.45 1 0
github.com/number571/go-peer/cmd/hidden_lake/composite/mobile/service_messenger/cmd/m_hlc_sm/init_app.go:19.52,21.16 2 0
github.com/number571/go-peer/cmd/hidden_lake/composite/mobile/service_messenger/cmd/m_hlc_sm/init_app.go:21.16,23.3 1 0
[...]
github.com/number571/go-peer/cmd/hidden_lake/service/internal/handler/config_friends.go:50.24,51.39 1 1
github.com/number571/go-peer/cmd/hidden_lake/service/internal/handler/config_friends.go:51.39,54.5 2 0
github.com/number571/go-peer/cmd/hidden_lake/service/internal/handler/config_friends.go:56.4,57.21 2 1
github.com/number571/go-peer/cmd/hidden_lake/service/internal/handler/config_friends.go:57.21,60.5 2 0
github.com/number571/go-peer/cmd/hidden_lake/service/internal/handler/config_friends.go:62.4,63.70 2 1
github.com/number571/go-peer/cmd/hidden_lake/service/internal/handler/config_friends.go:63.70,66.5 2 0
github.com/number571/go-peer/cmd/hidden_lake/service/internal/handler/config_friends.go:68.4,69.62 2 1
github.com/number571/go-peer/cmd/hidden_lake/service/internal/handler/config_friends.go:70.26,72.11 2 1
github.com/number571/go-peer/cmd/hidden_lake/service/internal/handler/config_friends.go:72.11,75.5 2 0
github.com/number571/go-peer/cmd/hidden_lake/service/internal/handler/config_friends.go:77.4,78.70 2 1
github.com/number571/go-peer/cmd/hidden_lake/service/internal/handler/config_friends.go:78.70,81.5 2 0
github.com/number571/go-peer/cmd/hidden_lake/service/internal/handler/config_friends.go:83.4,84.61 2 1
github.com/number571/go-peer/cmd/hidden_lake/service/internal/handler/index.go:10.40,11.55 1 1
github.com/number571/go-peer/cmd/hidden_lake/service/internal/handler/index.go:11.55,13.3 1 1
github.com/number571/go-peer/cmd/hidden_lake/service/internal/handler/network_message.go:12.70,13.56 1 1
github.com/number571/go-peer/cmd/hidden_lake/service/internal/handler/network_message.go:13.56,14.35 1 1
github.com/number571/go-peer/cmd/hidden_lake/service/internal/handler/network_message.go:14.35,17.4 2 0
github.com/number571/go-peer/cmd/hidden_lake/service/internal/handler/network_message.go:19.3,20.17 2 1
github.com/number571/go-peer/cmd/hidden_lake/service/internal/handler/network_message.go:20.17,23.4 2 0
github.com/number571/go-peer/cmd/hidden_lake/service/internal/handler/network_message.go:25.3,29.17 2 1
github.com/number571/go-peer/cmd/hidden_lake/service/internal/handler/network_message.go:29.17,32.4 2 0
github.com/number571/go-peer/cmd/hidden_lake/service/internal/handler/network_message.go:34.3,35.61 2 1
github.com/number571/go-peer/cmd/hidden_lake/service/internal/handler/network_online.go:13.69,14.56 1 1
github.com/number571/go-peer/cmd/hidden_lake/service/internal/handler/network_online.go:14.56,15.68 1 1
github.com/number571/go-peer/cmd/hidden_lake/service/internal/handler/network_online.go:15.68,18.4 2 0
github.com/number571/go-peer/cmd/hidden_lake/service/internal/handler/network_online.go:20.3,20.20 1 1
github.com/number571/go-peer/cmd/hidden_lake/service/internal/handler/network_online.go:21.23,25.28 3 1
github.com/number571/go-peer/cmd/hidden_lake/service/internal/handler/network_online.go:25.28,27.5 1 1
github.com/number571/go-peer/cmd/hidden_lake/service/internal/handler/network_online.go:29.4,29.51 1 1
github.com/number571/go-peer/cmd/hidden_lake/service/internal/handler/network_online.go:29.51,31.5 1 0
github.com/number571/go-peer/cmd/hidden_lake/service/internal/handler/network_online.go:33.4,33.64 1 1
github.com/number571/go-peer/cmd/hidden_lake/service/internal/handler/network_online.go:34.26,36.18 2 0
github.com/number571/go-peer/cmd/hidden_lake/service/internal/handler/network_online.go:36.18,39.5 2 0
github.com/number571/go-peer/cmd/hidden_lake/service/internal/handler/network_online.go:41.4,41.85 1 0
github.com/number571/go-peer/cmd/hidden_lake/service/internal/handler/network_online.go:41.85,44.5 2 0
github.com/number571/go-peer/cmd/hidden_lake/service/internal/handler/network_online.go:46.4,46.72 1 0
github.com/number571/go-peer/cmd/hidden_lake/service/internal/handler/network_request.go:17.96,18.56 1 1
github.com/number571/go-peer/cmd/hidden_lake/service/internal/handler/network_request.go:18.56,21.66 2 1
github.com/number571/go-peer/cmd/hidden_lake/service/internal/handler/network_request.go:21.66,24.4 2 0
github.com/number571/go-peer/cmd/hidden_lake/service/internal/handler/network_request.go:26.3,26.65 1 1
github.com/number571/go-peer/cmd/hidden_lake/service/internal/handler/network_request.go:26.65,29.4 2 0
github.com/number571/go-peer/cmd/hidden_lake/service/internal/handler/network_request.go:31.3,33.10 3 1
github.com/number571/go-peer/cmd/hidden_lake/service/internal/handler/network_request.go:33.10,36.4 2 0
github.com/number571/go-peer/cmd/hidden_lake/service/internal/handler/network_request.go:38.3,39.18 2 1
github.com/number571/go-peer/cmd/hidden_lake/service/internal/handler/network_request.go:39.18,42.4 2 0
github.com/number571/go-peer/cmd/hidden_lake/service/internal/handler/network_request.go:44.3,44.54 1 1
github.com/number571/go-peer/cmd/hidden_lake/service/internal/handler/network_request.go:44.54,47.4 2 0
github.com/number571/go-peer/cmd/hidden_lake/service/internal/handler/network_request.go:49.3,49.20 1 1
github.com/number571/go-peer/cmd/hidden_lake/service/internal/handler/network_request.go:50.23,55.18 2 1
github.com/number571/go-peer/cmd/hidden_lake/service/internal/handler/network_request.go:55.18,58.5 2 0
github.com/number571/go-peer/cmd/hidden_lake/service/internal/handler/network_request.go:59.4,60.10 2 1
github.com/number571/go-peer/cmd/hidden_lake/service/internal/handler/network_request.go:61.24,66.18 2 1
github.com/number571/go-peer/cmd/hidden_lake/service/internal/handler/network_request.go:66.18,69.5 2 0
github.com/number571/go-peer/cmd/hidden_lake/service/internal/handler/network_request.go:70.4,70.62 1 1
github.com/number571/go-peer/cmd/hidden_lake/service/internal/handler/network_request.go:70.62,73.5 2 0
github.com/number571/go-peer/cmd/hidden_lake/service/internal/handler/network_request.go:74.4,75.10 2 1
github.com/number571/go-peer/cmd/hidden_lake/service/internal/handler/node_key.go:17.89,21.56 3 1
github.com/number571/go-peer/cmd/hidden_lake/service/internal/handler/node_key.go:21.56,22.66 1 1
github.com/number571/go-peer/cmd/hidden_lake/service/internal/handler/node_key.go:22.66,25.4 2 0
github.com/number571/go-peer/cmd/hidden_lake/service/internal/handler/node_key.go:27.3,27.20 1 1
github.com/number571/go-peer/cmd/hidden_lake/service/internal/handler/node_key.go:28.24,31.69 2 1
github.com/number571/go-peer/cmd/hidden_lake/service/internal/handler/node_key.go:31.69,34.5 2 0
github.com/number571/go-peer/cmd/hidden_lake/service/internal/handler/node_key.go:36.4,41.22 5 1
github.com/number571/go-peer/cmd/hidden_lake/service/internal/handler/node_key.go:41.22,44.5 2 0
github.com/number571/go-peer/cmd/hidden_lake/service/internal/handler/node_key.go:46.4,46.66 1 1
github.com/number571/go-peer/cmd/hidden_lake/service/internal/handler/node_key.go:46.66,49.5 2 0
github.com/number571/go-peer/cmd/hidden_lake/service/internal/handler/node_key.go:51.4,52.48 2 1
github.com/number571/go-peer/cmd/hidden_lake/service/internal/handler/node_key.go:55.3,58.75 3 1
github.com/number571/go-peer/cmd/hidden_lake/service/internal/handler/service_tcp.go:22.88,23.102 1 1
github.com/number571/go-peer/cmd/hidden_lake/service/internal/handler/service_tcp.go:23.102,32.17 5 1
github.com/number571/go-peer/cmd/hidden_lake/service/internal/handler/service_tcp.go:32.17,35.4 2 0
github.com/number571/go-peer/cmd/hidden_lake/service/internal/handler/service_tcp.go:38.3,39.10 2 1
github.com/number571/go-peer/cmd/hidden_lake/service/internal/handler/service_tcp.go:39.10,42.4 2 0
github.com/number571/go-peer/cmd/hidden_lake/service/internal/handler/service_tcp.go:45.3,50.17 2 1
github.com/number571/go-peer/cmd/hidden_lake/service/internal/handler/service_tcp.go:50.17,53.4 2 0
github.com/number571/go-peer/cmd/hidden_lake/service/internal/handler/service_tcp.go:56.3,56.43 1 1
github.com/number571/go-peer/cmd/hidden_lake/service/internal/handler/service_tcp.go:56.43,58.4 1 1
github.com/number571/go-peer/cmd/hidden_lake/service/internal/handler/service_tcp.go:59.3,65.17 4 1
github.com/number571/go-peer/cmd/hidden_lake/service/internal/handler/service_tcp.go:65.17,68.4 2 0
github.com/number571/go-peer/cmd/hidden_lake/service/internal/handler/service_tcp.go:69.3,72.61 2 1
github.com/number571/go-peer/cmd/hidden_lake/service/internal/handler/service_tcp.go:72.61,75.4 2 0
github.com/number571/go-peer/cmd/hidden_lake/service/internal/handler/service_tcp.go:78.3,83.7 2 1
github.com/number571/go-peer/cmd/hidden_lake/service/internal/handler/service_tcp.go:87.54,89.30 2 1
github.com/number571/go-peer/cmd/hidden_lake/service/internal/handler/service_tcp.go:89.30,90.29 1 1
github.com/number571/go-peer/cmd/hidden_lake/service/internal/handler/service_tcp.go:91.33,92.12 1 1
github.com/number571/go-peer/cmd/hidden_lake/service/internal/handler/service_tcp.go:93.11,94.36 1 1
github.com/number571/go-peer/cmd/hidden_lake/service/internal/handler/service_tcp.go:97.2,97.16 1 1
github.com/number571/go-peer/cmd/hidden_lake/service/internal/handler/service_tcp.go:100.43,102.16 2 1
github.com/number571/go-peer/cmd/hidden_lake/service/internal/handler/service_tcp.go:102.16,104.3 1 0
github.com/number571/go-peer/cmd/hidden_lake/service/internal/handler/service_tcp.go:105.2,105.13 1 1
github.com/number571/go-peer/pkg/network/anonymity/anonymity.go:46.9,57.2 1 1
github.com/number571/go-peer/pkg/network/anonymity/anonymity.go:59.29,60.37 1 1
github.com/number571/go-peer/pkg/network/anonymity/anonymity.go:60.37,62.3 1 0
github.com/number571/go-peer/pkg/network/anonymity/anonymity.go:63.2,67.12 2 1
github.com/number571/go-peer/pkg/network/anonymity/anonymity.go:70.30,72.40 2 1
github.com/number571/go-peer/pkg/network/anonymity/anonymity.go:72.40,74.3 1 0
github.com/number571/go-peer/pkg/network/anonymity/anonymity.go:75.2,75.12 1 1
github.com/number571/go-peer/pkg/network/anonymity/anonymity.go:78.44,80.2 1 0
github.com/number571/go-peer/pkg/network/anonymity/anonymity.go:82.41,84.2 1 0
github.com/number571/go-peer/pkg/network/anonymity/anonymity.go:86.43,88.2 1 1
github.com/number571/go-peer/pkg/network/anonymity/anonymity.go:90.48,92.2 1 1
github.com/number571/go-peer/pkg/network/anonymity/anonymity.go:94.55,96.2 1 1
github.com/number571/go-peer/pkg/network/anonymity/anonymity.go:99.58,101.2 1 1
github.com/number571/go-peer/pkg/network/anonymity/anonymity.go:103.54,109.2 1 0
github.com/number571/go-peer/pkg/network/anonymity/anonymity.go:111.67,114.2 2 1
github.com/number571/go-peer/pkg/network/anonymity/anonymity.go:117.90,118.77 1 0
github.com/number571/go-peer/pkg/network/anonymity/anonymity.go:118.77,120.3 1 0
github.com/number571/go-peer/pkg/network/anonymity/anonymity.go:121.2,121.12 1 0
github.com/number571/go-peer/pkg/network/anonymity/anonymity.go:126.96,138.68 6 1
github.com/number571/go-peer/pkg/network/anonymity/anonymity.go:138.68,140.3 1 0
github.com/number571/go-peer/pkg/network/anonymity/anonymity.go:142.2,143.16 2 1
github.com/number571/go-peer/pkg/network/anonymity/anonymity.go:143.16,145.3 1 1
github.com/number571/go-peer/pkg/network/anonymity/anonymity.go:146.2,146.18 1 1
github.com/number571/go-peer/pkg/network/anonymity/anonymity.go:149.104,150.43 1 1
github.com/number571/go-peer/pkg/network/anonymity/anonymity.go:150.43,152.3 1 0
github.com/number571/go-peer/pkg/network/anonymity/anonymity.go:154.2,155.15 2 1
github.com/number571/go-peer/pkg/network/anonymity/anonymity.go:156.18,157.40 1 1
github.com/number571/go-peer/pkg/network/anonymity/anonymity.go:158.19,159.41 1 1
github.com/number571/go-peer/pkg/network/anonymity/anonymity.go:160.10,161.48 1 0
github.com/number571/go-peer/pkg/network/anonymity/anonymity.go:164.2,166.16 3 1
github.com/number571/go-peer/pkg/network/anonymity/anonymity.go:166.16,168.3 1 0
github.com/number571/go-peer/pkg/network/anonymity/anonymity.go:170.2,170.36 1 1
github.com/number571/go-peer/pkg/network/anonymity/anonymity.go:170.36,172.3 1 0
github.com/number571/go-peer/pkg/network/anonymity/anonymity.go:173.2,173.12 1 1
github.com/number571/go-peer/pkg/network/anonymity/anonymity.go:176.51,177.62 1 1
github.com/number571/go-peer/pkg/network/anonymity/anonymity.go:177.62,178.55 1 1
github.com/number571/go-peer/pkg/network/anonymity/anonymity.go:178.55,180.12 2 0
github.com/number571/go-peer/pkg/network/anonymity/anonymity.go:182.3,182.13 1 1
github.com/number571/go-peer/pkg/network/anonymity/anonymity.go:184.2,184.51 1 0
github.com/number571/go-peer/pkg/network/anonymity/anonymity.go:187.57,189.9 2 1
github.com/number571/go-peer/pkg/network/anonymity/anonymity.go:189.9,191.3 1 0
github.com/number571/go-peer/pkg/network/anonymity/anonymity.go:192.2,192.9 1 1
github.com/number571/go-peer/pkg/network/anonymity/anonymity.go:193.34,194.14 1 1
github.com/number571/go-peer/pkg/network/anonymity/anonymity.go:194.14,196.4 1 0
github.com/number571/go-peer/pkg/network/anonymity/anonymity.go:197.3,197.21 1 1
github.com/number571/go-peer/pkg/network/anonymity/anonymity.go:198.52,199.51 1 1
github.com/number571/go-peer/pkg/network/anonymity/anonymity.go:203.34,204.39 1 1
github.com/number571/go-peer/pkg/network/anonymity/anonymity.go:204.39,206.3 1 0
github.com/number571/go-peer/pkg/network/anonymity/anonymity.go:208.2,208.12 1 1
github.com/number571/go-peer/pkg/network/anonymity/anonymity.go:208.12,209.7 1 1
github.com/number571/go-peer/pkg/network/anonymity/anonymity.go:209.7,211.11 2 1
github.com/number571/go-peer/pkg/network/anonymity/anonymity.go:211.11,212.10 1 1
github.com/number571/go-peer/pkg/network/anonymity/anonymity.go:215.4,219.60 3 1
github.com/number571/go-peer/pkg/network/anonymity/anonymity.go:219.60,221.13 1 0
github.com/number571/go-peer/pkg/network/anonymity/anonymity.go:225.4,227.68 2 1
github.com/number571/go-peer/pkg/network/anonymity/anonymity.go:231.2,231.12 1 1
github.com/number571/go-peer/pkg/network/anonymity/anonymity.go:234.51,235.67 1 1
github.com/number571/go-peer/pkg/network/anonymity/anonymity.go:235.67,254.59 7 1
github.com/number571/go-peer/pkg/network/anonymity/anonymity.go:254.59,257.4 1 0
github.com/number571/go-peer/pkg/network/anonymity/anonymity.go:260.3,261.17 2 1
github.com/number571/go-peer/pkg/network/anonymity/anonymity.go:261.17,264.4 2 0
github.com/number571/go-peer/pkg/network/anonymity/anonymity.go:267.3,270.36 2 1
github.com/number571/go-peer/pkg/network/anonymity/anonymity.go:270.36,273.4 2 1
github.com/number571/go-peer/pkg/network/anonymity/anonymity.go:276.3,279.10 3 1
github.com/number571/go-peer/pkg/network/anonymity/anonymity.go:281.25,285.11 3 1
github.com/number571/go-peer/pkg/network/anonymity/anonymity.go:285.11,288.5 2 0
github.com/number571/go-peer/pkg/network/anonymity/anonymity.go:290.4,292.10 3 1
github.com/number571/go-peer/pkg/network/anonymity/anonymity.go:294.24,297.23 2 1
github.com/number571/go-peer/pkg/network/anonymity/anonymity.go:297.23,300.5 2 0
github.com/number571/go-peer/pkg/network/anonymity/anonymity.go:303.4,304.18 2 1
github.com/number571/go-peer/pkg/network/anonymity/anonymity.go:304.18,307.5 2 0
github.com/number571/go-peer/pkg/network/anonymity/anonymity.go:308.4,308.19 1 1
github.com/number571/go-peer/pkg/network/anonymity/anonymity.go:308.19,311.5 2 0
github.com/number571/go-peer/pkg/network/anonymity/anonymity.go:314.4,314.105 1 1
github.com/number571/go-peer/pkg/network/anonymity/anonymity.go:314.105,317.5 2 0
github.com/number571/go-peer/pkg/network/anonymity/anonymity.go:319.4,320.10 2 1
github.com/number571/go-peer/pkg/network/anonymity/anonymity.go:322.11,324.10 2 1
github.com/number571/go-peer/pkg/network/anonymity/anonymity.go:329.98,330.17 1 1
github.com/number571/go-peer/pkg/network/anonymity/anonymity.go:330.17,333.3 2 0
github.com/number571/go-peer/pkg/network/anonymity/anonymity.go:335.2,345.21 3 1
github.com/number571/go-peer/pkg/network/anonymity/anonymity.go:345.21,348.3 2 0
github.com/number571/go-peer/pkg/network/anonymity/anonymity.go:350.2,355.66 4 1
github.com/number571/go-peer/pkg/network/anonymity/anonymity.go:355.66,358.3 2 0
github.com/number571/go-peer/pkg/network/anonymity/anonymity.go:361.2,362.66 2 1
github.com/number571/go-peer/pkg/network/anonymity/anonymity.go:362.66,365.3 2 0
github.com/number571/go-peer/pkg/network/anonymity/anonymity.go:368.2,368.18 1 1
github.com/number571/go-peer/pkg/network/anonymity/anonymity.go:368.18,370.50 1 1
github.com/number571/go-peer/pkg/network/anonymity/anonymity.go:370.50,373.4 1 1
github.com/number571/go-peer/pkg/network/anonymity/anonymity.go:376.2,376.13 1 1
github.com/number571/go-peer/pkg/network/anonymity/anonymity.go:379.63,387.16 2 1
github.com/number571/go-peer/pkg/network/anonymity/anonymity.go:387.16,389.3 1 1
github.com/number571/go-peer/pkg/network/anonymity/anonymity.go:390.2,390.12 1 1
github.com/number571/go-peer/pkg/network/anonymity/anonymity.go:393.59,398.2 3 1
github.com/number571/go-peer/pkg/network/anonymity/anonymity.go:400.58,406.2 4 1
github.com/number571/go-peer/pkg/network/anonymity/anonymity.go:408.66,414.2 4 1
github.com/number571/go-peer/pkg/network/anonymity/anonymity.go:416.46,421.2 3 1
github.com/number571/go-peer/pkg/network/anonymity/anonymity.go:423.46,428.2 3 1
github.com/number571/go-peer/pkg/network/anonymity/anonymity.go:430.68,434.2 3 1
github.com/number571/go-peer/pkg/network/anonymity/data_type.go:12.36,13.22 1 1
github.com/number571/go-peer/pkg/network/anonymity/data_type.go:13.22,15.3 1 0
github.com/number571/go-peer/pkg/network/anonymity/data_type.go:16.2,16.43 1 1
github.com/number571/go-peer/pkg/network/anonymity/data_type.go:19.37,20.22 1 1
github.com/number571/go-peer/pkg/network/anonymity/data_type.go:20.22,22.3 1 0
github.com/number571/go-peer/pkg/network/anonymity/data_type.go:23.2,23.44 1 1
github.com/number571/go-peer/pkg/network/anonymity/data_type.go:26.40,31.2 1 1
github.com/number571/go-peer/pkg/network/anonymity/data_type.go:33.41,38.2 1 1
github.com/number571/go-peer/pkg/network/anonymity/data_type.go:40.40,41.22 1 1
github.com/number571/go-peer/pkg/network/anonymity/data_type.go:41.22,42.31 1 0
github.com/number571/go-peer/pkg/network/anonymity/data_type.go:44.2,44.19 1 1
github.com/number571/go-peer/pkg/network/anonymity/head.go:18.32,20.2 1 1
github.com/number571/go-peer/pkg/network/anonymity/head.go:22.45,24.2 1 1
github.com/number571/go-peer/pkg/network/anonymity/head.go:26.34,28.2 1 1
github.com/number571/go-peer/pkg/network/anonymity/head.go:30.35,32.2 1 1
github.com/number571/go-peer/pkg/network/anonymity/head.go:34.32,36.2 1 1
github.com/number571/go-peer/pkg/network/anonymity/settings.go:19.46,26.2 1 1
github.com/number571/go-peer/pkg/network/anonymity/settings.go:28.45,29.26 1 1
github.com/number571/go-peer/pkg/network/anonymity/settings.go:29.26,30.32 1 0
github.com/number571/go-peer/pkg/network/anonymity/settings.go:32.2,32.25 1 1
github.com/number571/go-peer/pkg/network/anonymity/settings.go:32.25,33.31 1 0
github.com/number571/go-peer/pkg/network/anonymity/settings.go:35.2,35.27 1 1
github.com/number571/go-peer/pkg/network/anonymity/settings.go:35.27,36.28 1 0
github.com/number571/go-peer/pkg/network/anonymity/settings.go:38.2,38.10 1 1
github.com/number571/go-peer/pkg/network/anonymity/settings.go:41.45,43.2 1 1
github.com/number571/go-peer/pkg/network/anonymity/settings.go:45.54,47.2 1 1
github.com/number571/go-peer/pkg/network/anonymity/settings.go:49.45,51.2 1 1
github.com/number571/go-peer/pkg/network/anonymity/settings.go:53.46,55.2 1 1
github.com/number571/go-peer/pkg/network/anonymity/wrapper.go:19.32,21.2 1 1
github.com/number571/go-peer/pkg/network/anonymity/wrapper.go:23.49,25.9 2 1
github.com/number571/go-peer/pkg/network/anonymity/wrapper.go:25.9,27.3 1 0
github.com/number571/go-peer/pkg/network/anonymity/wrapper.go:28.2,28.11 1 1
github.com/number571/go-peer/pkg/network/anonymity/wrapper.go:31.63,37.2 4 1
github.com/number571/go-peer/pkg/network/anonymity/wrapper.go:39.36,44.9 4 1
github.com/number571/go-peer/pkg/network/anonymity/wrapper.go:44.9,46.3 1 0
github.com/number571/go-peer/pkg/network/anonymity/wrapper.go:47.2,47.19 1 1
