mode: set
github.com/number571/go-peer/cmd/hidden_lake/adapters/common/recv/main.go:29.36,36.16 3 0
github.com/number571/go-peer/cmd/hidden_lake/adapters/common/recv/main.go:36.16,37.13 1 0
github.com/number571/go-peer/cmd/hidden_lake/adapters/common/recv/main.go:39.2,39.56 1 0
github.com/number571/go-peer/cmd/hidden_lake/adapters/common/recv/main.go:39.56,41.3 1 0
github.com/number571/go-peer/cmd/hidden_lake/adapters/common/recv/main.go:42.2,42.83 1 0
github.com/number571/go-peer/cmd/hidden_lake/adapters/common/recv/main.go:42.83,43.13 1 0
github.com/number571/go-peer/cmd/hidden_lake/adapters/common/recv/main.go:45.2,45.11 1 0
github.com/number571/go-peer/cmd/hidden_lake/adapters/common/recv/main.go:48.13,52.23 3 0
github.com/number571/go-peer/cmd/hidden_lake/adapters/common/recv/main.go:52.23,53.48 1 0
github.com/number571/go-peer/cmd/hidden_lake/adapters/common/recv/main.go:56.2,57.16 2 0
github.com/number571/go-peer/cmd/hidden_lake/adapters/common/recv/main.go:57.16,58.13 1 0
github.com/number571/go-peer/cmd/hidden_lake/adapters/common/recv/main.go:61.2,62.16 2 0
github.com/number571/go-peer/cmd/hidden_lake/adapters/common/recv/main.go:62.16,63.13 1 0
github.com/number571/go-peer/cmd/hidden_lake/adapters/common/recv/main.go:66.2,66.43 1 0
github.com/number571/go-peer/cmd/hidden_lake/adapters/common/recv/main.go:69.73,78.6 2 0
github.com/number571/go-peer/cmd/hidden_lake/adapters/common/recv/main.go:78.6,82.17 3 0
github.com/number571/go-peer/cmd/hidden_lake/adapters/common/recv/main.go:82.17,84.12 2 0
github.com/number571/go-peer/cmd/hidden_lake/adapters/common/recv/main.go:87.3,88.17 2 0
github.com/number571/go-peer/cmd/hidden_lake/adapters/common/recv/main.go:88.17,90.12 2 0
github.com/number571/go-peer/cmd/hidden_lake/adapters/common/recv/main.go:93.3,93.43 1 0
github.com/number571/go-peer/cmd/hidden_lake/adapters/common/recv/main.go:93.43,97.18 3 0
github.com/number571/go-peer/cmd/hidden_lake/adapters/common/recv/main.go:97.18,99.13 2 0
github.com/number571/go-peer/cmd/hidden_lake/adapters/common/recv/main.go:102.4,102.55 1 0
github.com/number571/go-peer/cmd/hidden_lake/adapters/common/recv/main.go:102.55,104.13 2 0
github.com/number571/go-peer/cmd/hidden_lake/adapters/common/recv/main.go:110.83,117.16 2 0
github.com/number571/go-peer/cmd/hidden_lake/adapters/common/recv/main.go:117.16,119.3 1 0
github.com/number571/go-peer/cmd/hidden_lake/adapters/common/recv/main.go:122.2,123.16 2 0
github.com/number571/go-peer/cmd/hidden_lake/adapters/common/recv/main.go:123.16,125.3 1 0
github.com/number571/go-peer/cmd/hidden_lake/adapters/common/recv/main.go:126.2,130.16 3 0
github.com/number571/go-peer/cmd/hidden_lake/adapters/common/recv/main.go:130.16,132.3 1 0
github.com/number571/go-peer/cmd/hidden_lake/adapters/common/recv/main.go:135.2,135.62 1 0
github.com/number571/go-peer/cmd/hidden_lake/adapters/common/recv/main.go:135.62,137.3 1 0
github.com/number571/go-peer/cmd/hidden_lake/adapters/common/recv/main.go:139.2,146.16 4 0
github.com/number571/go-peer/cmd/hidden_lake/adapters/common/recv/main.go:146.16,148.3 1 0
github.com/number571/go-peer/cmd/hidden_lake/adapters/common/recv/main.go:150.2,150.17 1 0
github.com/number571/go-peer/cmd/hidden_lake/adapters/common/recv/main.go:153.60,160.16 2 0
github.com/number571/go-peer/cmd/hidden_lake/adapters/common/recv/main.go:160.16,162.3 1 0
github.com/number571/go-peer/cmd/hidden_lake/adapters/common/recv/main.go:165.2,166.16 2 0
github.com/number571/go-peer/cmd/hidden_lake/adapters/common/recv/main.go:166.16,168.3 1 0
github.com/number571/go-peer/cmd/hidden_lake/adapters/common/recv/main.go:169.2,173.16 3 0
github.com/number571/go-peer/cmd/hidden_lake/adapters/common/recv/main.go:173.16,175.3 1 0
github.com/number571/go-peer/cmd/hidden_lake/adapters/common/recv/main.go:178.2,178.50 1 0
github.com/number571/go-peer/cmd/hidden_lake/adapters/common/recv/main.go:178.50,180.3 1 0
github.com/number571/go-peer/cmd/hidden_lake/adapters/common/recv/main.go:182.2,184.16 3 0
github.com/number571/go-peer/cmd/hidden_lake/adapters/common/recv/main.go:184.16,186.3 1 0
github.com/number571/go-peer/cmd/hidden_lake/adapters/common/recv/main.go:188.2,188.26 1 0
github.com/number571/go-peer/cmd/hidden_lake/adapters/common/recv/main.go:191.63,193.16 2 0
github.com/number571/go-peer/cmd/hidden_lake/adapters/common/recv/main.go:193.16,195.3 1 0
github.com/number571/go-peer/cmd/hidden_lake/adapters/common/recv/main.go:197.2,198.16 2 0
github.com/number571/go-peer/cmd/hidden_lake/adapters/common/recv/main.go:198.16,200.3 1 0
github.com/number571/go-peer/cmd/hidden_lake/adapters/common/recv/main.go:202.2,202.19 1 0
github.com/number571/go-peer/cmd/hidden_lake/adapters/common/recv/main.go:205.56,207.16 2 0
github.com/number571/go-peer/cmd/hidden_lake/adapters/common/recv/main.go:207.16,209.3 1 0
github.com/number571/go-peer/cmd/hidden_lake/adapters/common/recv/main.go:211.2,211.89 1 0
github.com/number571/go-peer/cmd/hidden_lake/adapters/common/recv/main.go:211.89,213.3 1 0
github.com/number571/go-peer/cmd/hidden_lake/adapters/common/recv/main.go:215.2,215.12 1 0
github.com/number571/go-peer/cmd/hidden_lake/adapters/common/send/main.go:15.13,16.23 1 0
github.com/number571/go-peer/cmd/hidden_lake/adapters/common/send/main.go:16.23,17.51 1 0
github.com/number571/go-peer/cmd/hidden_lake/adapters/common/send/main.go:20.2,21.16 2 0
github.com/number571/go-peer/cmd/hidden_lake/adapters/common/send/main.go:21.16,22.13 1 0
github.com/number571/go-peer/cmd/hidden_lake/adapters/common/send/main.go:25.2,26.16 2 0
github.com/number571/go-peer/cmd/hidden_lake/adapters/common/send/main.go:26.16,27.13 1 0
github.com/number571/go-peer/cmd/hidden_lake/adapters/common/send/main.go:30.2,31.60 2 0
github.com/number571/go-peer/cmd/hidden_lake/adapters/common/send/main.go:34.80,35.54 1 0
github.com/number571/go-peer/cmd/hidden_lake/adapters/common/send/main.go:35.54,36.34 1 0
github.com/number571/go-peer/cmd/hidden_lake/adapters/common/send/main.go:36.34,39.4 2 0
github.com/number571/go-peer/cmd/hidden_lake/adapters/common/send/main.go:42.3,43.17 2 0
github.com/number571/go-peer/cmd/hidden_lake/adapters/common/send/main.go:43.17,46.4 2 0
github.com/number571/go-peer/cmd/hidden_lake/adapters/common/send/main.go:48.3,49.28 2 0
github.com/number571/go-peer/cmd/hidden_lake/adapters/common/send/main.go:53.83,60.16 2 0
github.com/number571/go-peer/cmd/hidden_lake/adapters/common/send/main.go:60.16,62.3 1 0
github.com/number571/go-peer/cmd/hidden_lake/adapters/common/send/main.go:65.2,66.16 2 0
github.com/number571/go-peer/cmd/hidden_lake/adapters/common/send/main.go:66.16,68.3 1 0
github.com/number571/go-peer/cmd/hidden_lake/adapters/common/send/main.go:69.2,73.16 3 0
github.com/number571/go-peer/cmd/hidden_lake/adapters/common/send/main.go:73.16,75.3 1 0
github.com/number571/go-peer/cmd/hidden_lake/adapters/common/send/main.go:78.2,78.36 1 0
github.com/number571/go-peer/cmd/hidden_lake/adapters/common/send/main.go:78.36,80.3 1 0
github.com/number571/go-peer/cmd/hidden_lake/adapters/common/send/main.go:82.2,82.50 1 0
github.com/number571/go-peer/cmd/hidden_lake/adapters/common/service/main.go:27.36,34.16 3 0
github.com/number571/go-peer/cmd/hidden_lake/adapters/common/service/main.go:34.16,35.13 1 0
github.com/number571/go-peer/cmd/hidden_lake/adapters/common/service/main.go:37.2,37.56 1 0
github.com/number571/go-peer/cmd/hidden_lake/adapters/common/service/main.go:37.56,39.3 1 0
github.com/number571/go-peer/cmd/hidden_lake/adapters/common/service/main.go:40.2,40.66 1 0
github.com/number571/go-peer/cmd/hidden_lake/adapters/common/service/main.go:40.66,41.13 1 0
github.com/number571/go-peer/cmd/hidden_lake/adapters/common/service/main.go:43.2,43.11 1 0
github.com/number571/go-peer/cmd/hidden_lake/adapters/common/service/main.go:46.13,50.23 3 0
github.com/number571/go-peer/cmd/hidden_lake/adapters/common/service/main.go:50.23,51.28 1 0
github.com/number571/go-peer/cmd/hidden_lake/adapters/common/service/main.go:54.2,55.16 2 0
github.com/number571/go-peer/cmd/hidden_lake/adapters/common/service/main.go:55.16,56.13 1 0
github.com/number571/go-peer/cmd/hidden_lake/adapters/common/service/main.go:59.2,63.52 4 0
github.com/number571/go-peer/cmd/hidden_lake/adapters/common/service/main.go:66.55,69.33 2 0
github.com/number571/go-peer/cmd/hidden_lake/adapters/common/service/main.go:69.33,72.3 2 0
github.com/number571/go-peer/cmd/hidden_lake/adapters/common/service/main.go:74.2,75.16 2 0
github.com/number571/go-peer/cmd/hidden_lake/adapters/common/service/main.go:75.16,78.3 2 0
github.com/number571/go-peer/cmd/hidden_lake/adapters/common/service/main.go:80.2,80.42 1 0
github.com/number571/go-peer/cmd/hidden_lake/adapters/common/service/main.go:80.42,83.3 2 0
github.com/number571/go-peer/cmd/hidden_lake/adapters/common/service/main.go:85.2,85.20 1 0
github.com/number571/go-peer/cmd/hidden_lake/adapters/common/service/main.go:88.55,91.32 2 0
github.com/number571/go-peer/cmd/hidden_lake/adapters/common/service/main.go:91.32,94.3 2 0
github.com/number571/go-peer/cmd/hidden_lake/adapters/common/service/main.go:96.2,97.16 2 0
github.com/number571/go-peer/cmd/hidden_lake/adapters/common/service/main.go:97.16,100.3 2 0
github.com/number571/go-peer/cmd/hidden_lake/adapters/common/service/main.go:102.2,102.30 1 0
github.com/number571/go-peer/cmd/hidden_lake/adapters/common/service/main.go:105.55,108.32 2 0
github.com/number571/go-peer/cmd/hidden_lake/adapters/common/service/main.go:108.32,111.3 2 0
github.com/number571/go-peer/cmd/hidden_lake/adapters/common/service/main.go:113.2,117.16 4 0
github.com/number571/go-peer/cmd/hidden_lake/adapters/common/service/main.go:117.16,120.3 2 0
github.com/number571/go-peer/cmd/hidden_lake/adapters/common/service/main.go:122.2,123.16 2 0
github.com/number571/go-peer/cmd/hidden_lake/adapters/common/service/main.go:123.16,126.3 2 0
github.com/number571/go-peer/cmd/hidden_lake/adapters/common/service/main.go:128.2,128.60 1 0
github.com/number571/go-peer/cmd/hidden_lake/adapters/common/service/main.go:131.40,133.16 2 0
github.com/number571/go-peer/cmd/hidden_lake/adapters/common/service/main.go:133.16,135.3 1 0
github.com/number571/go-peer/cmd/hidden_lake/adapters/common/service/main.go:137.2,138.16 2 0
github.com/number571/go-peer/cmd/hidden_lake/adapters/common/service/main.go:138.16,140.3 1 0
github.com/number571/go-peer/cmd/hidden_lake/adapters/common/service/main.go:142.2,142.19 1 0
github.com/number571/go-peer/cmd/hidden_lake/adapters/common/service/main.go:145.52,147.16 2 0
github.com/number571/go-peer/cmd/hidden_lake/adapters/common/service/main.go:147.16,149.3 1 0
github.com/number571/go-peer/cmd/hidden_lake/adapters/common/service/main.go:151.2,151.18 1 0
github.com/number571/go-peer/cmd/hidden_lake/adapters/common/service/main.go:154.38,159.16 4 0
github.com/number571/go-peer/cmd/hidden_lake/adapters/common/service/main.go:159.16,161.3 1 0
github.com/number571/go-peer/cmd/hidden_lake/adapters/common/service/main.go:163.2,163.71 1 0
github.com/number571/go-peer/cmd/hidden_lake/adapters/common/service/main.go:163.71,165.3 1 0
github.com/number571/go-peer/cmd/hidden_lake/adapters/common/service/main.go:167.2,167.89 1 0
github.com/number571/go-peer/cmd/hidden_lake/adapters/common/service/main.go:167.89,169.3 1 0
github.com/number571/go-peer/cmd/hidden_lake/adapters/common/service/main.go:171.2,171.12 1 0
github.com/number571/go-peer/cmd/hidden_lake/composite/service_traffic/cmd/hlc_st/init_app.go:19.58,21.16 2 0
github.com/number571/go-peer/cmd/hidden_lake/composite/service_traffic/cmd/hlc_st/init_app.go:21.16,23.3 1 0
github.com/number571/go-peer/cmd/hidden_lake/composite/service_traffic/cmd/hlc_st/init_app.go:25.2,26.16 2 0
github.com/number571/go-peer/cmd/hidden_lake/composite/service_traffic/cmd/hlc_st/init_app.go:26.16,28.3 1 0
github.com/number571/go-peer/cmd/hidden_lake/composite/service_traffic/cmd/hlc_st/init_app.go:30.2,33.8 1 0
github.com/number571/go-peer/cmd/hidden_lake/composite/service_traffic/cmd/hlc_st/init_app.go:36.28,37.37 1 0
github.com/number571/go-peer/cmd/hidden_lake/composite/service_traffic/cmd/hlc_st/init_app.go:37.37,39.3 1 0
github.com/number571/go-peer/cmd/hidden_lake/composite/service_traffic/cmd/hlc_st/init_app.go:40.2,40.21 1 0
github.com/number571/go-peer/cmd/hidden_lake/composite/service_traffic/cmd/hlc_st/init_app.go:43.29,45.2 1 0
github.com/number571/go-peer/cmd/hidden_lake/composite/service_traffic/cmd/hlc_st/main.go:9.13,11.16 2 0
github.com/number571/go-peer/cmd/hidden_lake/composite/service_traffic/cmd/hlc_st/main.go:11.16,12.13 1 0
github.com/number571/go-peer/cmd/hidden_lake/composite/service_traffic/cmd/hlc_st/main.go:15.2,18.34 3 0
github.com/number571/go-peer/cmd/hidden_lake/composite/service_traffic/cmd/hlc_st/main.go:18.34,19.13 1 0
github.com/number571/go-peer/cmd/hidden_lake/composite/service_traffic/cmd/hlc_st/main.go:21.2,21.15 1 0
github.com/number571/go-peer/cmd/hidden_lake/composite/service_traffic/cmd/hlc_st/main.go:21.15,22.36 1 0
github.com/number571/go-peer/cmd/hidden_lake/composite/service_traffic/cmd/hlc_st/main.go:22.36,23.14 1 0
github.com/number571/go-peer/cmd/hidden_lake/composite/service_traffic/cmd/hlc_st/main.go:27.2,27.12 1 0
github.com/number571/go-peer/cmd/hidden_lake/composite/service_messenger/cmd/hlc_sm/init_app.go:19.58,21.16 2 0
github.com/number571/go-peer/cmd/hidden_lake/composite/service_messenger/cmd/hlc_sm/init_app.go:21.16,23.3 1 0
github.com/number571/go-peer/cmd/hidden_lake/composite/service_messenger/cmd/hlc_sm/init_app.go:25.2,26.16 2 0
github.com/number571/go-peer/cmd/hidden_lake/composite/service_messenger/cmd/hlc_sm/init_app.go:26.16,28.3 1 0
github.com/number571/go-peer/cmd/hidden_lake/composite/service_messenger/cmd/hlc_sm/init_app.go:30.2,33.8 1 0
github.com/number571/go-peer/cmd/hidden_lake/composite/service_messenger/cmd/hlc_sm/init_app.go:36.28,37.37 1 0
github.com/number571/go-peer/cmd/hidden_lake/composite/service_messenger/cmd/hlc_sm/init_app.go:37.37,39.3 1 0
github.com/number571/go-peer/cmd/hidden_lake/composite/service_messenger/cmd/hlc_sm/init_app.go:40.2,40.21 1 0
github.com/number571/go-peer/cmd/hidden_lake/composite/service_messenger/cmd/hlc_sm/init_app.go:43.29,46.2 2 0
github.com/number571/go-peer/cmd/hidden_lake/composite/service_messenger/cmd/hlc_sm/main.go:9.13,11.16 2 0
github.com/number571/go-peer/cmd/hidden_lake/composite/service_messenger/cmd/hlc_sm/main.go:11.16,12.13 1 0
github.com/number571/go-peer/cmd/hidden_lake/composite/service_messenger/cmd/hlc_sm/main.go:15.2,18.34 3 0
github.com/number571/go-peer/cmd/hidden_lake/composite/service_messenger/cmd/hlc_sm/main.go:18.34,19.13 1 0
github.com/number571/go-peer/cmd/hidden_lake/composite/service_messenger/cmd/hlc_sm/main.go:21.2,21.15 1 0
github.com/number571/go-peer/cmd/hidden_lake/composite/service_messenger/cmd/hlc_sm/main.go:21.15,22.36 1 0
github.com/number571/go-peer/cmd/hidden_lake/composite/service_messenger/cmd/hlc_sm/main.go:22.36,23.14 1 0
github.com/number571/go-peer/cmd/hidden_lake/composite/service_messenger/cmd/hlc_sm/main.go:27.2,27.12 1 0
github.com/number571/go-peer/cmd/hidden_lake/messenger/internal/database/database.go:17.70,19.16 2 0
github.com/number571/go-peer/cmd/hidden_lake/messenger/internal/database/database.go:19.16,21.3 1 0
github.com/number571/go-peer/cmd/hidden_lake/messenger/internal/database/database.go:22.2,24.8 1 0
github.com/number571/go-peer/cmd/hidden_lake/messenger/internal/database/database.go:27.49,32.2 3 0
github.com/number571/go-peer/cmd/hidden_lake/messenger/internal/database/database.go:34.83,38.19 3 0
github.com/number571/go-peer/cmd/hidden_lake/messenger/internal/database/database.go:38.19,40.3 1 0
github.com/number571/go-peer/cmd/hidden_lake/messenger/internal/database/database.go:42.2,43.17 2 0
github.com/number571/go-peer/cmd/hidden_lake/messenger/internal/database/database.go:43.17,45.3 1 0
github.com/number571/go-peer/cmd/hidden_lake/messenger/internal/database/database.go:47.2,48.33 2 0
github.com/number571/go-peer/cmd/hidden_lake/messenger/internal/database/database.go:48.33,50.17 2 0
github.com/number571/go-peer/cmd/hidden_lake/messenger/internal/database/database.go:50.17,52.4 1 0
github.com/number571/go-peer/cmd/hidden_lake/messenger/internal/database/database.go:53.3,54.17 2 0
github.com/number571/go-peer/cmd/hidden_lake/messenger/internal/database/database.go:54.17,56.4 1 0
github.com/number571/go-peer/cmd/hidden_lake/messenger/internal/database/database.go:57.3,57.25 1 0
github.com/number571/go-peer/cmd/hidden_lake/messenger/internal/database/database.go:60.2,60.17 1 0
github.com/number571/go-peer/cmd/hidden_lake/messenger/internal/database/database.go:63.63,69.66 5 0
github.com/number571/go-peer/cmd/hidden_lake/messenger/internal/database/database.go:69.66,71.3 1 0
github.com/number571/go-peer/cmd/hidden_lake/messenger/internal/database/database.go:73.2,73.84 1 0
github.com/number571/go-peer/cmd/hidden_lake/messenger/internal/database/database.go:73.84,75.3 1 0
github.com/number571/go-peer/cmd/hidden_lake/messenger/internal/database/database.go:77.2,77.12 1 0
github.com/number571/go-peer/cmd/hidden_lake/messenger/internal/database/database.go:80.37,84.41 3 0
github.com/number571/go-peer/cmd/hidden_lake/messenger/internal/database/database.go:84.41,86.3 1 0
github.com/number571/go-peer/cmd/hidden_lake/messenger/internal/database/database.go:87.2,87.12 1 0
github.com/number571/go-peer/cmd/hidden_lake/messenger/internal/database/database.go:90.52,92.16 2 0
github.com/number571/go-peer/cmd/hidden_lake/messenger/internal/database/database.go:92.16,94.3 1 0
github.com/number571/go-peer/cmd/hidden_lake/messenger/internal/database/database.go:96.2,98.36 3 0
github.com/number571/go-peer/cmd/hidden_lake/messenger/internal/database/keys.go:12.38,18.2 1 0
github.com/number571/go-peer/cmd/hidden_lake/messenger/internal/database/keys.go:20.58,27.2 1 0
github.com/number571/go-peer/cmd/hidden_lake/messenger/internal/database/message.go:25.61,31.2 1 0
github.com/number571/go-peer/cmd/hidden_lake/messenger/internal/database/message.go:33.45,34.57 1 0
github.com/number571/go-peer/cmd/hidden_lake/messenger/internal/database/message.go:34.57,36.3 1 0
github.com/number571/go-peer/cmd/hidden_lake/messenger/internal/database/message.go:38.2,39.23 2 0
github.com/number571/go-peer/cmd/hidden_lake/messenger/internal/database/message.go:39.23,41.3 1 0
github.com/number571/go-peer/cmd/hidden_lake/messenger/internal/database/message.go:43.2,50.3 3 0
github.com/number571/go-peer/cmd/hidden_lake/messenger/internal/database/message.go:53.38,55.2 1 0
github.com/number571/go-peer/cmd/hidden_lake/messenger/internal/database/message.go:57.40,59.2 1 0
github.com/number571/go-peer/cmd/hidden_lake/messenger/internal/database/message.go:61.42,63.2 1 0
github.com/number571/go-peer/cmd/hidden_lake/messenger/internal/database/message.go:65.37,67.19 2 0
github.com/number571/go-peer/cmd/hidden_lake/messenger/internal/database/message.go:67.19,69.3 1 0
github.com/number571/go-peer/cmd/hidden_lake/messenger/internal/database/message.go:70.2,78.3 2 0
github.com/number571/go-peer/cmd/hidden_lake/messenger/internal/database/relation.go:14.62,19.2 1 0
github.com/number571/go-peer/cmd/hidden_lake/messenger/internal/database/relation.go:21.46,23.2 1 0
github.com/number571/go-peer/cmd/hidden_lake/messenger/internal/database/relation.go:25.49,27.2 1 0
github.com/number571/go-peer/cmd/hidden_lake/messenger/internal/chat_queue/chat_queue.go:19.41,24.2 1 0
github.com/number571/go-peer/cmd/hidden_lake/messenger/internal/chat_queue/chat_queue.go:26.29,34.2 5 0
github.com/number571/go-peer/cmd/hidden_lake/messenger/internal/chat_queue/chat_queue.go:36.58,37.15 1 0
github.com/number571/go-peer/cmd/hidden_lake/messenger/internal/chat_queue/chat_queue.go:37.15,41.3 3 0
github.com/number571/go-peer/cmd/hidden_lake/messenger/internal/chat_queue/chat_queue.go:43.2,48.16 5 0
github.com/number571/go-peer/cmd/hidden_lake/messenger/internal/chat_queue/chat_queue.go:51.42,55.31 3 0
github.com/number571/go-peer/cmd/hidden_lake/messenger/internal/chat_queue/chat_queue.go:55.31,57.3 1 0
github.com/number571/go-peer/cmd/hidden_lake/messenger/internal/chat_queue/chat_queue.go:60.2,60.30 1 0
github.com/number571/go-peer/cmd/hidden_lake/messenger/internal/chat_queue/chat_queue.go:60.30,62.3 1 0
github.com/number571/go-peer/cmd/hidden_lake/messenger/internal/chat_queue/chat_queue.go:64.2,64.17 1 0
github.com/number571/go-peer/cmd/hidden_lake/composite/service_traffic_messenger/cmd/hlc_stm/init_app.go:21.58,23.16 2 0
github.com/number571/go-peer/cmd/hidden_lake/composite/service_traffic_messenger/cmd/hlc_stm/init_app.go:23.16,25.3 1 0
github.com/number571/go-peer/cmd/hidden_lake/composite/service_traffic_messenger/cmd/hlc_stm/init_app.go:27.2,28.16 2 0
github.com/number571/go-peer/cmd/hidden_lake/composite/service_traffic_messenger/cmd/hlc_stm/init_app.go:28.16,30.3 1 0
github.com/number571/go-peer/cmd/hidden_lake/composite/service_traffic_messenger/cmd/hlc_stm/init_app.go:32.2,33.16 2 0
github.com/number571/go-peer/cmd/hidden_lake/composite/service_traffic_messenger/cmd/hlc_stm/init_app.go:33.16,35.3 1 0
github.com/number571/go-peer/cmd/hidden_lake/composite/service_traffic_messenger/cmd/hlc_stm/init_app.go:37.2,41.8 1 0
github.com/number571/go-peer/cmd/hidden_lake/composite/service_traffic_messenger/cmd/hlc_stm/init_app.go:44.28,45.37 1 0
github.com/number571/go-peer/cmd/hidden_lake/composite/service_traffic_messenger/cmd/hlc_stm/init_app.go:45.37,47.3 1 0
github.com/number571/go-peer/cmd/hidden_lake/composite/service_traffic_messenger/cmd/hlc_stm/init_app.go:48.2,48.37 1 0
github.com/number571/go-peer/cmd/hidden_lake/composite/service_traffic_messenger/cmd/hlc_stm/init_app.go:48.37,50.3 1 0
github.com/number571/go-peer/cmd/hidden_lake/composite/service_traffic_messenger/cmd/hlc_stm/init_app.go:51.2,51.21 1 0
github.com/number571/go-peer/cmd/hidden_lake/composite/service_traffic_messenger/cmd/hlc_stm/init_app.go:54.29,58.2 3 0
github.com/number571/go-peer/cmd/hidden_lake/composite/service_traffic_messenger/cmd/hlc_stm/main.go:9.13,11.16 2 0
github.com/number571/go-peer/cmd/hidden_lake/composite/service_traffic_messenger/cmd/hlc_stm/main.go:11.16,12.13 1 0
github.com/number571/go-peer/cmd/hidden_lake/composite/service_traffic_messenger/cmd/hlc_stm/main.go:15.2,18.34 3 0
github.com/number571/go-peer/cmd/hidden_lake/composite/service_traffic_messenger/cmd/hlc_stm/main.go:18.34,19.13 1 0
github.com/number571/go-peer/cmd/hidden_lake/composite/service_traffic_messenger/cmd/hlc_stm/main.go:21.2,21.15 1 0
github.com/number571/go-peer/cmd/hidden_lake/composite/service_traffic_messenger/cmd/hlc_stm/main.go:21.15,22.36 1 0
github.com/number571/go-peer/cmd/hidden_lake/composite/service_traffic_messenger/cmd/hlc_stm/main.go:22.36,23.14 1 0
github.com/number571/go-peer/cmd/hidden_lake/composite/service_traffic_messenger/cmd/hlc_stm/main.go:27.2,27.12 1 0
github.com/number571/go-peer/cmd/hidden_lake/messenger/cmd/hlm/main.go:11.13,13.16 2 0
github.com/number571/go-peer/cmd/hidden_lake/messenger/cmd/hlm/main.go:13.16,14.13 1 0
github.com/number571/go-peer/cmd/hidden_lake/messenger/cmd/hlm/main.go:17.2,20.34 3 0
github.com/number571/go-peer/cmd/hidden_lake/messenger/cmd/hlm/main.go:20.34,21.13 1 0
github.com/number571/go-peer/cmd/hidden_lake/messenger/cmd/hlm/main.go:23.2,23.15 1 0
github.com/number571/go-peer/cmd/hidden_lake/messenger/cmd/hlm/main.go:23.15,24.36 1 0
github.com/number571/go-peer/cmd/hidden_lake/messenger/cmd/hlm/main.go:24.36,25.14 1 0
github.com/number571/go-peer/cmd/hidden_lake/messenger/cmd/hlm/main.go:29.2,29.12 1 0
github.com/number571/go-peer/cmd/hidden_lake/messenger/internal/config/config.go:48.68,51.26 2 0
github.com/number571/go-peer/cmd/hidden_lake/messenger/internal/config/config.go:51.26,53.3 1 0
github.com/number571/go-peer/cmd/hidden_lake/messenger/internal/config/config.go:55.2,55.73 1 0
github.com/number571/go-peer/cmd/hidden_lake/messenger/internal/config/config.go:55.73,57.3 1 0
github.com/number571/go-peer/cmd/hidden_lake/messenger/internal/config/config.go:59.2,60.42 2 0
github.com/number571/go-peer/cmd/hidden_lake/messenger/internal/config/config.go:60.42,62.3 1 0
github.com/number571/go-peer/cmd/hidden_lake/messenger/internal/config/config.go:63.2,63.18 1 0
github.com/number571/go-peer/cmd/hidden_lake/messenger/internal/config/config.go:66.52,69.27 2 1
github.com/number571/go-peer/cmd/hidden_lake/messenger/internal/config/config.go:69.27,71.3 1 0
github.com/number571/go-peer/cmd/hidden_lake/messenger/internal/config/config.go:73.2,74.16 2 1
github.com/number571/go-peer/cmd/hidden_lake/messenger/internal/config/config.go:74.16,76.3 1 0
github.com/number571/go-peer/cmd/hidden_lake/messenger/internal/config/config.go:78.2,79.57 2 1
github.com/number571/go-peer/cmd/hidden_lake/messenger/internal/config/config.go:79.57,81.3 1 0
github.com/number571/go-peer/cmd/hidden_lake/messenger/internal/config/config.go:83.2,84.41 2 1
github.com/number571/go-peer/cmd/hidden_lake/messenger/internal/config/config.go:84.41,86.3 1 0
github.com/number571/go-peer/cmd/hidden_lake/messenger/internal/config/config.go:88.2,88.17 1 1
github.com/number571/go-peer/cmd/hidden_lake/messenger/internal/config/config.go:91.49,93.2 1 1
github.com/number571/go-peer/cmd/hidden_lake/messenger/internal/config/config.go:95.56,97.2 1 1
github.com/number571/go-peer/cmd/hidden_lake/messenger/internal/config/config.go:99.52,101.2 1 1
github.com/number571/go-peer/cmd/hidden_lake/messenger/internal/config/config.go:103.34,106.2 1 1
github.com/number571/go-peer/cmd/hidden_lake/messenger/internal/config/config.go:108.38,109.24 1 1
github.com/number571/go-peer/cmd/hidden_lake/messenger/internal/config/config.go:109.24,111.3 1 0
github.com/number571/go-peer/cmd/hidden_lake/messenger/internal/config/config.go:113.2,113.23 1 1
github.com/number571/go-peer/cmd/hidden_lake/messenger/internal/config/config.go:113.23,115.3 1 0
github.com/number571/go-peer/cmd/hidden_lake/messenger/internal/config/config.go:117.2,117.18 1 1
github.com/number571/go-peer/cmd/hidden_lake/messenger/internal/config/config.go:117.18,119.3 1 0
github.com/number571/go-peer/cmd/hidden_lake/messenger/internal/config/config.go:121.2,121.40 1 1
github.com/number571/go-peer/cmd/hidden_lake/messenger/internal/config/config.go:121.40,123.3 1 0
github.com/number571/go-peer/cmd/hidden_lake/messenger/internal/config/config.go:125.2,125.41 1 1
github.com/number571/go-peer/cmd/hidden_lake/messenger/internal/config/config.go:125.41,127.3 1 0
github.com/number571/go-peer/cmd/hidden_lake/messenger/internal/config/config.go:129.2,129.12 1 1
github.com/number571/go-peer/cmd/hidden_lake/messenger/internal/config/config.go:132.40,134.16 2 1
github.com/number571/go-peer/cmd/hidden_lake/messenger/internal/config/config.go:134.16,136.3 1 0
github.com/number571/go-peer/cmd/hidden_lake/messenger/internal/config/config.go:137.2,138.12 2 1
github.com/number571/go-peer/cmd/hidden_lake/messenger/internal/config/config.go:141.39,151.31 3 1
github.com/number571/go-peer/cmd/hidden_lake/messenger/internal/config/config.go:151.31,153.10 2 1
github.com/number571/go-peer/cmd/hidden_lake/messenger/internal/config/config.go:153.10,155.4 1 0
github.com/number571/go-peer/cmd/hidden_lake/messenger/internal/config/config.go:156.3,156.26 1 1
github.com/number571/go-peer/cmd/hidden_lake/messenger/internal/config/config.go:159.2,160.12 2 1
github.com/number571/go-peer/cmd/hidden_lake/messenger/internal/config/config.go:163.49,168.2 3 1
github.com/number571/go-peer/cmd/hidden_lake/messenger/internal/config/config.go:170.41,172.2 1 1
github.com/number571/go-peer/cmd/hidden_lake/messenger/internal/config/config.go:174.42,176.2 1 1
github.com/number571/go-peer/cmd/hidden_lake/messenger/internal/config/config.go:178.42,180.2 1 1
github.com/number571/go-peer/cmd/hidden_lake/messenger/internal/config/config.go:182.42,184.2 1 1
github.com/number571/go-peer/cmd/hidden_lake/messenger/internal/config/config.go:186.41,188.2 1 1
github.com/number571/go-peer/cmd/hidden_lake/messenger/internal/config/config.go:190.38,192.2 1 1
github.com/number571/go-peer/cmd/hidden_lake/messenger/internal/config/config.go:194.48,196.2 1 1
github.com/number571/go-peer/cmd/hidden_lake/messenger/internal/config/config.go:198.35,200.2 1 1
github.com/number571/go-peer/cmd/hidden_lake/messenger/internal/config/config.go:202.35,204.2 1 1
github.com/number571/go-peer/cmd/hidden_lake/messenger/internal/config/config.go:206.35,208.2 1 1
github.com/number571/go-peer/cmd/hidden_lake/messenger/internal/config/editor.go:21.38,22.17 1 0
github.com/number571/go-peer/cmd/hidden_lake/messenger/internal/config/editor.go:22.17,24.3 1 0
github.com/number571/go-peer/cmd/hidden_lake/messenger/internal/config/editor.go:25.2,26.9 2 0
github.com/number571/go-peer/cmd/hidden_lake/messenger/internal/config/editor.go:26.9,28.3 1 0
github.com/number571/go-peer/cmd/hidden_lake/messenger/internal/config/editor.go:29.2,31.3 1 0
github.com/number571/go-peer/cmd/hidden_lake/messenger/internal/config/editor.go:34.63,40.16 5 0
github.com/number571/go-peer/cmd/hidden_lake/messenger/internal/config/editor.go:40.16,42.3 1 0
github.com/number571/go-peer/cmd/hidden_lake/messenger/internal/config/editor.go:44.2,47.16 4 0
github.com/number571/go-peer/cmd/hidden_lake/messenger/internal/config/editor.go:47.16,49.3 1 0
github.com/number571/go-peer/cmd/hidden_lake/messenger/internal/config/editor.go:51.2,55.12 4 0
github.com/number571/go-peer/cmd/hidden_lake/messenger/internal/config/init.go:11.68,12.44 1 0
github.com/number571/go-peer/cmd/hidden_lake/messenger/internal/config/init.go:12.44,14.3 1 0
github.com/number571/go-peer/cmd/hidden_lake/messenger/internal/config/init.go:15.2,15.20 1 0
github.com/number571/go-peer/cmd/hidden_lake/messenger/internal/config/init.go:15.20,28.3 1 0
github.com/number571/go-peer/cmd/hidden_lake/messenger/internal/config/init.go:29.2,29.38 1 0
github.com/number571/go-peer/cmd/hidden_lake/messenger/internal/config/wrapper.go:12.40,17.2 1 0
github.com/number571/go-peer/cmd/hidden_lake/messenger/internal/config/wrapper.go:19.40,21.2 1 0
github.com/number571/go-peer/cmd/hidden_lake/messenger/internal/config/wrapper.go:23.40,25.2 1 0
github.com/number571/go-peer/cmd/hidden_lake/messenger/internal/utils/utils.go:24.13,26.74 2 1
github.com/number571/go-peer/cmd/hidden_lake/messenger/internal/utils/utils.go:26.74,27.13 1 0
github.com/number571/go-peer/cmd/hidden_lake/messenger/internal/utils/utils.go:30.2,31.62 2 1
github.com/number571/go-peer/cmd/hidden_lake/messenger/internal/utils/utils.go:31.62,32.13 1 0
github.com/number571/go-peer/cmd/hidden_lake/messenger/internal/utils/utils.go:35.2,37.43 2 1
github.com/number571/go-peer/cmd/hidden_lake/messenger/internal/utils/utils.go:37.43,39.3 1 1
github.com/number571/go-peer/cmd/hidden_lake/messenger/internal/utils/utils.go:40.2,40.37 1 1
github.com/number571/go-peer/cmd/hidden_lake/messenger/internal/utils/utils.go:40.37,42.3 1 1
github.com/number571/go-peer/cmd/hidden_lake/messenger/internal/utils/utils.go:44.2,44.55 1 1
github.com/number571/go-peer/cmd/hidden_lake/messenger/internal/utils/utils.go:47.47,48.28 1 0
github.com/number571/go-peer/cmd/hidden_lake/messenger/internal/utils/utils.go:49.17,50.23 1 0
github.com/number571/go-peer/cmd/hidden_lake/messenger/internal/utils/utils.go:51.13,52.23 1 0
github.com/number571/go-peer/cmd/hidden_lake/messenger/internal/utils/utils.go:53.13,54.23 1 0
github.com/number571/go-peer/cmd/hidden_lake/messenger/internal/utils/utils.go:55.10,56.48 1 0
github.com/number571/go-peer/cmd/hidden_lake/messenger/internal/utils/utils.go:60.44,61.15 1 0
github.com/number571/go-peer/cmd/hidden_lake/messenger/internal/utils/utils.go:62.16,63.15 1 0
github.com/number571/go-peer/cmd/hidden_lake/messenger/internal/utils/utils.go:64.16,65.15 1 0
github.com/number571/go-peer/cmd/hidden_lake/messenger/internal/utils/utils.go:66.16,67.15 1 0
github.com/number571/go-peer/cmd/hidden_lake/messenger/internal/utils/utils.go:68.10,69.28 1 0
github.com/number571/go-peer/cmd/hidden_lake/messenger/internal/utils/utils.go:73.43,75.2 1 0
github.com/number571/go-peer/cmd/hidden_lake/messenger/internal/utils/utils.go:77.47,78.23 1 0
github.com/number571/go-peer/cmd/hidden_lake/messenger/internal/utils/utils.go:78.23,79.28 1 0
github.com/number571/go-peer/cmd/hidden_lake/messenger/internal/utils/utils.go:79.28,81.4 1 0
github.com/number571/go-peer/cmd/hidden_lake/messenger/internal/utils/utils.go:83.2,83.14 1 0
github.com/number571/go-peer/cmd/hidden_lake/messenger/internal/handler/about.go:15.78,16.56 1 0
github.com/number571/go-peer/cmd/hidden_lake/messenger/internal/handler/about.go:16.56,19.30 2 0
github.com/number571/go-peer/cmd/hidden_lake/messenger/internal/handler/about.go:19.30,22.4 2 0
github.com/number571/go-peer/cmd/hidden_lake/messenger/internal/handler/about.go:24.3,29.17 2 0
github.com/number571/go-peer/cmd/hidden_lake/messenger/internal/handler/about.go:29.17,30.34 1 0
github.com/number571/go-peer/cmd/hidden_lake/messenger/internal/handler/about.go:33.3,34.35 2 0
github.com/number571/go-peer/cmd/hidden_lake/messenger/internal/handler/chat_ws.go:12.41,16.63 3 0
github.com/number571/go-peer/cmd/hidden_lake/messenger/internal/handler/chat_ws.go:16.63,18.3 1 0
github.com/number571/go-peer/cmd/hidden_lake/messenger/internal/handler/chat_ws.go:20.2,21.6 2 0
github.com/number571/go-peer/cmd/hidden_lake/messenger/internal/handler/chat_ws.go:21.6,23.10 2 0
github.com/number571/go-peer/cmd/hidden_lake/messenger/internal/handler/chat_ws.go:23.10,25.4 1 0
github.com/number571/go-peer/cmd/hidden_lake/messenger/internal/handler/chat_ws.go:26.3,26.55 1 0
github.com/number571/go-peer/cmd/hidden_lake/messenger/internal/handler/chat_ws.go:26.55,28.4 1 0
github.com/number571/go-peer/cmd/hidden_lake/messenger/internal/handler/data_type.go:11.33,12.22 1 0
github.com/number571/go-peer/cmd/hidden_lake/messenger/internal/handler/data_type.go:12.22,14.3 1 0
github.com/number571/go-peer/cmd/hidden_lake/messenger/internal/handler/data_type.go:15.2,15.42 1 0
github.com/number571/go-peer/cmd/hidden_lake/messenger/internal/handler/data_type.go:18.33,19.22 1 0
github.com/number571/go-peer/cmd/hidden_lake/messenger/internal/handler/data_type.go:19.22,21.3 1 0
github.com/number571/go-peer/cmd/hidden_lake/messenger/internal/handler/data_type.go:22.2,22.42 1 0
github.com/number571/go-peer/cmd/hidden_lake/messenger/internal/handler/data_type.go:25.35,30.2 1 0
github.com/number571/go-peer/cmd/hidden_lake/messenger/internal/handler/data_type.go:32.54,39.2 1 0
github.com/number571/go-peer/cmd/hidden_lake/messenger/internal/handler/data_type.go:41.39,42.22 1 0
github.com/number571/go-peer/cmd/hidden_lake/messenger/internal/handler/data_type.go:42.22,43.31 1 0
github.com/number571/go-peer/cmd/hidden_lake/messenger/internal/handler/data_type.go:45.2,45.27 1 0
github.com/number571/go-peer/cmd/hidden_lake/messenger/internal/handler/data_type.go:48.49,49.22 1 0
github.com/number571/go-peer/cmd/hidden_lake/messenger/internal/handler/data_type.go:49.22,50.31 1 0
github.com/number571/go-peer/cmd/hidden_lake/messenger/internal/handler/data_type.go:52.2,53.22 2 0
github.com/number571/go-peer/cmd/hidden_lake/messenger/internal/handler/data_type.go:53.22,55.3 1 0
github.com/number571/go-peer/cmd/hidden_lake/messenger/internal/handler/data_type.go:56.2,57.46 2 0
github.com/number571/go-peer/cmd/hidden_lake/messenger/internal/handler/data_type.go:57.46,59.3 1 0
github.com/number571/go-peer/cmd/hidden_lake/messenger/internal/handler/data_type.go:60.2,61.25 2 0
github.com/number571/go-peer/cmd/hidden_lake/messenger/internal/handler/data_type.go:61.25,63.3 1 0
github.com/number571/go-peer/cmd/hidden_lake/messenger/internal/handler/data_type.go:64.2,64.63 1 0
github.com/number571/go-peer/cmd/hidden_lake/messenger/internal/handler/favicon.go:13.80,14.56 1 0
github.com/number571/go-peer/cmd/hidden_lake/messenger/internal/handler/favicon.go:14.56,17.36 2 0
github.com/number571/go-peer/cmd/hidden_lake/messenger/internal/handler/favicon.go:17.36,20.4 2 0
github.com/number571/go-peer/cmd/hidden_lake/messenger/internal/handler/favicon.go:22.3,23.69 2 0
github.com/number571/go-peer/cmd/hidden_lake/messenger/internal/handler/friends.go:23.80,24.56 1 0
github.com/number571/go-peer/cmd/hidden_lake/messenger/internal/handler/friends.go:24.56,27.32 2 0
github.com/number571/go-peer/cmd/hidden_lake/messenger/internal/handler/friends.go:27.32,30.4 2 0
github.com/number571/go-peer/cmd/hidden_lake/messenger/internal/handler/friends.go:32.3,36.33 3 0
github.com/number571/go-peer/cmd/hidden_lake/messenger/internal/handler/friends.go:37.24,40.85 3 0
github.com/number571/go-peer/cmd/hidden_lake/messenger/internal/handler/friends.go:40.85,44.5 3 0
github.com/number571/go-peer/cmd/hidden_lake/messenger/internal/handler/friends.go:45.4,46.21 2 0
github.com/number571/go-peer/cmd/hidden_lake/messenger/internal/handler/friends.go:46.21,50.5 3 0
github.com/number571/go-peer/cmd/hidden_lake/messenger/internal/handler/friends.go:51.4,51.62 1 0
github.com/number571/go-peer/cmd/hidden_lake/messenger/internal/handler/friends.go:51.62,55.5 3 0
github.com/number571/go-peer/cmd/hidden_lake/messenger/internal/handler/friends.go:56.26,58.66 2 0
github.com/number571/go-peer/cmd/hidden_lake/messenger/internal/handler/friends.go:58.66,62.5 3 0
github.com/number571/go-peer/cmd/hidden_lake/messenger/internal/handler/friends.go:63.4,63.54 1 0
github.com/number571/go-peer/cmd/hidden_lake/messenger/internal/handler/friends.go:63.54,67.5 3 0
github.com/number571/go-peer/cmd/hidden_lake/messenger/internal/handler/friends.go:70.3,71.17 2 0
github.com/number571/go-peer/cmd/hidden_lake/messenger/internal/handler/friends.go:71.17,75.4 3 0
github.com/number571/go-peer/cmd/hidden_lake/messenger/internal/handler/friends.go:77.3,82.34 5 0
github.com/number571/go-peer/cmd/hidden_lake/messenger/internal/handler/friends.go:82.34,84.4 1 0
github.com/number571/go-peer/cmd/hidden_lake/messenger/internal/handler/friends.go:85.3,95.17 5 0
github.com/number571/go-peer/cmd/hidden_lake/messenger/internal/handler/friends.go:95.17,96.34 1 0
github.com/number571/go-peer/cmd/hidden_lake/messenger/internal/handler/friends.go:99.3,100.24 2 0
github.com/number571/go-peer/cmd/hidden_lake/messenger/internal/handler/friends_chat.go:38.110,39.56 1 0
github.com/number571/go-peer/cmd/hidden_lake/messenger/internal/handler/friends_chat.go:39.56,42.37 2 0
github.com/number571/go-peer/cmd/hidden_lake/messenger/internal/handler/friends_chat.go:42.37,45.4 2 0
github.com/number571/go-peer/cmd/hidden_lake/messenger/internal/handler/friends_chat.go:47.3,51.22 4 0
github.com/number571/go-peer/cmd/hidden_lake/messenger/internal/handler/friends_chat.go:51.22,55.4 3 0
github.com/number571/go-peer/cmd/hidden_lake/messenger/internal/handler/friends_chat.go:57.3,59.17 3 0
github.com/number571/go-peer/cmd/hidden_lake/messenger/internal/handler/friends_chat.go:59.17,63.4 3 0
github.com/number571/go-peer/cmd/hidden_lake/messenger/internal/handler/friends_chat.go:65.3,66.17 2 0
github.com/number571/go-peer/cmd/hidden_lake/messenger/internal/handler/friends_chat.go:66.17,70.4 3 0
github.com/number571/go-peer/cmd/hidden_lake/messenger/internal/handler/friends_chat.go:72.3,74.33 2 0
github.com/number571/go-peer/cmd/hidden_lake/messenger/internal/handler/friends_chat.go:75.40,77.18 2 0
github.com/number571/go-peer/cmd/hidden_lake/messenger/internal/handler/friends_chat.go:77.18,81.5 3 0
github.com/number571/go-peer/cmd/hidden_lake/messenger/internal/handler/friends_chat.go:83.4,83.70 1 0
github.com/number571/go-peer/cmd/hidden_lake/messenger/internal/handler/friends_chat.go:83.70,87.5 3 0
github.com/number571/go-peer/cmd/hidden_lake/messenger/internal/handler/friends_chat.go:89.4,90.47 2 0
github.com/number571/go-peer/cmd/hidden_lake/messenger/internal/handler/friends_chat.go:90.47,94.5 3 0
github.com/number571/go-peer/cmd/hidden_lake/messenger/internal/handler/friends_chat.go:96.4,100.10 3 0
github.com/number571/go-peer/cmd/hidden_lake/messenger/internal/handler/friends_chat.go:103.3,107.25 4 0
github.com/number571/go-peer/cmd/hidden_lake/messenger/internal/handler/friends_chat.go:107.25,109.4 1 0
github.com/number571/go-peer/cmd/hidden_lake/messenger/internal/handler/friends_chat.go:111.3,112.17 2 0
github.com/number571/go-peer/cmd/hidden_lake/messenger/internal/handler/friends_chat.go:112.17,116.4 3 0
github.com/number571/go-peer/cmd/hidden_lake/messenger/internal/handler/friends_chat.go:118.3,127.28 2 0
github.com/number571/go-peer/cmd/hidden_lake/messenger/internal/handler/friends_chat.go:127.28,132.4 1 0
github.com/number571/go-peer/cmd/hidden_lake/messenger/internal/handler/friends_chat.go:134.3,139.17 2 0
github.com/number571/go-peer/cmd/hidden_lake/messenger/internal/handler/friends_chat.go:139.17,140.14 1 0
github.com/number571/go-peer/cmd/hidden_lake/messenger/internal/handler/friends_chat.go:143.3,144.21 2 0
github.com/number571/go-peer/cmd/hidden_lake/messenger/internal/handler/friends_chat.go:148.56,149.32 1 0
github.com/number571/go-peer/cmd/hidden_lake/messenger/internal/handler/friends_chat.go:150.23,152.19 2 0
github.com/number571/go-peer/cmd/hidden_lake/messenger/internal/handler/friends_chat.go:152.19,154.4 1 0
github.com/number571/go-peer/cmd/hidden_lake/messenger/internal/handler/friends_chat.go:155.3,155.45 1 0
github.com/number571/go-peer/cmd/hidden_lake/messenger/internal/handler/friends_chat.go:155.45,157.4 1 0
github.com/number571/go-peer/cmd/hidden_lake/messenger/internal/handler/friends_chat.go:158.3,158.31 1 0
github.com/number571/go-peer/cmd/hidden_lake/messenger/internal/handler/friends_chat.go:159.22,161.17 2 0
github.com/number571/go-peer/cmd/hidden_lake/messenger/internal/handler/friends_chat.go:161.17,163.4 1 0
github.com/number571/go-peer/cmd/hidden_lake/messenger/internal/handler/friends_chat.go:164.3,164.44 1 0
github.com/number571/go-peer/cmd/hidden_lake/messenger/internal/handler/friends_chat.go:165.10,166.36 1 0
github.com/number571/go-peer/cmd/hidden_lake/messenger/internal/handler/friends_chat.go:170.62,173.16 2 0
github.com/number571/go-peer/cmd/hidden_lake/messenger/internal/handler/friends_chat.go:173.16,175.3 1 0
github.com/number571/go-peer/cmd/hidden_lake/messenger/internal/handler/friends_chat.go:176.2,178.23 2 0
github.com/number571/go-peer/cmd/hidden_lake/messenger/internal/handler/friends_chat.go:178.23,180.3 1 0
github.com/number571/go-peer/cmd/hidden_lake/messenger/internal/handler/friends_chat.go:182.2,183.16 2 0
github.com/number571/go-peer/cmd/hidden_lake/messenger/internal/handler/friends_chat.go:183.16,185.3 1 0
github.com/number571/go-peer/cmd/hidden_lake/messenger/internal/handler/friends_chat.go:187.2,187.41 1 0
github.com/number571/go-peer/cmd/hidden_lake/messenger/internal/handler/friends_chat.go:190.88,192.16 2 0
github.com/number571/go-peer/cmd/hidden_lake/messenger/internal/handler/friends_chat.go:192.16,194.3 1 0
github.com/number571/go-peer/cmd/hidden_lake/messenger/internal/handler/friends_chat.go:196.2,196.39 1 0
github.com/number571/go-peer/cmd/hidden_lake/messenger/internal/handler/friends_chat.go:196.39,198.3 1 0
github.com/number571/go-peer/cmd/hidden_lake/messenger/internal/handler/friends_chat.go:201.2,201.46 1 0
github.com/number571/go-peer/cmd/hidden_lake/messenger/internal/handler/friends_chat.go:201.46,203.3 1 0
github.com/number571/go-peer/cmd/hidden_lake/messenger/internal/handler/friends_chat.go:205.2,212.3 1 0
github.com/number571/go-peer/cmd/hidden_lake/messenger/internal/handler/friends_chat.go:215.122,216.45 1 0
github.com/number571/go-peer/cmd/hidden_lake/messenger/internal/handler/friends_chat.go:216.45,218.3 1 0
github.com/number571/go-peer/cmd/hidden_lake/messenger/internal/handler/friends_chat.go:220.2,221.16 2 0
github.com/number571/go-peer/cmd/hidden_lake/messenger/internal/handler/friends_chat.go:221.16,223.3 1 0
github.com/number571/go-peer/cmd/hidden_lake/messenger/internal/handler/friends_chat.go:225.2,226.9 2 0
github.com/number571/go-peer/cmd/hidden_lake/messenger/internal/handler/friends_chat.go:226.9,228.3 1 0
github.com/number571/go-peer/cmd/hidden_lake/messenger/internal/handler/friends_chat.go:230.2,230.26 1 0
github.com/number571/go-peer/cmd/hidden_lake/messenger/internal/handler/friends_upload.go:22.86,23.56 1 0
github.com/number571/go-peer/cmd/hidden_lake/messenger/internal/handler/friends_upload.go:23.56,26.39 2 0
github.com/number571/go-peer/cmd/hidden_lake/messenger/internal/handler/friends_upload.go:26.39,29.4 2 0
github.com/number571/go-peer/cmd/hidden_lake/messenger/internal/handler/friends_upload.go:31.3,32.22 2 0
github.com/number571/go-peer/cmd/hidden_lake/messenger/internal/handler/friends_upload.go:32.22,36.4 3 0
github.com/number571/go-peer/cmd/hidden_lake/messenger/internal/handler/friends_upload.go:38.3,43.17 2 0
github.com/number571/go-peer/cmd/hidden_lake/messenger/internal/handler/friends_upload.go:43.17,44.34 1 0
github.com/number571/go-peer/cmd/hidden_lake/messenger/internal/handler/friends_upload.go:47.3,48.17 2 0
github.com/number571/go-peer/cmd/hidden_lake/messenger/internal/handler/friends_upload.go:48.17,52.4 3 0
github.com/number571/go-peer/cmd/hidden_lake/messenger/internal/handler/friends_upload.go:54.3,61.21 3 0
github.com/number571/go-peer/cmd/hidden_lake/messenger/internal/handler/getters.go:17.50,21.2 1 0
github.com/number571/go-peer/cmd/hidden_lake/messenger/internal/handler/getters.go:23.56,31.2 1 0
github.com/number571/go-peer/cmd/hidden_lake/messenger/internal/handler/incoming.go:22.112,23.56 1 0
github.com/number571/go-peer/cmd/hidden_lake/messenger/internal/handler/incoming.go:23.56,28.35 3 0
github.com/number571/go-peer/cmd/hidden_lake/messenger/internal/handler/incoming.go:28.35,32.4 3 0
github.com/number571/go-peer/cmd/hidden_lake/messenger/internal/handler/incoming.go:34.3,35.17 2 0
github.com/number571/go-peer/cmd/hidden_lake/messenger/internal/handler/incoming.go:35.17,39.4 3 0
github.com/number571/go-peer/cmd/hidden_lake/messenger/internal/handler/incoming.go:41.3,41.54 1 0
github.com/number571/go-peer/cmd/hidden_lake/messenger/internal/handler/incoming.go:41.54,45.4 3 0
github.com/number571/go-peer/cmd/hidden_lake/messenger/internal/handler/incoming.go:47.3,48.17 2 0
github.com/number571/go-peer/cmd/hidden_lake/messenger/internal/handler/incoming.go:48.17,52.4 3 0
github.com/number571/go-peer/cmd/hidden_lake/messenger/internal/handler/incoming.go:54.3,55.21 2 0
github.com/number571/go-peer/cmd/hidden_lake/messenger/internal/handler/incoming.go:55.21,56.56 1 0
github.com/number571/go-peer/cmd/hidden_lake/messenger/internal/handler/incoming.go:59.3,62.46 3 0
github.com/number571/go-peer/cmd/hidden_lake/messenger/internal/handler/incoming.go:62.46,66.4 3 0
github.com/number571/go-peer/cmd/hidden_lake/messenger/internal/handler/incoming.go:68.3,74.62 3 0
github.com/number571/go-peer/cmd/hidden_lake/messenger/internal/handler/incoming.go:78.49,79.22 1 0
github.com/number571/go-peer/cmd/hidden_lake/messenger/internal/handler/incoming.go:79.22,81.3 1 0
github.com/number571/go-peer/cmd/hidden_lake/messenger/internal/handler/incoming.go:82.2,82.17 1 0
github.com/number571/go-peer/cmd/hidden_lake/messenger/internal/handler/incoming.go:85.48,86.9 1 0
github.com/number571/go-peer/cmd/hidden_lake/messenger/internal/handler/incoming.go:87.27,89.19 2 0
github.com/number571/go-peer/cmd/hidden_lake/messenger/internal/handler/incoming.go:89.19,91.4 1 0
github.com/number571/go-peer/cmd/hidden_lake/messenger/internal/handler/incoming.go:92.3,92.45 1 0
github.com/number571/go-peer/cmd/hidden_lake/messenger/internal/handler/incoming.go:92.45,94.4 1 0
github.com/number571/go-peer/cmd/hidden_lake/messenger/internal/handler/incoming.go:95.3,95.13 1 0
github.com/number571/go-peer/cmd/hidden_lake/messenger/internal/handler/incoming.go:96.27,98.43 2 0
github.com/number571/go-peer/cmd/hidden_lake/messenger/internal/handler/incoming.go:98.43,100.4 1 0
github.com/number571/go-peer/cmd/hidden_lake/messenger/internal/handler/incoming.go:101.3,101.13 1 0
github.com/number571/go-peer/cmd/hidden_lake/messenger/internal/handler/incoming.go:102.10,103.57 1 0
github.com/number571/go-peer/cmd/hidden_lake/messenger/internal/handler/incoming.go:107.80,108.9 1 0
github.com/number571/go-peer/cmd/hidden_lake/messenger/internal/handler/incoming.go:109.28,111.20 2 0
github.com/number571/go-peer/cmd/hidden_lake/messenger/internal/handler/incoming.go:111.20,112.31 1 0
github.com/number571/go-peer/cmd/hidden_lake/messenger/internal/handler/incoming.go:114.3,117.4 1 0
github.com/number571/go-peer/cmd/hidden_lake/messenger/internal/handler/incoming.go:118.28,120.38 2 0
github.com/number571/go-peer/cmd/hidden_lake/messenger/internal/handler/incoming.go:120.38,121.49 1 0
github.com/number571/go-peer/cmd/hidden_lake/messenger/internal/handler/incoming.go:123.3,127.4 1 0
github.com/number571/go-peer/cmd/hidden_lake/messenger/internal/handler/incoming.go:128.10,129.36 1 0
github.com/number571/go-peer/cmd/hidden_lake/messenger/internal/handler/index.go:12.78,13.56 1 0
github.com/number571/go-peer/cmd/hidden_lake/messenger/internal/handler/index.go:13.56,16.25 2 0
github.com/number571/go-peer/cmd/hidden_lake/messenger/internal/handler/index.go:16.25,19.4 2 0
github.com/number571/go-peer/cmd/hidden_lake/messenger/internal/handler/index.go:21.3,22.52 2 0
github.com/number571/go-peer/cmd/hidden_lake/messenger/internal/handler/msg_size.go:21.65,26.16 4 0
github.com/number571/go-peer/cmd/hidden_lake/messenger/internal/handler/msg_size.go:26.16,28.3 1 0
github.com/number571/go-peer/cmd/hidden_lake/messenger/internal/handler/msg_size.go:30.2,33.58 3 0
github.com/number571/go-peer/cmd/hidden_lake/messenger/internal/handler/msg_size.go:33.58,35.3 1 0
github.com/number571/go-peer/cmd/hidden_lake/messenger/internal/handler/msg_size.go:37.2,52.28 7 0
github.com/number571/go-peer/cmd/hidden_lake/messenger/internal/handler/page404.go:15.81,16.56 1 0
github.com/number571/go-peer/cmd/hidden_lake/messenger/internal/handler/page404.go:16.56,25.17 4 0
github.com/number571/go-peer/cmd/hidden_lake/messenger/internal/handler/page404.go:25.17,26.34 1 0
github.com/number571/go-peer/cmd/hidden_lake/messenger/internal/handler/page404.go:29.3,30.35 2 0
github.com/number571/go-peer/cmd/hidden_lake/messenger/internal/handler/qr.go:16.84,17.56 1 0
github.com/number571/go-peer/cmd/hidden_lake/messenger/internal/handler/qr.go:17.56,20.38 2 0
github.com/number571/go-peer/cmd/hidden_lake/messenger/internal/handler/qr.go:20.38,23.4 2 0
github.com/number571/go-peer/cmd/hidden_lake/messenger/internal/handler/qr.go:25.3,26.17 2 0
github.com/number571/go-peer/cmd/hidden_lake/messenger/internal/handler/qr.go:26.17,30.4 3 0
github.com/number571/go-peer/cmd/hidden_lake/messenger/internal/handler/qr.go:32.3,33.17 2 0
github.com/number571/go-peer/cmd/hidden_lake/messenger/internal/handler/qr.go:33.17,37.4 3 0
github.com/number571/go-peer/cmd/hidden_lake/messenger/internal/handler/qr.go:39.3,40.17 2 0
github.com/number571/go-peer/cmd/hidden_lake/messenger/internal/handler/qr.go:40.17,44.4 3 0
github.com/number571/go-peer/cmd/hidden_lake/messenger/internal/handler/qr.go:46.3,47.25 2 0
github.com/number571/go-peer/cmd/hidden_lake/messenger/internal/handler/settings.go:34.86,35.56 1 0
github.com/number571/go-peer/cmd/hidden_lake/messenger/internal/handler/settings.go:35.56,41.33 4 0
github.com/number571/go-peer/cmd/hidden_lake/messenger/internal/handler/settings.go:41.33,44.4 2 0
github.com/number571/go-peer/cmd/hidden_lake/messenger/internal/handler/settings.go:46.3,50.17 4 0
github.com/number571/go-peer/cmd/hidden_lake/messenger/internal/handler/settings.go:50.17,54.4 3 0
github.com/number571/go-peer/cmd/hidden_lake/messenger/internal/handler/settings.go:56.3,56.33 1 0
github.com/number571/go-peer/cmd/hidden_lake/messenger/internal/handler/settings.go:57.25,59.59 2 0
github.com/number571/go-peer/cmd/hidden_lake/messenger/internal/handler/settings.go:59.59,63.5 3 0
github.com/number571/go-peer/cmd/hidden_lake/messenger/internal/handler/settings.go:64.23,67.18 3 0
github.com/number571/go-peer/cmd/hidden_lake/messenger/internal/handler/settings.go:67.18,71.5 3 0
github.com/number571/go-peer/cmd/hidden_lake/messenger/internal/handler/settings.go:72.4,72.56 1 0
github.com/number571/go-peer/cmd/hidden_lake/messenger/internal/handler/settings.go:72.56,76.5 3 0
github.com/number571/go-peer/cmd/hidden_lake/messenger/internal/handler/settings.go:77.24,83.32 4 0
github.com/number571/go-peer/cmd/hidden_lake/messenger/internal/handler/settings.go:83.32,87.5 3 0
github.com/number571/go-peer/cmd/hidden_lake/messenger/internal/handler/settings.go:88.4,88.48 1 0
github.com/number571/go-peer/cmd/hidden_lake/messenger/internal/handler/settings.go:88.48,92.5 3 0
github.com/number571/go-peer/cmd/hidden_lake/messenger/internal/handler/settings.go:94.4,95.66 2 0
github.com/number571/go-peer/cmd/hidden_lake/messenger/internal/handler/settings.go:95.66,99.5 3 0
github.com/number571/go-peer/cmd/hidden_lake/messenger/internal/handler/settings.go:100.26,104.21 3 0
github.com/number571/go-peer/cmd/hidden_lake/messenger/internal/handler/settings.go:104.21,108.5 3 0
github.com/number571/go-peer/cmd/hidden_lake/messenger/internal/handler/settings.go:110.4,110.66 1 0
github.com/number571/go-peer/cmd/hidden_lake/messenger/internal/handler/settings.go:110.66,114.5 3 0
github.com/number571/go-peer/cmd/hidden_lake/messenger/internal/handler/settings.go:117.3,123.17 5 0
github.com/number571/go-peer/cmd/hidden_lake/messenger/internal/handler/settings.go:123.17,127.4 3 0
github.com/number571/go-peer/cmd/hidden_lake/messenger/internal/handler/settings.go:128.3,132.17 3 0
github.com/number571/go-peer/cmd/hidden_lake/messenger/internal/handler/settings.go:132.17,136.4 3 0
github.com/number571/go-peer/cmd/hidden_lake/messenger/internal/handler/settings.go:138.3,144.17 3 0
github.com/number571/go-peer/cmd/hidden_lake/messenger/internal/handler/settings.go:144.17,145.34 1 0
github.com/number571/go-peer/cmd/hidden_lake/messenger/internal/handler/settings.go:148.3,149.24 2 0
github.com/number571/go-peer/cmd/hidden_lake/messenger/internal/handler/settings.go:153.99,157.16 3 0
github.com/number571/go-peer/cmd/hidden_lake/messenger/internal/handler/settings.go:157.16,159.3 1 0
github.com/number571/go-peer/cmd/hidden_lake/messenger/internal/handler/settings.go:161.2,162.16 2 0
github.com/number571/go-peer/cmd/hidden_lake/messenger/internal/handler/settings.go:162.16,164.3 1 0
github.com/number571/go-peer/cmd/hidden_lake/messenger/internal/handler/settings.go:166.2,167.16 2 0
github.com/number571/go-peer/cmd/hidden_lake/messenger/internal/handler/settings.go:167.16,169.3 1 0
github.com/number571/go-peer/cmd/hidden_lake/messenger/internal/handler/settings.go:171.2,171.26 1 0
github.com/number571/go-peer/cmd/hidden_lake/messenger/internal/handler/settings.go:171.26,179.3 1 0
github.com/number571/go-peer/cmd/hidden_lake/messenger/internal/handler/settings.go:181.2,181.32 1 0
github.com/number571/go-peer/cmd/hidden_lake/messenger/internal/handler/settings.go:181.32,189.3 1 0
github.com/number571/go-peer/cmd/hidden_lake/messenger/internal/handler/settings.go:191.2,191.25 1 0
github.com/number571/go-peer/cmd/hidden_lake/messenger/internal/handler/settings.go:194.49,195.28 1 0
github.com/number571/go-peer/cmd/hidden_lake/messenger/internal/handler/settings.go:195.28,196.13 1 0
github.com/number571/go-peer/cmd/hidden_lake/messenger/internal/handler/settings.go:196.13,198.4 1 0
github.com/number571/go-peer/cmd/hidden_lake/messenger/internal/handler/settings.go:200.2,200.14 1 0
github.com/number571/go-peer/cmd/hidden_lake/messenger/web/web.go:34.28,35.19 1 0
github.com/number571/go-peer/cmd/hidden_lake/messenger/web/web.go:35.19,37.3 1 0
github.com/number571/go-peer/cmd/hidden_lake/messenger/web/web.go:38.2,39.16 2 0
github.com/number571/go-peer/cmd/hidden_lake/messenger/web/web.go:39.16,40.13 1 0
github.com/number571/go-peer/cmd/hidden_lake/messenger/web/web.go:42.2,42.13 1 0
github.com/number571/go-peer/cmd/hidden_lake/messenger/web/web.go:45.30,46.19 1 0
github.com/number571/go-peer/cmd/hidden_lake/messenger/web/web.go:46.19,48.3 1 0
github.com/number571/go-peer/cmd/hidden_lake/messenger/web/web.go:49.2,50.16 2 0
github.com/number571/go-peer/cmd/hidden_lake/messenger/web/web.go:50.16,51.13 1 0
github.com/number571/go-peer/cmd/hidden_lake/messenger/web/web.go:53.2,53.13 1 0
github.com/number571/go-peer/cmd/hidden_lake/messenger/pkg/app/app.go:49.18,59.2 3 0
github.com/number571/go-peer/cmd/hidden_lake/messenger/pkg/app/app.go:61.28,65.14 3 0
github.com/number571/go-peer/cmd/hidden_lake/messenger/pkg/app/app.go:65.14,67.3 1 0
github.com/number571/go-peer/cmd/hidden_lake/messenger/pkg/app/app.go:68.2,70.41 2 0
github.com/number571/go-peer/cmd/hidden_lake/messenger/pkg/app/app.go:70.41,72.3 1 0
github.com/number571/go-peer/cmd/hidden_lake/messenger/pkg/app/app.go:74.2,80.12 5 0
github.com/number571/go-peer/cmd/hidden_lake/messenger/pkg/app/app.go:80.12,81.46 1 0
github.com/number571/go-peer/cmd/hidden_lake/messenger/pkg/app/app.go:81.46,83.4 1 0
github.com/number571/go-peer/cmd/hidden_lake/messenger/pkg/app/app.go:85.3,86.58 2 0
github.com/number571/go-peer/cmd/hidden_lake/messenger/pkg/app/app.go:86.58,89.4 2 0
github.com/number571/go-peer/cmd/hidden_lake/messenger/pkg/app/app.go:92.2,92.12 1 0
github.com/number571/go-peer/cmd/hidden_lake/messenger/pkg/app/app.go:92.12,94.58 2 0
github.com/number571/go-peer/cmd/hidden_lake/messenger/pkg/app/app.go:94.58,97.4 2 0
github.com/number571/go-peer/cmd/hidden_lake/messenger/pkg/app/app.go:100.2,100.12 1 0
github.com/number571/go-peer/cmd/hidden_lake/messenger/pkg/app/app.go:100.12,102.58 2 0
github.com/number571/go-peer/cmd/hidden_lake/messenger/pkg/app/app.go:102.58,105.4 2 0
github.com/number571/go-peer/cmd/hidden_lake/messenger/pkg/app/app.go:108.2,108.9 1 0
github.com/number571/go-peer/cmd/hidden_lake/messenger/pkg/app/app.go:109.20,110.86 1 0
github.com/number571/go-peer/cmd/hidden_lake/messenger/pkg/app/app.go:111.32,113.13 2 0
github.com/number571/go-peer/cmd/hidden_lake/messenger/pkg/app/app.go:117.29,121.15 3 0
github.com/number571/go-peer/cmd/hidden_lake/messenger/pkg/app/app.go:121.15,123.3 1 0
github.com/number571/go-peer/cmd/hidden_lake/messenger/pkg/app/app.go:124.2,133.16 4 0
github.com/number571/go-peer/cmd/hidden_lake/messenger/pkg/app/app.go:133.16,135.3 1 0
github.com/number571/go-peer/cmd/hidden_lake/messenger/pkg/app/app.go:136.2,136.12 1 0
github.com/number571/go-peer/cmd/hidden_lake/messenger/pkg/app/init_app.go:14.59,18.16 3 0
github.com/number571/go-peer/cmd/hidden_lake/messenger/pkg/app/init_app.go:18.16,20.3 1 0
github.com/number571/go-peer/cmd/hidden_lake/messenger/pkg/app/init_app.go:22.2,22.36 1 0
github.com/number571/go-peer/cmd/hidden_lake/messenger/pkg/app/init_database.go:13.37,20.16 3 0
github.com/number571/go-peer/cmd/hidden_lake/messenger/pkg/app/init_database.go:20.16,22.3 1 0
github.com/number571/go-peer/cmd/hidden_lake/messenger/pkg/app/init_database.go:23.2,24.12 2 0
github.com/number571/go-peer/cmd/hidden_lake/messenger/pkg/app/init_pprof.go:5.35,7.2 1 0
github.com/number571/go-peer/cmd/hidden_lake/messenger/pkg/app/init_service.go:15.42,26.2 3 0
github.com/number571/go-peer/cmd/hidden_lake/messenger/pkg/app/init_service.go:28.43,52.2 13 0
github.com/number571/go-peer/cmd/hidden_lake/messenger/pkg/app/init_service.go:54.102,55.71 1 0
github.com/number571/go-peer/cmd/hidden_lake/messenger/pkg/app/init_service.go:55.71,56.57 1 0
github.com/number571/go-peer/cmd/hidden_lake/messenger/pkg/app/init_service.go:56.57,59.4 2 0
github.com/number571/go-peer/cmd/hidden_lake/messenger/pkg/app/init_service.go:60.3,60.39 1 0
github.com/number571/go-peer/cmd/hidden_lake/service/cmd/hls/main.go:11.13,13.16 2 0
github.com/number571/go-peer/cmd/hidden_lake/service/cmd/hls/main.go:13.16,14.13 1 0
github.com/number571/go-peer/cmd/hidden_lake/service/cmd/hls/main.go:17.2,20.34 3 0
github.com/number571/go-peer/cmd/hidden_lake/service/cmd/hls/main.go:20.34,21.13 1 0
github.com/number571/go-peer/cmd/hidden_lake/service/cmd/hls/main.go:23.2,23.15 1 0
github.com/number571/go-peer/cmd/hidden_lake/service/cmd/hls/main.go:23.15,24.36 1 0
github.com/number571/go-peer/cmd/hidden_lake/service/cmd/hls/main.go:24.36,25.14 1 0
github.com/number571/go-peer/cmd/hidden_lake/service/cmd/hls/main.go:29.2,29.12 1 0
github.com/number571/go-peer/cmd/hidden_lake/service/internal/config/config.go:55.68,57.26 2 1
github.com/number571/go-peer/cmd/hidden_lake/service/internal/config/config.go:57.26,59.3 1 1
github.com/number571/go-peer/cmd/hidden_lake/service/internal/config/config.go:61.2,62.42 2 1
github.com/number571/go-peer/cmd/hidden_lake/service/internal/config/config.go:62.42,64.3 1 1
github.com/number571/go-peer/cmd/hidden_lake/service/internal/config/config.go:66.2,66.73 1 1
github.com/number571/go-peer/cmd/hidden_lake/service/internal/config/config.go:66.73,68.3 1 0
github.com/number571/go-peer/cmd/hidden_lake/service/internal/config/config.go:70.2,70.18 1 1
github.com/number571/go-peer/cmd/hidden_lake/service/internal/config/config.go:73.52,76.27 2 1
github.com/number571/go-peer/cmd/hidden_lake/service/internal/config/config.go:76.27,78.3 1 1
github.com/number571/go-peer/cmd/hidden_lake/service/internal/config/config.go:80.2,81.16 2 1
github.com/number571/go-peer/cmd/hidden_lake/service/internal/config/config.go:81.16,83.3 1 0
github.com/number571/go-peer/cmd/hidden_lake/service/internal/config/config.go:85.2,86.57 2 1
github.com/number571/go-peer/cmd/hidden_lake/service/internal/config/config.go:86.57,88.3 1 1
github.com/number571/go-peer/cmd/hidden_lake/service/internal/config/config.go:90.2,91.41 2 1
github.com/number571/go-peer/cmd/hidden_lake/service/internal/config/config.go:91.41,93.3 1 1
github.com/number571/go-peer/cmd/hidden_lake/service/internal/config/config.go:94.2,94.17 1 1
github.com/number571/go-peer/cmd/hidden_lake/service/internal/config/config.go:97.56,99.2 1 1
github.com/number571/go-peer/cmd/hidden_lake/service/internal/config/config.go:101.52,103.2 1 1
github.com/number571/go-peer/cmd/hidden_lake/service/internal/config/config.go:105.51,107.2 1 1
github.com/number571/go-peer/cmd/hidden_lake/service/internal/config/config.go:109.53,111.2 1 1
github.com/number571/go-peer/cmd/hidden_lake/service/internal/config/config.go:113.58,115.2 1 1
github.com/number571/go-peer/cmd/hidden_lake/service/internal/config/config.go:117.56,119.2 1 1
github.com/number571/go-peer/cmd/hidden_lake/service/internal/config/config.go:121.49,123.2 1 1
github.com/number571/go-peer/cmd/hidden_lake/service/internal/config/config.go:125.34,130.2 1 1
github.com/number571/go-peer/cmd/hidden_lake/service/internal/config/config.go:132.38,133.24 1 1
github.com/number571/go-peer/cmd/hidden_lake/service/internal/config/config.go:133.24,135.3 1 1
github.com/number571/go-peer/cmd/hidden_lake/service/internal/config/config.go:137.2,137.23 1 1
github.com/number571/go-peer/cmd/hidden_lake/service/internal/config/config.go:137.23,139.3 1 1
github.com/number571/go-peer/cmd/hidden_lake/service/internal/config/config.go:141.2,141.18 1 1
github.com/number571/go-peer/cmd/hidden_lake/service/internal/config/config.go:141.18,143.3 1 1
github.com/number571/go-peer/cmd/hidden_lake/service/internal/config/config.go:145.2,145.40 1 1
github.com/number571/go-peer/cmd/hidden_lake/service/internal/config/config.go:145.40,147.3 1 1
github.com/number571/go-peer/cmd/hidden_lake/service/internal/config/config.go:149.2,149.40 1 1
github.com/number571/go-peer/cmd/hidden_lake/service/internal/config/config.go:149.40,151.3 1 1
github.com/number571/go-peer/cmd/hidden_lake/service/internal/config/config.go:153.2,153.12 1 1
github.com/number571/go-peer/cmd/hidden_lake/service/internal/config/config.go:156.39,166.31 3 1
github.com/number571/go-peer/cmd/hidden_lake/service/internal/config/config.go:166.31,168.10 2 1
github.com/number571/go-peer/cmd/hidden_lake/service/internal/config/config.go:168.10,170.4 1 1
github.com/number571/go-peer/cmd/hidden_lake/service/internal/config/config.go:171.3,171.26 1 1
github.com/number571/go-peer/cmd/hidden_lake/service/internal/config/config.go:174.2,175.12 2 1
github.com/number571/go-peer/cmd/hidden_lake/service/internal/config/config.go:178.39,182.36 3 1
github.com/number571/go-peer/cmd/hidden_lake/service/internal/config/config.go:182.36,183.32 1 1
github.com/number571/go-peer/cmd/hidden_lake/service/internal/config/config.go:183.32,185.4 1 1
github.com/number571/go-peer/cmd/hidden_lake/service/internal/config/config.go:186.3,189.20 3 1
github.com/number571/go-peer/cmd/hidden_lake/service/internal/config/config.go:189.20,191.4 1 1
github.com/number571/go-peer/cmd/hidden_lake/service/internal/config/config.go:193.3,194.51 2 1
github.com/number571/go-peer/cmd/hidden_lake/service/internal/config/config.go:194.51,196.4 1 1
github.com/number571/go-peer/cmd/hidden_lake/service/internal/config/config.go:199.2,199.12 1 1
github.com/number571/go-peer/cmd/hidden_lake/service/internal/config/config.go:202.42,207.2 3 1
github.com/number571/go-peer/cmd/hidden_lake/service/internal/config/config.go:209.62,214.31 4 1
github.com/number571/go-peer/cmd/hidden_lake/service/internal/config/config.go:214.31,216.3 1 1
github.com/number571/go-peer/cmd/hidden_lake/service/internal/config/config.go:217.2,217.15 1 1
github.com/number571/go-peer/cmd/hidden_lake/service/internal/config/config.go:220.48,222.2 1 1
github.com/number571/go-peer/cmd/hidden_lake/service/internal/config/config.go:224.41,226.2 1 1
github.com/number571/go-peer/cmd/hidden_lake/service/internal/config/config.go:228.45,233.2 3 1
github.com/number571/go-peer/cmd/hidden_lake/service/internal/config/config.go:235.51,240.2 3 1
github.com/number571/go-peer/cmd/hidden_lake/service/internal/config/config.go:242.58,248.2 4 1
github.com/number571/go-peer/cmd/hidden_lake/service/internal/config/config.go:250.35,252.2 1 1
github.com/number571/go-peer/cmd/hidden_lake/service/internal/config/config.go:254.35,256.2 1 1
github.com/number571/go-peer/cmd/hidden_lake/service/internal/config/config.go:258.35,260.2 1 1
github.com/number571/go-peer/cmd/hidden_lake/service/internal/config/config.go:262.36,264.2 1 1
github.com/number571/go-peer/cmd/hidden_lake/service/internal/config/config.go:266.37,268.2 1 1
github.com/number571/go-peer/cmd/hidden_lake/service/internal/config/config.go:270.38,272.2 1 1
github.com/number571/go-peer/cmd/hidden_lake/service/internal/config/editor.go:22.38,23.17 1 1
github.com/number571/go-peer/cmd/hidden_lake/service/internal/config/editor.go:23.17,24.21 1 1
github.com/number571/go-peer/cmd/hidden_lake/service/internal/config/editor.go:26.2,27.9 2 1
github.com/number571/go-peer/cmd/hidden_lake/service/internal/config/editor.go:27.9,28.26 1 1
github.com/number571/go-peer/cmd/hidden_lake/service/internal/config/editor.go:30.2,32.3 1 1
github.com/number571/go-peer/cmd/hidden_lake/service/internal/config/editor.go:35.62,41.16 5 1
github.com/number571/go-peer/cmd/hidden_lake/service/internal/config/editor.go:41.16,43.3 1 1
github.com/number571/go-peer/cmd/hidden_lake/service/internal/config/editor.go:45.2,48.16 4 1
github.com/number571/go-peer/cmd/hidden_lake/service/internal/config/editor.go:48.16,50.3 1 0
github.com/number571/go-peer/cmd/hidden_lake/service/internal/config/editor.go:52.2,56.12 4 1
github.com/number571/go-peer/cmd/hidden_lake/service/internal/config/editor.go:59.60,65.16 5 1
github.com/number571/go-peer/cmd/hidden_lake/service/internal/config/editor.go:65.16,67.3 1 1
github.com/number571/go-peer/cmd/hidden_lake/service/internal/config/editor.go:69.2,72.16 4 1
github.com/number571/go-peer/cmd/hidden_lake/service/internal/config/editor.go:72.16,74.3 1 0
github.com/number571/go-peer/cmd/hidden_lake/service/internal/config/editor.go:76.2,80.12 4 1
github.com/number571/go-peer/cmd/hidden_lake/service/internal/config/editor.go:83.72,89.16 5 1
github.com/number571/go-peer/cmd/hidden_lake/service/internal/config/editor.go:89.16,91.3 1 1
github.com/number571/go-peer/cmd/hidden_lake/service/internal/config/editor.go:93.2,96.16 4 1
github.com/number571/go-peer/cmd/hidden_lake/service/internal/config/editor.go:96.16,98.3 1 0
github.com/number571/go-peer/cmd/hidden_lake/service/internal/config/editor.go:100.2,104.12 4 1
github.com/number571/go-peer/cmd/hidden_lake/service/internal/config/editor.go:107.79,111.37 3 1
github.com/number571/go-peer/cmd/hidden_lake/service/internal/config/editor.go:111.37,112.67 1 1
github.com/number571/go-peer/cmd/hidden_lake/service/internal/config/editor.go:112.67,113.12 1 1
github.com/number571/go-peer/cmd/hidden_lake/service/internal/config/editor.go:115.3,115.79 1 1
github.com/number571/go-peer/cmd/hidden_lake/service/internal/config/editor.go:118.2,120.16 3 1
github.com/number571/go-peer/cmd/hidden_lake/service/internal/config/editor.go:120.16,122.3 1 1
github.com/number571/go-peer/cmd/hidden_lake/service/internal/config/editor.go:124.2,124.35 1 1
github.com/number571/go-peer/cmd/hidden_lake/service/internal/config/editor.go:124.35,126.3 1 1
github.com/number571/go-peer/cmd/hidden_lake/service/internal/config/editor.go:128.2,132.16 5 1
github.com/number571/go-peer/cmd/hidden_lake/service/internal/config/editor.go:132.16,134.3 1 0
github.com/number571/go-peer/cmd/hidden_lake/service/internal/config/editor.go:136.2,141.12 5 1
github.com/number571/go-peer/cmd/hidden_lake/service/internal/config/editor.go:144.81,146.37 2 1
github.com/number571/go-peer/cmd/hidden_lake/service/internal/config/editor.go:146.37,148.3 1 1
github.com/number571/go-peer/cmd/hidden_lake/service/internal/config/editor.go:149.2,149.15 1 1
github.com/number571/go-peer/cmd/hidden_lake/service/internal/config/editor.go:152.71,154.34 2 1
github.com/number571/go-peer/cmd/hidden_lake/service/internal/config/editor.go:154.34,156.35 2 1
github.com/number571/go-peer/cmd/hidden_lake/service/internal/config/editor.go:156.35,158.4 1 1
github.com/number571/go-peer/cmd/hidden_lake/service/internal/config/editor.go:159.3,159.31 1 1
github.com/number571/go-peer/cmd/hidden_lake/service/internal/config/editor.go:161.2,161.14 1 1
github.com/number571/go-peer/cmd/hidden_lake/service/internal/config/editor.go:164.54,167.26 3 1
github.com/number571/go-peer/cmd/hidden_lake/service/internal/config/editor.go:167.26,168.30 1 1
github.com/number571/go-peer/cmd/hidden_lake/service/internal/config/editor.go:168.30,169.12 1 1
github.com/number571/go-peer/cmd/hidden_lake/service/internal/config/editor.go:171.3,172.29 2 1
github.com/number571/go-peer/cmd/hidden_lake/service/internal/config/editor.go:174.2,174.15 1 1
github.com/number571/go-peer/cmd/hidden_lake/service/internal/config/init.go:12.68,13.44 1 1
github.com/number571/go-peer/cmd/hidden_lake/service/internal/config/init.go:13.44,15.17 2 1
github.com/number571/go-peer/cmd/hidden_lake/service/internal/config/init.go:15.17,17.4 1 1
github.com/number571/go-peer/cmd/hidden_lake/service/internal/config/init.go:18.3,18.18 1 1
github.com/number571/go-peer/cmd/hidden_lake/service/internal/config/init.go:20.2,20.20 1 1
github.com/number571/go-peer/cmd/hidden_lake/service/internal/config/init.go:20.20,42.3 1 1
github.com/number571/go-peer/cmd/hidden_lake/service/internal/config/init.go:43.2,44.16 2 1
github.com/number571/go-peer/cmd/hidden_lake/service/internal/config/init.go:44.16,46.3 1 1
github.com/number571/go-peer/cmd/hidden_lake/service/internal/config/init.go:47.2,47.17 1 1
github.com/number571/go-peer/cmd/hidden_lake/service/internal/config/wrapper.go:12.40,17.2 1 1
github.com/number571/go-peer/cmd/hidden_lake/service/internal/config/wrapper.go:19.40,21.2 1 1
github.com/number571/go-peer/cmd/hidden_lake/service/internal/config/wrapper.go:23.40,25.2 1 1
github.com/number571/go-peer/cmd/hidden_lake/service/pkg/request/request.go:20.56,26.2 1 1
github.com/number571/go-peer/cmd/hidden_lake/service/pkg/request/request.go:28.55,30.27 2 1
github.com/number571/go-peer/cmd/hidden_lake/service/pkg/request/request.go:31.14,32.58 1 1
github.com/number571/go-peer/cmd/hidden_lake/service/pkg/request/request.go:32.58,34.4 1 0
github.com/number571/go-peer/cmd/hidden_lake/service/pkg/request/request.go:35.3,35.22 1 1
github.com/number571/go-peer/cmd/hidden_lake/service/pkg/request/request.go:36.14,37.32 1 0
github.com/number571/go-peer/cmd/hidden_lake/service/pkg/request/request.go:38.10,39.30 1 0
github.com/number571/go-peer/cmd/hidden_lake/service/pkg/request/request.go:43.37,45.2 1 1
github.com/number571/go-peer/cmd/hidden_lake/service/pkg/request/request.go:47.38,49.2 1 0
github.com/number571/go-peer/cmd/hidden_lake/service/pkg/request/request.go:51.63,53.26 2 1
github.com/number571/go-peer/cmd/hidden_lake/service/pkg/request/request.go:53.26,55.3 1 1
github.com/number571/go-peer/cmd/hidden_lake/service/pkg/request/request.go:56.2,56.10 1 1
github.com/number571/go-peer/cmd/hidden_lake/service/pkg/request/request.go:59.52,62.2 2 1
github.com/number571/go-peer/cmd/hidden_lake/service/pkg/request/request.go:64.37,66.2 1 1
github.com/number571/go-peer/cmd/hidden_lake/service/pkg/request/request.go:68.37,70.2 1 1
github.com/number571/go-peer/cmd/hidden_lake/service/pkg/request/request.go:72.39,74.2 1 1
github.com/number571/go-peer/cmd/hidden_lake/service/pkg/request/request.go:76.48,78.28 2 1
github.com/number571/go-peer/cmd/hidden_lake/service/pkg/request/request.go:78.28,80.3 1 1
github.com/number571/go-peer/cmd/hidden_lake/service/pkg/request/request.go:81.2,81.16 1 1
github.com/number571/go-peer/cmd/hidden_lake/service/pkg/request/request.go:84.37,86.2 1 1
github.com/number571/go-peer/cmd/hidden_lake/service/pkg/client/builder.go:17.28,19.2 1 0
github.com/number571/go-peer/cmd/hidden_lake/service/pkg/client/builder.go:21.96,22.20 1 0
github.com/number571/go-peer/cmd/hidden_lake/service/pkg/client/builder.go:22.20,26.3 1 0
github.com/number571/go-peer/cmd/hidden_lake/service/pkg/client/builder.go:27.2,30.3 1 0
github.com/number571/go-peer/cmd/hidden_lake/service/pkg/client/builder.go:33.92,38.2 1 0
github.com/number571/go-peer/cmd/hidden_lake/service/pkg/client/builder.go:40.58,42.2 1 0
github.com/number571/go-peer/cmd/hidden_lake/service/pkg/client/client.go:21.66,26.2 1 0
github.com/number571/go-peer/cmd/hidden_lake/service/pkg/client/client.go:28.46,30.16 2 0
github.com/number571/go-peer/cmd/hidden_lake/service/pkg/client/client.go:30.16,32.3 1 0
github.com/number571/go-peer/cmd/hidden_lake/service/pkg/client/client.go:33.2,33.17 1 0
github.com/number571/go-peer/cmd/hidden_lake/service/pkg/client/client.go:36.65,38.16 2 0
github.com/number571/go-peer/cmd/hidden_lake/service/pkg/client/client.go:38.16,40.3 1 0
github.com/number571/go-peer/cmd/hidden_lake/service/pkg/client/client.go:41.2,41.17 1 0
github.com/number571/go-peer/cmd/hidden_lake/service/pkg/client/client.go:44.51,46.16 2 0
github.com/number571/go-peer/cmd/hidden_lake/service/pkg/client/client.go:46.16,48.3 1 0
github.com/number571/go-peer/cmd/hidden_lake/service/pkg/client/client.go:49.2,49.17 1 0
github.com/number571/go-peer/cmd/hidden_lake/service/pkg/client/client.go:52.59,54.16 2 0
github.com/number571/go-peer/cmd/hidden_lake/service/pkg/client/client.go:54.16,56.3 1 0
github.com/number571/go-peer/cmd/hidden_lake/service/pkg/client/client.go:57.2,57.12 1 0
github.com/number571/go-peer/cmd/hidden_lake/service/pkg/client/client.go:60.62,61.77 1 0
github.com/number571/go-peer/cmd/hidden_lake/service/pkg/client/client.go:61.77,63.3 1 0
github.com/number571/go-peer/cmd/hidden_lake/service/pkg/client/client.go:64.2,64.12 1 0
github.com/number571/go-peer/cmd/hidden_lake/service/pkg/client/client.go:67.80,68.88 1 0
github.com/number571/go-peer/cmd/hidden_lake/service/pkg/client/client.go:68.88,70.3 1 0
github.com/number571/go-peer/cmd/hidden_lake/service/pkg/client/client.go:71.2,71.12 1 0
github.com/number571/go-peer/cmd/hidden_lake/service/pkg/client/client.go:74.98,76.16 2 0
github.com/number571/go-peer/cmd/hidden_lake/service/pkg/client/client.go:76.16,78.3 1 0
github.com/number571/go-peer/cmd/hidden_lake/service/pkg/client/client.go:79.2,79.17 1 0
github.com/number571/go-peer/cmd/hidden_lake/service/pkg/client/client.go:82.71,84.16 2 0
github.com/number571/go-peer/cmd/hidden_lake/service/pkg/client/client.go:84.16,86.3 1 0
github.com/number571/go-peer/cmd/hidden_lake/service/pkg/client/client.go:87.2,87.17 1 0
github.com/number571/go-peer/cmd/hidden_lake/service/pkg/client/client.go:90.82,91.87 1 0
github.com/number571/go-peer/cmd/hidden_lake/service/pkg/client/client.go:91.87,93.3 1 0
github.com/number571/go-peer/cmd/hidden_lake/service/pkg/client/client.go:94.2,94.12 1 0
github.com/number571/go-peer/cmd/hidden_lake/service/pkg/client/client.go:97.54,98.83 1 0
github.com/number571/go-peer/cmd/hidden_lake/service/pkg/client/client.go:98.83,100.3 1 0
github.com/number571/go-peer/cmd/hidden_lake/service/pkg/client/client.go:101.2,101.12 1 0
github.com/number571/go-peer/cmd/hidden_lake/service/pkg/client/client.go:104.50,106.16 2 0
github.com/number571/go-peer/cmd/hidden_lake/service/pkg/client/client.go:106.16,108.3 1 0
github.com/number571/go-peer/cmd/hidden_lake/service/pkg/client/client.go:109.2,109.17 1 0
github.com/number571/go-peer/cmd/hidden_lake/service/pkg/client/client.go:112.52,113.57 1 0
github.com/number571/go-peer/cmd/hidden_lake/service/pkg/client/client.go:113.57,115.3 1 0
github.com/number571/go-peer/cmd/hidden_lake/service/pkg/client/client.go:116.2,116.12 1 0
github.com/number571/go-peer/cmd/hidden_lake/service/pkg/client/client.go:119.68,121.16 2 0
github.com/number571/go-peer/cmd/hidden_lake/service/pkg/client/client.go:121.16,123.3 1 0
github.com/number571/go-peer/cmd/hidden_lake/service/pkg/client/client.go:124.2,124.17 1 0
github.com/number571/go-peer/cmd/hidden_lake/service/pkg/client/client.go:127.72,128.72 1 0
github.com/number571/go-peer/cmd/hidden_lake/service/pkg/client/client.go:128.72,130.3 1 0
github.com/number571/go-peer/cmd/hidden_lake/service/pkg/client/client.go:131.2,131.12 1 0
github.com/number571/go-peer/cmd/hidden_lake/service/pkg/client/client.go:134.72,135.72 1 0
github.com/number571/go-peer/cmd/hidden_lake/service/pkg/client/client.go:135.72,137.3 1 0
github.com/number571/go-peer/cmd/hidden_lake/service/pkg/client/client.go:138.2,138.12 1 0
github.com/number571/go-peer/cmd/hidden_lake/service/pkg/client/client.go:141.59,143.16 2 0
github.com/number571/go-peer/cmd/hidden_lake/service/pkg/client/client.go:143.16,145.3 1 0
github.com/number571/go-peer/cmd/hidden_lake/service/pkg/client/client.go:146.2,146.20 1 0
github.com/number571/go-peer/cmd/hidden_lake/service/pkg/client/requester.go:25.66,30.2 1 0
github.com/number571/go-peer/cmd/hidden_lake/service/pkg/client/requester.go:32.49,39.16 2 0
github.com/number571/go-peer/cmd/hidden_lake/service/pkg/client/requester.go:39.16,41.3 1 0
github.com/number571/go-peer/cmd/hidden_lake/service/pkg/client/requester.go:43.2,44.42 2 0
github.com/number571/go-peer/cmd/hidden_lake/service/pkg/client/requester.go:44.42,46.3 1 0
github.com/number571/go-peer/cmd/hidden_lake/service/pkg/client/requester.go:48.2,48.20 1 0
github.com/number571/go-peer/cmd/hidden_lake/service/pkg/client/requester.go:51.68,58.16 2 0
github.com/number571/go-peer/cmd/hidden_lake/service/pkg/client/requester.go:58.16,60.3 1 0
github.com/number571/go-peer/cmd/hidden_lake/service/pkg/client/requester.go:62.2,63.71 2 0
github.com/number571/go-peer/cmd/hidden_lake/service/pkg/client/requester.go:63.71,65.3 1 0
github.com/number571/go-peer/cmd/hidden_lake/service/pkg/client/requester.go:67.2,67.25 1 0
github.com/number571/go-peer/cmd/hidden_lake/service/pkg/client/requester.go:70.54,79.16 3 0
github.com/number571/go-peer/cmd/hidden_lake/service/pkg/client/requester.go:79.16,81.3 1 0
github.com/number571/go-peer/cmd/hidden_lake/service/pkg/client/requester.go:83.2,83.20 1 0
github.com/number571/go-peer/cmd/hidden_lake/service/pkg/client/requester.go:86.62,93.16 2 0
github.com/number571/go-peer/cmd/hidden_lake/service/pkg/client/requester.go:93.16,95.3 1 0
github.com/number571/go-peer/cmd/hidden_lake/service/pkg/client/requester.go:96.2,96.12 1 0
[...]
github.com/number571/go-peer/cmd/hidden_lake/service/pkg/app/app.go:122.45,125.4 2 0
github.com/number571/go-peer/cmd/hidden_lake/service/pkg/app/app.go:128.2,128.12 1 1
github.com/number571/go-peer/cmd/hidden_lake/service/pkg/app/app.go:128.12,136.39 2 1
github.com/number571/go-peer/cmd/hidden_lake/service/pkg/app/app.go:136.39,139.4 2 0
github.com/number571/go-peer/cmd/hidden_lake/service/pkg/app/app.go:142.3,143.23 2 1
github.com/number571/go-peer/cmd/hidden_lake/service/pkg/app/app.go:143.23,145.4 1 0
github.com/number571/go-peer/cmd/hidden_lake/service/pkg/app/app.go:148.3,149.61 2 1
github.com/number571/go-peer/cmd/hidden_lake/service/pkg/app/app.go:149.61,152.4 2 0
github.com/number571/go-peer/cmd/hidden_lake/service/pkg/app/app.go:155.2,155.9 1 1
github.com/number571/go-peer/cmd/hidden_lake/service/pkg/app/app.go:156.20,157.86 1 0
github.com/number571/go-peer/cmd/hidden_lake/service/pkg/app/app.go:158.32,161.13 3 1
github.com/number571/go-peer/cmd/hidden_lake/service/pkg/app/app.go:165.29,169.15 3 1
github.com/number571/go-peer/cmd/hidden_lake/service/pkg/app/app.go:169.15,171.3 1 0
github.com/number571/go-peer/cmd/hidden_lake/service/pkg/app/app.go:172.2,188.16 5 1
github.com/number571/go-peer/cmd/hidden_lake/service/pkg/app/app.go:188.16,190.3 1 0
github.com/number571/go-peer/cmd/hidden_lake/service/pkg/app/app.go:191.2,191.12 1 1
github.com/number571/go-peer/cmd/hidden_lake/service/pkg/app/init_app.go:18.72,23.16 4 0
github.com/number571/go-peer/cmd/hidden_lake/service/pkg/app/init_app.go:23.16,25.3 1 0
github.com/number571/go-peer/cmd/hidden_lake/service/pkg/app/init_app.go:27.2,28.16 2 0
github.com/number571/go-peer/cmd/hidden_lake/service/pkg/app/init_app.go:28.16,30.3 1 0
github.com/number571/go-peer/cmd/hidden_lake/service/pkg/app/init_app.go:32.2,32.61 1 0
github.com/number571/go-peer/cmd/hidden_lake/service/pkg/app/init_app.go:32.61,34.3 1 0
github.com/number571/go-peer/cmd/hidden_lake/service/pkg/app/init_app.go:36.2,36.45 1 0
github.com/number571/go-peer/cmd/hidden_lake/service/pkg/app/init_app.go:39.88,42.23 2 0
github.com/number571/go-peer/cmd/hidden_lake/service/pkg/app/init_app.go:42.23,44.17 2 0
github.com/number571/go-peer/cmd/hidden_lake/service/pkg/app/init_app.go:44.17,46.4 1 0
github.com/number571/go-peer/cmd/hidden_lake/service/pkg/app/init_app.go:47.3,48.21 2 0
github.com/number571/go-peer/cmd/hidden_lake/service/pkg/app/init_app.go:48.21,50.4 1 0
github.com/number571/go-peer/cmd/hidden_lake/service/pkg/app/init_app.go:51.3,51.22 1 0
github.com/number571/go-peer/cmd/hidden_lake/service/pkg/app/init_app.go:54.2,55.66 2 0
github.com/number571/go-peer/cmd/hidden_lake/service/pkg/app/init_app.go:55.66,57.3 1 0
github.com/number571/go-peer/cmd/hidden_lake/service/pkg/app/init_app.go:59.2,59.21 1 0
github.com/number571/go-peer/cmd/hidden_lake/service/pkg/app/init_conn_keeper.go:11.89,14.34 1 1
github.com/number571/go-peer/cmd/hidden_lake/service/pkg/app/init_conn_keeper.go:14.34,14.66 1 1
github.com/number571/go-peer/cmd/hidden_lake/service/pkg/app/init_database.go:12.37,18.16 2 1
github.com/number571/go-peer/cmd/hidden_lake/service/pkg/app/init_database.go:18.16,20.3 1 0
github.com/number571/go-peer/cmd/hidden_lake/service/pkg/app/init_database.go:21.2,22.12 2 1
github.com/number571/go-peer/cmd/hidden_lake/service/pkg/app/init_node.go:19.106,68.34 4 1
github.com/number571/go-peer/cmd/hidden_lake/service/pkg/app/init_node.go:68.34,70.45 2 1
github.com/number571/go-peer/cmd/hidden_lake/service/pkg/app/init_node.go:70.45,72.5 1 0
github.com/number571/go-peer/cmd/hidden_lake/service/pkg/app/init_node.go:73.4,73.14 1 1
github.com/number571/go-peer/cmd/hidden_lake/service/pkg/app/init_pprof.go:5.35,7.2 1 1
github.com/number571/go-peer/cmd/hidden_lake/service/pkg/app/init_service.go:10.34,27.2 11 1
github.com/number571/go-peer/cmd/hidden_lake/service/pkg/app/load_traffic.go:17.38,19.50 2 1
github.com/number571/go-peer/cmd/hidden_lake/service/pkg/app/load_traffic.go:19.50,21.3 1 0
github.com/number571/go-peer/cmd/hidden_lake/service/pkg/app/load_traffic.go:24.86,39.16 4 0
github.com/number571/go-peer/cmd/hidden_lake/service/pkg/app/load_traffic.go:39.16,41.3 1 0
github.com/number571/go-peer/cmd/hidden_lake/service/pkg/app/load_traffic.go:43.2,43.30 1 0
github.com/number571/go-peer/cmd/hidden_lake/service/pkg/app/load_traffic.go:43.30,44.60 1 0
github.com/number571/go-peer/cmd/hidden_lake/service/pkg/app/load_traffic.go:44.60,45.9 1 0
github.com/number571/go-peer/cmd/hidden_lake/service/pkg/app/load_traffic.go:47.3,48.17 2 0
github.com/number571/go-peer/cmd/hidden_lake/service/pkg/app/load_traffic.go:48.17,49.12 1 0
github.com/number571/go-peer/cmd/hidden_lake/service/pkg/app/load_traffic.go:51.3,52.55 2 0
github.com/number571/go-peer/cmd/hidden_lake/service/pkg/app/load_traffic.go:52.55,53.9 1 0
github.com/number571/go-peer/cmd/hidden_lake/service/pkg/app/load_traffic.go:55.3,55.50 1 0
github.com/number571/go-peer/cmd/hidden_lake/service/pkg/app/load_traffic.go:55.50,56.12 1 0
github.com/number571/go-peer/cmd/hidden_lake/traffic/pkg/app/app.go:54.18,83.2 6 1
github.com/number571/go-peer/cmd/hidden_lake/traffic/pkg/app/app.go:85.28,89.14 3 1
github.com/number571/go-peer/cmd/hidden_lake/traffic/pkg/app/app.go:89.14,91.3 1 0
github.com/number571/go-peer/cmd/hidden_lake/traffic/pkg/app/app.go:92.2,97.41 4 1
github.com/number571/go-peer/cmd/hidden_lake/traffic/pkg/app/app.go:97.41,99.3 1 0
github.com/number571/go-peer/cmd/hidden_lake/traffic/pkg/app/app.go:101.2,103.12 2 1
github.com/number571/go-peer/cmd/hidden_lake/traffic/pkg/app/app.go:103.12,104.45 1 1
github.com/number571/go-peer/cmd/hidden_lake/traffic/pkg/app/app.go:104.45,107.4 2 0
github.com/number571/go-peer/cmd/hidden_lake/traffic/pkg/app/app.go:110.2,110.12 1 1
github.com/number571/go-peer/cmd/hidden_lake/traffic/pkg/app/app.go:110.12,111.46 1 1
github.com/number571/go-peer/cmd/hidden_lake/traffic/pkg/app/app.go:111.46,113.4 1 1
github.com/number571/go-peer/cmd/hidden_lake/traffic/pkg/app/app.go:115.3,116.58 2 0
github.com/number571/go-peer/cmd/hidden_lake/traffic/pkg/app/app.go:116.58,119.4 2 0
github.com/number571/go-peer/cmd/hidden_lake/traffic/pkg/app/app.go:122.2,122.12 1 1
github.com/number571/go-peer/cmd/hidden_lake/traffic/pkg/app/app.go:122.12,123.45 1 1
github.com/number571/go-peer/cmd/hidden_lake/traffic/pkg/app/app.go:123.45,125.4 1 0
github.com/number571/go-peer/cmd/hidden_lake/traffic/pkg/app/app.go:127.3,128.58 2 1
github.com/number571/go-peer/cmd/hidden_lake/traffic/pkg/app/app.go:128.58,131.4 2 0
github.com/number571/go-peer/cmd/hidden_lake/traffic/pkg/app/app.go:134.2,134.12 1 1
github.com/number571/go-peer/cmd/hidden_lake/traffic/pkg/app/app.go:134.12,137.23 2 1
github.com/number571/go-peer/cmd/hidden_lake/traffic/pkg/app/app.go:137.23,139.4 1 1
github.com/number571/go-peer/cmd/hidden_lake/traffic/pkg/app/app.go:141.3,141.39 1 0
github.com/number571/go-peer/cmd/hidden_lake/traffic/pkg/app/app.go:141.39,144.4 2 0
github.com/number571/go-peer/cmd/hidden_lake/traffic/pkg/app/app.go:147.2,147.9 1 1
github.com/number571/go-peer/cmd/hidden_lake/traffic/pkg/app/app.go:148.20,149.86 1 0
github.com/number571/go-peer/cmd/hidden_lake/traffic/pkg/app/app.go:150.32,152.13 2 1
github.com/number571/go-peer/cmd/hidden_lake/traffic/pkg/app/app.go:156.29,160.15 3 1
github.com/number571/go-peer/cmd/hidden_lake/traffic/pkg/app/app.go:160.15,162.3 1 0
github.com/number571/go-peer/cmd/hidden_lake/traffic/pkg/app/app.go:163.2,177.16 4 1
github.com/number571/go-peer/cmd/hidden_lake/traffic/pkg/app/app.go:177.16,179.3 1 0
github.com/number571/go-peer/cmd/hidden_lake/traffic/pkg/app/app.go:180.2,180.12 1 1
github.com/number571/go-peer/cmd/hidden_lake/traffic/pkg/app/init_app.go:15.59,19.16 3 0
github.com/number571/go-peer/cmd/hidden_lake/traffic/pkg/app/init_app.go:19.16,21.3 1 0
github.com/number571/go-peer/cmd/hidden_lake/traffic/pkg/app/init_app.go:23.2,23.36 1 0
github.com/number571/go-peer/cmd/hidden_lake/traffic/pkg/app/init_conn_keeper.go:11.87,14.34 1 1
github.com/number571/go-peer/cmd/hidden_lake/traffic/pkg/app/init_conn_keeper.go:14.34,14.66 1 1
github.com/number571/go-peer/cmd/hidden_lake/traffic/pkg/app/init_database.go:12.37,20.56 2 1
github.com/number571/go-peer/cmd/hidden_lake/traffic/pkg/app/init_database.go:20.56,23.3 2 1
github.com/number571/go-peer/cmd/hidden_lake/traffic/pkg/app/init_database.go:25.2,26.16 2 0
github.com/number571/go-peer/cmd/hidden_lake/traffic/pkg/app/init_database.go:26.16,28.3 1 0
github.com/number571/go-peer/cmd/hidden_lake/traffic/pkg/app/init_database.go:30.2,31.12 2 0
github.com/number571/go-peer/cmd/hidden_lake/traffic/pkg/app/init_node.go:16.106,23.24 4 1
github.com/number571/go-peer/cmd/hidden_lake/traffic/pkg/app/init_node.go:23.24,26.3 2 0
github.com/number571/go-peer/cmd/hidden_lake/traffic/pkg/app/init_node.go:28.2,48.3 1 1
github.com/number571/go-peer/cmd/hidden_lake/traffic/pkg/app/init_pprof.go:5.35,7.2 1 1
github.com/number571/go-peer/cmd/hidden_lake/traffic/pkg/app/init_service.go:10.34,21.2 5 1
github.com/number571/go-peer/pkg/network/anonymity/anonymity.go:47.9,58.2 1 1
github.com/number571/go-peer/pkg/network/anonymity/anonymity.go:60.29,61.37 1 1
github.com/number571/go-peer/pkg/network/anonymity/anonymity.go:61.37,63.3 1 1
github.com/number571/go-peer/pkg/network/anonymity/anonymity.go:64.2,68.12 2 1
github.com/number571/go-peer/pkg/network/anonymity/anonymity.go:71.30,73.40 2 1
github.com/number571/go-peer/pkg/network/anonymity/anonymity.go:73.40,75.3 1 1
github.com/number571/go-peer/pkg/network/anonymity/anonymity.go:76.2,76.12 1 1
github.com/number571/go-peer/pkg/network/anonymity/anonymity.go:79.44,81.2 1 1
github.com/number571/go-peer/pkg/network/anonymity/anonymity.go:83.41,85.2 1 1
github.com/number571/go-peer/pkg/network/anonymity/anonymity.go:87.43,89.2 1 1
github.com/number571/go-peer/pkg/network/anonymity/anonymity.go:91.48,93.2 1 1
github.com/number571/go-peer/pkg/network/anonymity/anonymity.go:95.55,97.2 1 1
github.com/number571/go-peer/pkg/network/anonymity/anonymity.go:100.58,102.2 1 1
github.com/number571/go-peer/pkg/network/anonymity/anonymity.go:104.60,108.2 3 1
github.com/number571/go-peer/pkg/network/anonymity/anonymity.go:110.67,113.2 2 1
github.com/number571/go-peer/pkg/network/anonymity/anonymity.go:116.90,118.77 1 1
github.com/number571/go-peer/pkg/network/anonymity/anonymity.go:118.77,120.3 1 1
github.com/number571/go-peer/pkg/network/anonymity/anonymity.go:121.2,121.12 1 1
github.com/number571/go-peer/pkg/network/anonymity/anonymity.go:126.96,139.68 6 1
github.com/number571/go-peer/pkg/network/anonymity/anonymity.go:139.68,141.3 1 1
github.com/number571/go-peer/pkg/network/anonymity/anonymity.go:143.2,144.16 2 1
github.com/number571/go-peer/pkg/network/anonymity/anonymity.go:144.16,146.3 1 1
github.com/number571/go-peer/pkg/network/anonymity/anonymity.go:148.2,148.18 1 1
github.com/number571/go-peer/pkg/network/anonymity/anonymity.go:151.51,152.62 1 1
github.com/number571/go-peer/pkg/network/anonymity/anonymity.go:152.62,153.55 1 1
github.com/number571/go-peer/pkg/network/anonymity/anonymity.go:153.55,155.12 2 1
github.com/number571/go-peer/pkg/network/anonymity/anonymity.go:157.3,157.13 1 1
github.com/number571/go-peer/pkg/network/anonymity/anonymity.go:159.2,159.51 1 1
github.com/number571/go-peer/pkg/network/anonymity/anonymity.go:162.57,164.9 2 1
github.com/number571/go-peer/pkg/network/anonymity/anonymity.go:164.9,166.3 1 1
github.com/number571/go-peer/pkg/network/anonymity/anonymity.go:167.2,167.9 1 1
github.com/number571/go-peer/pkg/network/anonymity/anonymity.go:168.34,169.14 1 1
github.com/number571/go-peer/pkg/network/anonymity/anonymity.go:169.14,171.4 1 1
github.com/number571/go-peer/pkg/network/anonymity/anonymity.go:172.3,172.21 1 1
github.com/number571/go-peer/pkg/network/anonymity/anonymity.go:173.52,174.51 1 1
github.com/number571/go-peer/pkg/network/anonymity/anonymity.go:178.79,186.2 1 1
github.com/number571/go-peer/pkg/network/anonymity/anonymity.go:188.34,189.39 1 1
github.com/number571/go-peer/pkg/network/anonymity/anonymity.go:189.39,191.3 1 1
github.com/number571/go-peer/pkg/network/anonymity/anonymity.go:193.2,193.12 1 1
github.com/number571/go-peer/pkg/network/anonymity/anonymity.go:193.12,194.7 1 1
github.com/number571/go-peer/pkg/network/anonymity/anonymity.go:194.7,196.11 2 1
github.com/number571/go-peer/pkg/network/anonymity/anonymity.go:196.11,197.10 1 1
github.com/number571/go-peer/pkg/network/anonymity/anonymity.go:200.4,204.71 3 1
github.com/number571/go-peer/pkg/network/anonymity/anonymity.go:204.71,206.13 1 1
github.com/number571/go-peer/pkg/network/anonymity/anonymity.go:210.4,214.34 2 1
github.com/number571/go-peer/pkg/network/anonymity/anonymity.go:218.2,218.12 1 1
github.com/number571/go-peer/pkg/network/anonymity/anonymity.go:221.51,222.82 1 1
github.com/number571/go-peer/pkg/network/anonymity/anonymity.go:222.82,235.70 5 1
github.com/number571/go-peer/pkg/network/anonymity/anonymity.go:235.70,237.18 1 1
github.com/number571/go-peer/pkg/network/anonymity/anonymity.go:237.18,239.5 1 0
github.com/number571/go-peer/pkg/network/anonymity/anonymity.go:240.4,240.14 1 1
github.com/number571/go-peer/pkg/network/anonymity/anonymity.go:244.3,245.17 2 1
github.com/number571/go-peer/pkg/network/anonymity/anonymity.go:245.17,248.4 2 1
github.com/number571/go-peer/pkg/network/anonymity/anonymity.go:251.3,254.36 2 1
github.com/number571/go-peer/pkg/network/anonymity/anonymity.go:254.36,257.4 2 1
github.com/number571/go-peer/pkg/network/anonymity/anonymity.go:260.3,263.10 3 1
github.com/number571/go-peer/pkg/network/anonymity/anonymity.go:265.25,269.11 3 1
github.com/number571/go-peer/pkg/network/anonymity/anonymity.go:269.11,272.5 2 1
github.com/number571/go-peer/pkg/network/anonymity/anonymity.go:274.4,276.14 3 1
github.com/number571/go-peer/pkg/network/anonymity/anonymity.go:279.24,282.23 2 1
github.com/number571/go-peer/pkg/network/anonymity/anonymity.go:282.23,285.5 2 1
github.com/number571/go-peer/pkg/network/anonymity/anonymity.go:288.4,289.18 2 1
github.com/number571/go-peer/pkg/network/anonymity/anonymity.go:289.18,292.5 2 1
github.com/number571/go-peer/pkg/network/anonymity/anonymity.go:293.4,293.19 1 1
github.com/number571/go-peer/pkg/network/anonymity/anonymity.go:293.19,296.5 2 1
github.com/number571/go-peer/pkg/network/anonymity/anonymity.go:300.4,301.14 2 1
github.com/number571/go-peer/pkg/network/anonymity/anonymity.go:304.11,306.14 2 1
github.com/number571/go-peer/pkg/network/anonymity/anonymity.go:311.104,317.43 3 1
github.com/number571/go-peer/pkg/network/anonymity/anonymity.go:317.43,320.3 2 1
github.com/number571/go-peer/pkg/network/anonymity/anonymity.go:322.2,327.15 2 1
github.com/number571/go-peer/pkg/network/anonymity/anonymity.go:328.18,330.47 2 1
github.com/number571/go-peer/pkg/network/anonymity/anonymity.go:331.19,333.48 2 1
github.com/number571/go-peer/pkg/network/anonymity/anonymity.go:334.10,336.48 2 1
github.com/number571/go-peer/pkg/network/anonymity/anonymity.go:339.2,341.16 3 1
github.com/number571/go-peer/pkg/network/anonymity/anonymity.go:341.16,344.3 2 1
github.com/number571/go-peer/pkg/network/anonymity/anonymity.go:346.2,359.36 3 1
github.com/number571/go-peer/pkg/network/anonymity/anonymity.go:359.36,362.3 2 1
github.com/number571/go-peer/pkg/network/anonymity/anonymity.go:364.2,365.12 2 1
github.com/number571/go-peer/pkg/network/anonymity/anonymity.go:368.144,369.17 1 1
github.com/number571/go-peer/pkg/network/anonymity/anonymity.go:369.17,372.3 2 1
github.com/number571/go-peer/pkg/network/anonymity/anonymity.go:374.2,388.21 3 1
github.com/number571/go-peer/pkg/network/anonymity/anonymity.go:388.21,391.3 2 1
github.com/number571/go-peer/pkg/network/anonymity/anonymity.go:394.2,396.60 3 1
github.com/number571/go-peer/pkg/network/anonymity/anonymity.go:396.60,399.3 2 1
github.com/number571/go-peer/pkg/network/anonymity/anonymity.go:402.2,409.60 2 1
github.com/number571/go-peer/pkg/network/anonymity/anonymity.go:409.60,412.3 2 0
github.com/number571/go-peer/pkg/network/anonymity/anonymity.go:415.2,415.18 1 1
github.com/number571/go-peer/pkg/network/anonymity/anonymity.go:415.18,417.53 1 1
github.com/number571/go-peer/pkg/network/anonymity/anonymity.go:417.53,420.4 1 0
github.com/number571/go-peer/pkg/network/anonymity/anonymity.go:423.2,423.18 1 1
github.com/number571/go-peer/pkg/network/anonymity/anonymity.go:426.67,428.58 1 1
github.com/number571/go-peer/pkg/network/anonymity/anonymity.go:428.58,430.3 1 0
github.com/number571/go-peer/pkg/network/anonymity/anonymity.go:431.2,431.12 1 1
github.com/number571/go-peer/pkg/network/anonymity/anonymity.go:434.59,439.2 3 1
github.com/number571/go-peer/pkg/network/anonymity/anonymity.go:441.58,447.2 4 1
github.com/number571/go-peer/pkg/network/anonymity/anonymity.go:449.66,455.2 4 1
github.com/number571/go-peer/pkg/network/anonymity/anonymity.go:457.46,462.2 3 1
github.com/number571/go-peer/pkg/network/anonymity/anonymity.go:464.46,469.2 3 1
github.com/number571/go-peer/pkg/network/anonymity/anonymity.go:471.68,474.2 2 1
github.com/number571/go-peer/pkg/network/anonymity/data_type.go:12.36,13.22 1 1
github.com/number571/go-peer/pkg/network/anonymity/data_type.go:13.22,15.3 1 1
github.com/number571/go-peer/pkg/network/anonymity/data_type.go:16.2,16.43 1 1
github.com/number571/go-peer/pkg/network/anonymity/data_type.go:19.37,20.22 1 1
github.com/number571/go-peer/pkg/network/anonymity/data_type.go:20.22,22.3 1 1
github.com/number571/go-peer/pkg/network/anonymity/data_type.go:23.2,23.44 1 1
github.com/number571/go-peer/pkg/network/anonymity/data_type.go:26.40,31.2 1 1
github.com/number571/go-peer/pkg/network/anonymity/data_type.go:33.41,38.2 1 1
github.com/number571/go-peer/pkg/network/anonymity/data_type.go:40.40,41.22 1 1
github.com/number571/go-peer/pkg/network/anonymity/data_type.go:41.22,42.31 1 1
github.com/number571/go-peer/pkg/network/anonymity/data_type.go:44.2,44.19 1 1
github.com/number571/go-peer/pkg/network/anonymity/head.go:18.32,20.2 1 1
github.com/number571/go-peer/pkg/network/anonymity/head.go:22.45,24.2 1 1
github.com/number571/go-peer/pkg/network/anonymity/head.go:26.34,28.2 1 1
github.com/number571/go-peer/pkg/network/anonymity/head.go:30.35,32.2 1 1
github.com/number571/go-peer/pkg/network/anonymity/head.go:34.32,36.2 1 1
github.com/number571/go-peer/pkg/network/anonymity/settings.go:19.46,26.2 1 1
github.com/number571/go-peer/pkg/network/anonymity/settings.go:28.45,29.26 1 1
github.com/number571/go-peer/pkg/network/anonymity/settings.go:29.26,30.32 1 1
github.com/number571/go-peer/pkg/network/anonymity/settings.go:32.2,32.25 1 1
github.com/number571/go-peer/pkg/network/anonymity/settings.go:32.25,33.31 1 1
github.com/number571/go-peer/pkg/network/anonymity/settings.go:35.2,35.27 1 1
github.com/number571/go-peer/pkg/network/anonymity/settings.go:35.27,36.28 1 1
github.com/number571/go-peer/pkg/network/anonymity/settings.go:38.2,38.10 1 1
github.com/number571/go-peer/pkg/network/anonymity/settings.go:41.45,43.2 1 1
github.com/number571/go-peer/pkg/network/anonymity/settings.go:45.54,47.2 1 1
github.com/number571/go-peer/pkg/network/anonymity/settings.go:49.45,51.2 1 1
github.com/number571/go-peer/pkg/network/anonymity/settings.go:53.46,55.2 1 1
github.com/number571/go-peer/pkg/network/anonymity/wrapper.go:20.32,22.2 1 1
github.com/number571/go-peer/pkg/network/anonymity/wrapper.go:24.49,26.9 2 1
github.com/number571/go-peer/pkg/network/anonymity/wrapper.go:26.9,28.3 1 1
github.com/number571/go-peer/pkg/network/anonymity/wrapper.go:29.2,29.11 1 1
github.com/number571/go-peer/pkg/network/anonymity/wrapper.go:32.63,38.2 4 1
github.com/number571/go-peer/pkg/network/anonymity/wrapper.go:40.36,45.9 4 1
github.com/number571/go-peer/pkg/network/anonymity/wrapper.go:45.9,47.3 1 1
github.com/number571/go-peer/pkg/network/anonymity/wrapper.go:49.2,50.35 2 1
github.com/number571/go-peer/pkg/network/anonymity/wrapper.go:50.35,52.3 1 0
github.com/number571/go-peer/pkg/network/anonymity/wrapper.go:53.2,53.12 1 1
